;  LST file generated by mikroListExporter - v.2.0 
; Date/Time: 10/26/2022 8:22:07 PM
;----------------------------------------------

;Address Opcode 	ASM
0x0000	0x2925      	GOTO       293
_DIO_VidSetPortMode:
;DIO_program.c,131 :: 		void DIO_VidSetPortMode(u8 Copy_u8Port, u8 Copy_u8Mode)
;DIO_program.c,133 :: 		switch (Copy_u8Port)
0x0003	0x281E      	GOTO       L_DIO_VidSetPortMode41
;DIO_program.c,135 :: 		case (Port_A):
L_DIO_VidSetPortMode43:
;DIO_program.c,136 :: 		TRISA = Copy_u8Mode;
0x0004	0x1283      	BCF        STATUS, 5
0x0005	0x1303      	BCF        STATUS, 6
0x0006	0x0824      	MOVF       FARG_DIO_VidSetPortMode_Copy_u8Mode, 0
0x0007	0x1683      	BSF        STATUS, 5
0x0008	0x0085      	MOVWF      TRISA
;DIO_program.c,137 :: 		break;
0x0009	0x2834      	GOTO       L_DIO_VidSetPortMode42
;DIO_program.c,138 :: 		case (Port_B):
L_DIO_VidSetPortMode44:
;DIO_program.c,139 :: 		TRISB = Copy_u8Mode;
0x000A	0x1283      	BCF        STATUS, 5
0x000B	0x0824      	MOVF       FARG_DIO_VidSetPortMode_Copy_u8Mode, 0
0x000C	0x1683      	BSF        STATUS, 5
0x000D	0x0086      	MOVWF      TRISB
;DIO_program.c,140 :: 		break;
0x000E	0x2834      	GOTO       L_DIO_VidSetPortMode42
;DIO_program.c,141 :: 		case (Port_C):
L_DIO_VidSetPortMode45:
;DIO_program.c,142 :: 		TRISC = Copy_u8Mode;
0x000F	0x1283      	BCF        STATUS, 5
0x0010	0x0824      	MOVF       FARG_DIO_VidSetPortMode_Copy_u8Mode, 0
0x0011	0x1683      	BSF        STATUS, 5
0x0012	0x0087      	MOVWF      TRISC
;DIO_program.c,143 :: 		break;
0x0013	0x2834      	GOTO       L_DIO_VidSetPortMode42
;DIO_program.c,144 :: 		case (Port_D):
L_DIO_VidSetPortMode46:
;DIO_program.c,145 :: 		TRISD = Copy_u8Mode;
0x0014	0x1283      	BCF        STATUS, 5
0x0015	0x0824      	MOVF       FARG_DIO_VidSetPortMode_Copy_u8Mode, 0
0x0016	0x1683      	BSF        STATUS, 5
0x0017	0x0088      	MOVWF      TRISD
;DIO_program.c,146 :: 		break;
0x0018	0x2834      	GOTO       L_DIO_VidSetPortMode42
;DIO_program.c,147 :: 		case (Port_E):
L_DIO_VidSetPortMode47:
;DIO_program.c,148 :: 		TRISE = Copy_u8Mode;
0x0019	0x1283      	BCF        STATUS, 5
0x001A	0x0824      	MOVF       FARG_DIO_VidSetPortMode_Copy_u8Mode, 0
0x001B	0x1683      	BSF        STATUS, 5
0x001C	0x0089      	MOVWF      TRISE
;DIO_program.c,149 :: 		break;
0x001D	0x2834      	GOTO       L_DIO_VidSetPortMode42
;DIO_program.c,150 :: 		}
L_DIO_VidSetPortMode41:
0x001E	0x1283      	BCF        STATUS, 5
0x001F	0x1303      	BCF        STATUS, 6
0x0020	0x0823      	MOVF       FARG_DIO_VidSetPortMode_Copy_u8Port, 0
0x0021	0x3A01      	XORLW      1
0x0022	0x1903      	BTFSC      STATUS, 2
0x0023	0x2804      	GOTO       L_DIO_VidSetPortMode43
0x0024	0x0823      	MOVF       FARG_DIO_VidSetPortMode_Copy_u8Port, 0
0x0025	0x3A02      	XORLW      2
0x0026	0x1903      	BTFSC      STATUS, 2
0x0027	0x280A      	GOTO       L_DIO_VidSetPortMode44
0x0028	0x0823      	MOVF       FARG_DIO_VidSetPortMode_Copy_u8Port, 0
0x0029	0x3A03      	XORLW      3
0x002A	0x1903      	BTFSC      STATUS, 2
0x002B	0x280F      	GOTO       L_DIO_VidSetPortMode45
0x002C	0x0823      	MOVF       FARG_DIO_VidSetPortMode_Copy_u8Port, 0
0x002D	0x3A04      	XORLW      4
0x002E	0x1903      	BTFSC      STATUS, 2
0x002F	0x2814      	GOTO       L_DIO_VidSetPortMode46
0x0030	0x0823      	MOVF       FARG_DIO_VidSetPortMode_Copy_u8Port, 0
0x0031	0x3A05      	XORLW      5
0x0032	0x1903      	BTFSC      STATUS, 2
0x0033	0x2819      	GOTO       L_DIO_VidSetPortMode47
L_DIO_VidSetPortMode42:
;DIO_program.c,151 :: 		}
L_end_DIO_VidSetPortMode:
0x0034	0x0008      	RETURN
; end of _DIO_VidSetPortMode
_DIO_VidSetPinValue:
;DIO_program.c,58 :: 		void DIO_VidSetPinValue(u8 Copy_u8Port, u8 Copy_u8Pin, u8 Copy_u8Value)
;DIO_program.c,61 :: 		if (Copy_u8Value == LOW)
0x0035	0x1283      	BCF        STATUS, 5
0x0036	0x1303      	BCF        STATUS, 6
0x0037	0x0825      	MOVF       FARG_DIO_VidSetPinValue_Copy_u8Value, 0
0x0038	0x3A00      	XORLW      0
0x0039	0x1D03      	BTFSS      STATUS, 2
0x003A	0x289C      	GOTO       L_DIO_VidSetPinValue17
;DIO_program.c,63 :: 		switch (Copy_u8Port)
0x003B	0x2887      	GOTO       L_DIO_VidSetPinValue18
;DIO_program.c,65 :: 		case (Port_A):
L_DIO_VidSetPinValue20:
;DIO_program.c,66 :: 		CLR_BIT(PORTA, Copy_u8Pin);
0x003C	0x0824      	MOVF       FARG_DIO_VidSetPinValue_Copy_u8Pin, 0
0x003D	0x00F1      	MOVWF      R1
0x003E	0x3001      	MOVLW      1
0x003F	0x00F0      	MOVWF      R0
0x0040	0x0871      	MOVF       R1, 0
L__DIO_VidSetPinValue84:
0x0041	0x1903      	BTFSC      STATUS, 2
0x0042	0x2847      	GOTO       L__DIO_VidSetPinValue85
0x0043	0x0DF0      	RLF        R0, 1
0x0044	0x1070      	BCF        R0, 0
0x0045	0x3EFF      	ADDLW      255
0x0046	0x2841      	GOTO       L__DIO_VidSetPinValue84
L__DIO_VidSetPinValue85:
0x0047	0x09F0      	COMF       R0, 1
0x0048	0x0870      	MOVF       R0, 0
0x0049	0x0585      	ANDWF      PORTA, 1
;DIO_program.c,67 :: 		break;
0x004A	0x289B      	GOTO       L_DIO_VidSetPinValue19
;DIO_program.c,68 :: 		case (Port_B):
L_DIO_VidSetPinValue21:
;DIO_program.c,69 :: 		CLR_BIT(PORTB, Copy_u8Pin);
0x004B	0x0824      	MOVF       FARG_DIO_VidSetPinValue_Copy_u8Pin, 0
0x004C	0x00F1      	MOVWF      R1
0x004D	0x3001      	MOVLW      1
0x004E	0x00F0      	MOVWF      R0
0x004F	0x0871      	MOVF       R1, 0
L__DIO_VidSetPinValue86:
0x0050	0x1903      	BTFSC      STATUS, 2
0x0051	0x2856      	GOTO       L__DIO_VidSetPinValue87
0x0052	0x0DF0      	RLF        R0, 1
0x0053	0x1070      	BCF        R0, 0
0x0054	0x3EFF      	ADDLW      255
0x0055	0x2850      	GOTO       L__DIO_VidSetPinValue86
L__DIO_VidSetPinValue87:
0x0056	0x09F0      	COMF       R0, 1
0x0057	0x0870      	MOVF       R0, 0
0x0058	0x0586      	ANDWF      PORTB, 1
;DIO_program.c,70 :: 		break;
0x0059	0x289B      	GOTO       L_DIO_VidSetPinValue19
;DIO_program.c,71 :: 		case (Port_C):
L_DIO_VidSetPinValue22:
;DIO_program.c,72 :: 		CLR_BIT(PORTC, Copy_u8Pin);
0x005A	0x0824      	MOVF       FARG_DIO_VidSetPinValue_Copy_u8Pin, 0
0x005B	0x00F1      	MOVWF      R1
0x005C	0x3001      	MOVLW      1
0x005D	0x00F0      	MOVWF      R0
0x005E	0x0871      	MOVF       R1, 0
L__DIO_VidSetPinValue88:
0x005F	0x1903      	BTFSC      STATUS, 2
0x0060	0x2865      	GOTO       L__DIO_VidSetPinValue89
0x0061	0x0DF0      	RLF        R0, 1
0x0062	0x1070      	BCF        R0, 0
0x0063	0x3EFF      	ADDLW      255
0x0064	0x285F      	GOTO       L__DIO_VidSetPinValue88
L__DIO_VidSetPinValue89:
0x0065	0x09F0      	COMF       R0, 1
0x0066	0x0870      	MOVF       R0, 0
0x0067	0x0587      	ANDWF      PORTC, 1
;DIO_program.c,73 :: 		break;
0x0068	0x289B      	GOTO       L_DIO_VidSetPinValue19
;DIO_program.c,74 :: 		case (Port_D):
L_DIO_VidSetPinValue23:
;DIO_program.c,75 :: 		CLR_BIT(PORTD, Copy_u8Pin);
0x0069	0x0824      	MOVF       FARG_DIO_VidSetPinValue_Copy_u8Pin, 0
0x006A	0x00F1      	MOVWF      R1
0x006B	0x3001      	MOVLW      1
0x006C	0x00F0      	MOVWF      R0
0x006D	0x0871      	MOVF       R1, 0
L__DIO_VidSetPinValue90:
0x006E	0x1903      	BTFSC      STATUS, 2
0x006F	0x2874      	GOTO       L__DIO_VidSetPinValue91
0x0070	0x0DF0      	RLF        R0, 1
0x0071	0x1070      	BCF        R0, 0
0x0072	0x3EFF      	ADDLW      255
0x0073	0x286E      	GOTO       L__DIO_VidSetPinValue90
L__DIO_VidSetPinValue91:
0x0074	0x09F0      	COMF       R0, 1
0x0075	0x0870      	MOVF       R0, 0
0x0076	0x0588      	ANDWF      PORTD, 1
;DIO_program.c,77 :: 		break;
0x0077	0x289B      	GOTO       L_DIO_VidSetPinValue19
;DIO_program.c,78 :: 		case (Port_E):
L_DIO_VidSetPinValue24:
;DIO_program.c,79 :: 		CLR_BIT(PORTE, Copy_u8Pin);
0x0078	0x0824      	MOVF       FARG_DIO_VidSetPinValue_Copy_u8Pin, 0
0x0079	0x00F1      	MOVWF      R1
0x007A	0x3001      	MOVLW      1
0x007B	0x00F0      	MOVWF      R0
0x007C	0x0871      	MOVF       R1, 0
L__DIO_VidSetPinValue92:
0x007D	0x1903      	BTFSC      STATUS, 2
0x007E	0x2883      	GOTO       L__DIO_VidSetPinValue93
0x007F	0x0DF0      	RLF        R0, 1
0x0080	0x1070      	BCF        R0, 0
0x0081	0x3EFF      	ADDLW      255
0x0082	0x287D      	GOTO       L__DIO_VidSetPinValue92
L__DIO_VidSetPinValue93:
0x0083	0x09F0      	COMF       R0, 1
0x0084	0x0870      	MOVF       R0, 0
0x0085	0x0589      	ANDWF      PORTE, 1
;DIO_program.c,80 :: 		break;
0x0086	0x289B      	GOTO       L_DIO_VidSetPinValue19
;DIO_program.c,81 :: 		}
L_DIO_VidSetPinValue18:
0x0087	0x0823      	MOVF       FARG_DIO_VidSetPinValue_Copy_u8Port, 0
0x0088	0x3A01      	XORLW      1
0x0089	0x1903      	BTFSC      STATUS, 2
0x008A	0x283C      	GOTO       L_DIO_VidSetPinValue20
0x008B	0x0823      	MOVF       FARG_DIO_VidSetPinValue_Copy_u8Port, 0
0x008C	0x3A02      	XORLW      2
0x008D	0x1903      	BTFSC      STATUS, 2
0x008E	0x284B      	GOTO       L_DIO_VidSetPinValue21
0x008F	0x0823      	MOVF       FARG_DIO_VidSetPinValue_Copy_u8Port, 0
0x0090	0x3A03      	XORLW      3
0x0091	0x1903      	BTFSC      STATUS, 2
0x0092	0x285A      	GOTO       L_DIO_VidSetPinValue22
0x0093	0x0823      	MOVF       FARG_DIO_VidSetPinValue_Copy_u8Port, 0
0x0094	0x3A04      	XORLW      4
0x0095	0x1903      	BTFSC      STATUS, 2
0x0096	0x2869      	GOTO       L_DIO_VidSetPinValue23
0x0097	0x0823      	MOVF       FARG_DIO_VidSetPinValue_Copy_u8Port, 0
0x0098	0x3A05      	XORLW      5
0x0099	0x1903      	BTFSC      STATUS, 2
0x009A	0x2878      	GOTO       L_DIO_VidSetPinValue24
L_DIO_VidSetPinValue19:
;DIO_program.c,82 :: 		}
0x009B	0x28FB      	GOTO       L_DIO_VidSetPinValue25
L_DIO_VidSetPinValue17:
;DIO_program.c,84 :: 		else if (Copy_u8Value == HIGH)
0x009C	0x0825      	MOVF       FARG_DIO_VidSetPinValue_Copy_u8Value, 0
0x009D	0x3A01      	XORLW      1
0x009E	0x1D03      	BTFSS      STATUS, 2
0x009F	0x28FB      	GOTO       L_DIO_VidSetPinValue26
;DIO_program.c,86 :: 		switch (Copy_u8Port)
0x00A0	0x28E7      	GOTO       L_DIO_VidSetPinValue27
;DIO_program.c,88 :: 		case (Port_A):
L_DIO_VidSetPinValue29:
;DIO_program.c,89 :: 		SET_BIT(PORTA, Copy_u8Pin);
0x00A1	0x0824      	MOVF       FARG_DIO_VidSetPinValue_Copy_u8Pin, 0
0x00A2	0x00F1      	MOVWF      R1
0x00A3	0x3001      	MOVLW      1
0x00A4	0x00F0      	MOVWF      R0
0x00A5	0x0871      	MOVF       R1, 0
L__DIO_VidSetPinValue94:
0x00A6	0x1903      	BTFSC      STATUS, 2
0x00A7	0x28AC      	GOTO       L__DIO_VidSetPinValue95
0x00A8	0x0DF0      	RLF        R0, 1
0x00A9	0x1070      	BCF        R0, 0
0x00AA	0x3EFF      	ADDLW      255
0x00AB	0x28A6      	GOTO       L__DIO_VidSetPinValue94
L__DIO_VidSetPinValue95:
0x00AC	0x0870      	MOVF       R0, 0
0x00AD	0x0485      	IORWF      PORTA, 1
;DIO_program.c,90 :: 		break;
0x00AE	0x28FB      	GOTO       L_DIO_VidSetPinValue28
;DIO_program.c,91 :: 		case (Port_B):
L_DIO_VidSetPinValue30:
;DIO_program.c,92 :: 		SET_BIT(PORTB, Copy_u8Pin);
0x00AF	0x0824      	MOVF       FARG_DIO_VidSetPinValue_Copy_u8Pin, 0
0x00B0	0x00F1      	MOVWF      R1
0x00B1	0x3001      	MOVLW      1
0x00B2	0x00F0      	MOVWF      R0
0x00B3	0x0871      	MOVF       R1, 0
L__DIO_VidSetPinValue96:
0x00B4	0x1903      	BTFSC      STATUS, 2
0x00B5	0x28BA      	GOTO       L__DIO_VidSetPinValue97
0x00B6	0x0DF0      	RLF        R0, 1
0x00B7	0x1070      	BCF        R0, 0
0x00B8	0x3EFF      	ADDLW      255
0x00B9	0x28B4      	GOTO       L__DIO_VidSetPinValue96
L__DIO_VidSetPinValue97:
0x00BA	0x0870      	MOVF       R0, 0
0x00BB	0x0486      	IORWF      PORTB, 1
;DIO_program.c,93 :: 		break;
0x00BC	0x28FB      	GOTO       L_DIO_VidSetPinValue28
;DIO_program.c,94 :: 		case (Port_C):
L_DIO_VidSetPinValue31:
;DIO_program.c,95 :: 		SET_BIT(PORTC, Copy_u8Pin);
0x00BD	0x0824      	MOVF       FARG_DIO_VidSetPinValue_Copy_u8Pin, 0
0x00BE	0x00F1      	MOVWF      R1
0x00BF	0x3001      	MOVLW      1
0x00C0	0x00F0      	MOVWF      R0
0x00C1	0x0871      	MOVF       R1, 0
L__DIO_VidSetPinValue98:
0x00C2	0x1903      	BTFSC      STATUS, 2
0x00C3	0x28C8      	GOTO       L__DIO_VidSetPinValue99
0x00C4	0x0DF0      	RLF        R0, 1
0x00C5	0x1070      	BCF        R0, 0
0x00C6	0x3EFF      	ADDLW      255
0x00C7	0x28C2      	GOTO       L__DIO_VidSetPinValue98
L__DIO_VidSetPinValue99:
0x00C8	0x0870      	MOVF       R0, 0
0x00C9	0x0487      	IORWF      PORTC, 1
;DIO_program.c,96 :: 		break;
0x00CA	0x28FB      	GOTO       L_DIO_VidSetPinValue28
;DIO_program.c,97 :: 		case (Port_D):
L_DIO_VidSetPinValue32:
;DIO_program.c,98 :: 		SET_BIT(PORTD, Copy_u8Pin);
0x00CB	0x0824      	MOVF       FARG_DIO_VidSetPinValue_Copy_u8Pin, 0
0x00CC	0x00F1      	MOVWF      R1
0x00CD	0x3001      	MOVLW      1
0x00CE	0x00F0      	MOVWF      R0
0x00CF	0x0871      	MOVF       R1, 0
L__DIO_VidSetPinValue100:
0x00D0	0x1903      	BTFSC      STATUS, 2
0x00D1	0x28D6      	GOTO       L__DIO_VidSetPinValue101
0x00D2	0x0DF0      	RLF        R0, 1
0x00D3	0x1070      	BCF        R0, 0
0x00D4	0x3EFF      	ADDLW      255
0x00D5	0x28D0      	GOTO       L__DIO_VidSetPinValue100
L__DIO_VidSetPinValue101:
0x00D6	0x0870      	MOVF       R0, 0
0x00D7	0x0488      	IORWF      PORTD, 1
;DIO_program.c,99 :: 		break;
0x00D8	0x28FB      	GOTO       L_DIO_VidSetPinValue28
;DIO_program.c,100 :: 		case (Port_E):
L_DIO_VidSetPinValue33:
;DIO_program.c,101 :: 		SET_BIT(PORTE, Copy_u8Pin);
0x00D9	0x0824      	MOVF       FARG_DIO_VidSetPinValue_Copy_u8Pin, 0
0x00DA	0x00F1      	MOVWF      R1
0x00DB	0x3001      	MOVLW      1
0x00DC	0x00F0      	MOVWF      R0
0x00DD	0x0871      	MOVF       R1, 0
L__DIO_VidSetPinValue102:
0x00DE	0x1903      	BTFSC      STATUS, 2
0x00DF	0x28E4      	GOTO       L__DIO_VidSetPinValue103
0x00E0	0x0DF0      	RLF        R0, 1
0x00E1	0x1070      	BCF        R0, 0
0x00E2	0x3EFF      	ADDLW      255
0x00E3	0x28DE      	GOTO       L__DIO_VidSetPinValue102
L__DIO_VidSetPinValue103:
0x00E4	0x0870      	MOVF       R0, 0
0x00E5	0x0489      	IORWF      PORTE, 1
;DIO_program.c,102 :: 		break;
0x00E6	0x28FB      	GOTO       L_DIO_VidSetPinValue28
;DIO_program.c,103 :: 		}
L_DIO_VidSetPinValue27:
0x00E7	0x0823      	MOVF       FARG_DIO_VidSetPinValue_Copy_u8Port, 0
0x00E8	0x3A01      	XORLW      1
0x00E9	0x1903      	BTFSC      STATUS, 2
0x00EA	0x28A1      	GOTO       L_DIO_VidSetPinValue29
0x00EB	0x0823      	MOVF       FARG_DIO_VidSetPinValue_Copy_u8Port, 0
0x00EC	0x3A02      	XORLW      2
0x00ED	0x1903      	BTFSC      STATUS, 2
0x00EE	0x28AF      	GOTO       L_DIO_VidSetPinValue30
0x00EF	0x0823      	MOVF       FARG_DIO_VidSetPinValue_Copy_u8Port, 0
0x00F0	0x3A03      	XORLW      3
0x00F1	0x1903      	BTFSC      STATUS, 2
0x00F2	0x28BD      	GOTO       L_DIO_VidSetPinValue31
0x00F3	0x0823      	MOVF       FARG_DIO_VidSetPinValue_Copy_u8Port, 0
0x00F4	0x3A04      	XORLW      4
0x00F5	0x1903      	BTFSC      STATUS, 2
0x00F6	0x28CB      	GOTO       L_DIO_VidSetPinValue32
0x00F7	0x0823      	MOVF       FARG_DIO_VidSetPinValue_Copy_u8Port, 0
0x00F8	0x3A05      	XORLW      5
0x00F9	0x1903      	BTFSC      STATUS, 2
0x00FA	0x28D9      	GOTO       L_DIO_VidSetPinValue33
L_DIO_VidSetPinValue28:
;DIO_program.c,104 :: 		}
L_DIO_VidSetPinValue26:
L_DIO_VidSetPinValue25:
;DIO_program.c,105 :: 		}
L_end_DIO_VidSetPinValue:
0x00FB	0x0008      	RETURN
; end of _DIO_VidSetPinValue
_DIO_VidSetPortValue:
;DIO_program.c,153 :: 		void DIO_VidSetPortValue(u8 Copy_u8Port, u8 Copy_u8Value)
;DIO_program.c,155 :: 		switch (Copy_u8Port)
0x00FC	0x290E      	GOTO       L_DIO_VidSetPortValue48
;DIO_program.c,157 :: 		case (Port_A):
L_DIO_VidSetPortValue50:
;DIO_program.c,158 :: 		PORTA = Copy_u8Value;
0x00FD	0x1283      	BCF        STATUS, 5
0x00FE	0x1303      	BCF        STATUS, 6
0x00FF	0x0824      	MOVF       FARG_DIO_VidSetPortValue_Copy_u8Value, 0
0x0100	0x0085      	MOVWF      PORTA
;DIO_program.c,159 :: 		break;
0x0101	0x2924      	GOTO       L_DIO_VidSetPortValue49
;DIO_program.c,160 :: 		case (Port_B):
L_DIO_VidSetPortValue51:
;DIO_program.c,161 :: 		PORTB = Copy_u8Value;
0x0102	0x0824      	MOVF       FARG_DIO_VidSetPortValue_Copy_u8Value, 0
0x0103	0x0086      	MOVWF      PORTB
;DIO_program.c,162 :: 		break;
0x0104	0x2924      	GOTO       L_DIO_VidSetPortValue49
;DIO_program.c,163 :: 		case (Port_C):
L_DIO_VidSetPortValue52:
;DIO_program.c,164 :: 		PORTC = Copy_u8Value;
0x0105	0x0824      	MOVF       FARG_DIO_VidSetPortValue_Copy_u8Value, 0
0x0106	0x0087      	MOVWF      PORTC
;DIO_program.c,165 :: 		break;
0x0107	0x2924      	GOTO       L_DIO_VidSetPortValue49
;DIO_program.c,166 :: 		case (Port_D):
L_DIO_VidSetPortValue53:
;DIO_program.c,167 :: 		PORTD = Copy_u8Value;
0x0108	0x0824      	MOVF       FARG_DIO_VidSetPortValue_Copy_u8Value, 0
0x0109	0x0088      	MOVWF      PORTD
;DIO_program.c,168 :: 		break;
0x010A	0x2924      	GOTO       L_DIO_VidSetPortValue49
;DIO_program.c,169 :: 		case (Port_E):
L_DIO_VidSetPortValue54:
;DIO_program.c,170 :: 		PORTE = Copy_u8Value;
0x010B	0x0824      	MOVF       FARG_DIO_VidSetPortValue_Copy_u8Value, 0
0x010C	0x0089      	MOVWF      PORTE
;DIO_program.c,171 :: 		break;
0x010D	0x2924      	GOTO       L_DIO_VidSetPortValue49
;DIO_program.c,172 :: 		}
L_DIO_VidSetPortValue48:
0x010E	0x1283      	BCF        STATUS, 5
0x010F	0x1303      	BCF        STATUS, 6
0x0110	0x0823      	MOVF       FARG_DIO_VidSetPortValue_Copy_u8Port, 0
0x0111	0x3A01      	XORLW      1
0x0112	0x1903      	BTFSC      STATUS, 2
0x0113	0x28FD      	GOTO       L_DIO_VidSetPortValue50
0x0114	0x0823      	MOVF       FARG_DIO_VidSetPortValue_Copy_u8Port, 0
0x0115	0x3A02      	XORLW      2
0x0116	0x1903      	BTFSC      STATUS, 2
0x0117	0x2902      	GOTO       L_DIO_VidSetPortValue51
0x0118	0x0823      	MOVF       FARG_DIO_VidSetPortValue_Copy_u8Port, 0
0x0119	0x3A03      	XORLW      3
0x011A	0x1903      	BTFSC      STATUS, 2
0x011B	0x2905      	GOTO       L_DIO_VidSetPortValue52
0x011C	0x0823      	MOVF       FARG_DIO_VidSetPortValue_Copy_u8Port, 0
0x011D	0x3A04      	XORLW      4
0x011E	0x1903      	BTFSC      STATUS, 2
0x011F	0x2908      	GOTO       L_DIO_VidSetPortValue53
0x0120	0x0823      	MOVF       FARG_DIO_VidSetPortValue_Copy_u8Port, 0
0x0121	0x3A05      	XORLW      5
0x0122	0x1903      	BTFSC      STATUS, 2
0x0123	0x290B      	GOTO       L_DIO_VidSetPortValue54
L_DIO_VidSetPortValue49:
;DIO_program.c,173 :: 		}
L_end_DIO_VidSetPortValue:
0x0124	0x0008      	RETURN
; end of _DIO_VidSetPortValue
_main:
;Fata7y_ya_Warda.c,5 :: 		void main()
;Fata7y_ya_Warda.c,8 :: 		DIO_VidSetPortMode(Port_D, Port_OUTPUT);
0x0125	0x3004      	MOVLW      4
0x0126	0x1283      	BCF        STATUS, 5
0x0127	0x1303      	BCF        STATUS, 6
0x0128	0x00A3      	MOVWF      FARG_DIO_VidSetPortMode_Copy_u8Port
0x0129	0x01A4      	CLRF       FARG_DIO_VidSetPortMode_Copy_u8Mode
0x012A	0x2003      	CALL       _DIO_VidSetPortMode
;Fata7y_ya_Warda.c,9 :: 		DIO_VidSetPortValue(Port_D, Port_LOW);
0x012B	0x3004      	MOVLW      4
0x012C	0x1283      	BCF        STATUS, 5
0x012D	0x1303      	BCF        STATUS, 6
0x012E	0x00A3      	MOVWF      FARG_DIO_VidSetPortValue_Copy_u8Port
0x012F	0x01A4      	CLRF       FARG_DIO_VidSetPortValue_Copy_u8Value
0x0130	0x20FC      	CALL       _DIO_VidSetPortValue
;Fata7y_ya_Warda.c,11 :: 		while (1)
L_main0:
;Fata7y_ya_Warda.c,13 :: 		for (i = 0; i < 4; i++)
0x0131	0x01A2      	CLRF       main_i_L0
L_main2:
0x0132	0x3004      	MOVLW      4
0x0133	0x0222      	SUBWF      main_i_L0, 0
0x0134	0x1803      	BTFSC      STATUS, 0
0x0135	0x2955      	GOTO       L_main3
;Fata7y_ya_Warda.c,15 :: 		DIO_VidSetPinValue(Port_D, i, HIGH);
0x0136	0x3004      	MOVLW      4
0x0137	0x00A3      	MOVWF      FARG_DIO_VidSetPinValue_Copy_u8Port
0x0138	0x0822      	MOVF       main_i_L0, 0
0x0139	0x00A4      	MOVWF      FARG_DIO_VidSetPinValue_Copy_u8Pin
0x013A	0x3001      	MOVLW      1
0x013B	0x00A5      	MOVWF      FARG_DIO_VidSetPinValue_Copy_u8Value
0x013C	0x2035      	CALL       _DIO_VidSetPinValue
;Fata7y_ya_Warda.c,16 :: 		DIO_VidSetPinValue(Port_D, 7 - i, HIGH);
0x013D	0x3004      	MOVLW      4
0x013E	0x00A3      	MOVWF      FARG_DIO_VidSetPinValue_Copy_u8Port
0x013F	0x0822      	MOVF       main_i_L0, 0
0x0140	0x3C07      	SUBLW      7
0x0141	0x00A4      	MOVWF      FARG_DIO_VidSetPinValue_Copy_u8Pin
0x0142	0x3001      	MOVLW      1
0x0143	0x00A5      	MOVWF      FARG_DIO_VidSetPinValue_Copy_u8Value
0x0144	0x2035      	CALL       _DIO_VidSetPinValue
;Fata7y_ya_Warda.c,17 :: 		delay_ms(500);
0x0145	0x3006      	MOVLW      6
0x0146	0x00FB      	MOVWF      R11
0x0147	0x3013      	MOVLW      19
0x0148	0x00FC      	MOVWF      R12
0x0149	0x30AD      	MOVLW      173
0x014A	0x00FD      	MOVWF      R13
L_main5:
0x014B	0x0BFD      	DECFSZ     R13, 1
0x014C	0x294B      	GOTO       L_main5
0x014D	0x0BFC      	DECFSZ     R12, 1
0x014E	0x294B      	GOTO       L_main5
0x014F	0x0BFB      	DECFSZ     R11, 1
0x0150	0x294B      	GOTO       L_main5
0x0151	0x0000      	NOP
0x0152	0x0000      	NOP
;Fata7y_ya_Warda.c,13 :: 		for (i = 0; i < 4; i++)
0x0153	0x0AA2      	INCF       main_i_L0, 1
;Fata7y_ya_Warda.c,18 :: 		}
0x0154	0x2932      	GOTO       L_main2
L_main3:
;Fata7y_ya_Warda.c,20 :: 		for (i = 4; i <= 7; i++)
0x0155	0x3004      	MOVLW      4
0x0156	0x00A2      	MOVWF      main_i_L0
L_main6:
0x0157	0x0822      	MOVF       main_i_L0, 0
0x0158	0x3C07      	SUBLW      7
0x0159	0x1C03      	BTFSS      STATUS, 0
0x015A	0x2978      	GOTO       L_main7
;Fata7y_ya_Warda.c,22 :: 		DIO_VidSetPinValue(Port_D, i, LOW);
0x015B	0x3004      	MOVLW      4
0x015C	0x00A3      	MOVWF      FARG_DIO_VidSetPinValue_Copy_u8Port
0x015D	0x0822      	MOVF       main_i_L0, 0
0x015E	0x00A4      	MOVWF      FARG_DIO_VidSetPinValue_Copy_u8Pin
0x015F	0x01A5      	CLRF       FARG_DIO_VidSetPinValue_Copy_u8Value
0x0160	0x2035      	CALL       _DIO_VidSetPinValue
;Fata7y_ya_Warda.c,23 :: 		DIO_VidSetPinValue(Port_D, 7 - i, LOW);
0x0161	0x3004      	MOVLW      4
0x0162	0x00A3      	MOVWF      FARG_DIO_VidSetPinValue_Copy_u8Port
0x0163	0x0822      	MOVF       main_i_L0, 0
0x0164	0x3C07      	SUBLW      7
0x0165	0x00A4      	MOVWF      FARG_DIO_VidSetPinValue_Copy_u8Pin
0x0166	0x01A5      	CLRF       FARG_DIO_VidSetPinValue_Copy_u8Value
0x0167	0x2035      	CALL       _DIO_VidSetPinValue
;Fata7y_ya_Warda.c,24 :: 		delay_ms(500);
0x0168	0x3006      	MOVLW      6
0x0169	0x00FB      	MOVWF      R11
0x016A	0x3013      	MOVLW      19
0x016B	0x00FC      	MOVWF      R12
0x016C	0x30AD      	MOVLW      173
0x016D	0x00FD      	MOVWF      R13
L_main9:
0x016E	0x0BFD      	DECFSZ     R13, 1
0x016F	0x296E      	GOTO       L_main9
0x0170	0x0BFC      	DECFSZ     R12, 1
0x0171	0x296E      	GOTO       L_main9
0x0172	0x0BFB      	DECFSZ     R11, 1
0x0173	0x296E      	GOTO       L_main9
0x0174	0x0000      	NOP
0x0175	0x0000      	NOP
;Fata7y_ya_Warda.c,20 :: 		for (i = 4; i <= 7; i++)
0x0176	0x0AA2      	INCF       main_i_L0, 1
;Fata7y_ya_Warda.c,25 :: 		}
0x0177	0x2957      	GOTO       L_main6
L_main7:
;Fata7y_ya_Warda.c,26 :: 		}
0x0178	0x2931      	GOTO       L_main0
;Fata7y_ya_Warda.c,27 :: 		}
L_end_main:
0x0179	0x2979      	GOTO       $+0
; end of _main
Symbol List:
//** Routines locations **
//ADDRESS    SIZE    PROCEDURE
//----------------------------------------------
0x0003      [50]    _DIO_VidSetPortMode
0x0035     [199]    _DIO_VidSetPinValue
0x00FC      [41]    _DIO_VidSetPortValue
0x0125      [85]    _main
//** Variables locations ** 
//ADDRESS    SIZE    VARIABLE
//----------------------------------------------
0x0000       [1]    INDF
0x0003       [1]    STATUS
0x0004       [1]    FSR
0x000A       [1]    PCLATH
0x0020       [2]    ___DoICPAddr
0x0022       [1]    main_i_L0
0x0023       [1]    FARG_DIO_VidSetPinValue_Copy_u8Port
0x0023       [1]    FARG_DIO_VidSetPortMode_Copy_u8Port
0x0023       [1]    FARG_DIO_VidSetPortValue_Copy_u8Port
0x0024       [1]    FARG_DIO_VidSetPortMode_Copy_u8Mode
0x0024       [1]    FARG_DIO_VidSetPinValue_Copy_u8Pin
0x0024       [1]    FARG_DIO_VidSetPortValue_Copy_u8Value
0x0025       [1]    FARG_DIO_VidSetPinValue_Copy_u8Value
0x0070       [1]    R0
0x0071       [1]    R1
0x0072       [1]    R2
0x0073       [1]    R3
0x0074       [1]    R4
0x0075       [1]    R5
0x0076       [1]    R6
0x0077       [1]    R7
0x0078       [1]    R8
0x0079       [1]    R9
0x007A       [1]    R10
0x007B       [1]    R11
0x007C       [1]    R12
0x007D       [1]    R13
0x007E       [1]    R14
0x007F       [1]    R15
