;  LST file generated by mikroListExporter - v.2.0 
; Date/Time: 12/4/2022 11:19:16 PM
;----------------------------------------------

;Address Opcode 	ASM
0x0000	0x2CF2      	GOTO       1266
_DIO_VidSetPortValue:
;DIO_program.c,173 :: 		void DIO_VidSetPortValue(u8 Copy_u8Port, u8 Copy_u8Value)
;DIO_program.c,175 :: 		switch (Copy_u8Port)
0x0003	0x281E      	GOTO       L_DIO_VidSetPortValue58
;DIO_program.c,177 :: 		case (PORT_A):
L_DIO_VidSetPortValue60:
;DIO_program.c,178 :: 		PORTA = Copy_u8Value;
0x0004	0x1683      	BSF        STATUS, 5
0x0005	0x1303      	BCF        STATUS, 6
0x0006	0x084B      	MOVF       FARG_DIO_VidSetPortValue_Copy_u8Value, 0
0x0007	0x1283      	BCF        STATUS, 5
0x0008	0x0085      	MOVWF      PORTA
;DIO_program.c,179 :: 		break;
0x0009	0x2834      	GOTO       L_DIO_VidSetPortValue59
;DIO_program.c,180 :: 		case (PORT_B):
L_DIO_VidSetPortValue61:
;DIO_program.c,181 :: 		PORTB = Copy_u8Value;
0x000A	0x1683      	BSF        STATUS, 5
0x000B	0x084B      	MOVF       FARG_DIO_VidSetPortValue_Copy_u8Value, 0
0x000C	0x1283      	BCF        STATUS, 5
0x000D	0x0086      	MOVWF      PORTB
;DIO_program.c,182 :: 		break;
0x000E	0x2834      	GOTO       L_DIO_VidSetPortValue59
;DIO_program.c,183 :: 		case (PORT_C):
L_DIO_VidSetPortValue62:
;DIO_program.c,184 :: 		PORTC = Copy_u8Value;
0x000F	0x1683      	BSF        STATUS, 5
0x0010	0x084B      	MOVF       FARG_DIO_VidSetPortValue_Copy_u8Value, 0
0x0011	0x1283      	BCF        STATUS, 5
0x0012	0x0087      	MOVWF      PORTC
;DIO_program.c,185 :: 		break;
0x0013	0x2834      	GOTO       L_DIO_VidSetPortValue59
;DIO_program.c,186 :: 		case (PORT_D):
L_DIO_VidSetPortValue63:
;DIO_program.c,187 :: 		PORTD = Copy_u8Value;
0x0014	0x1683      	BSF        STATUS, 5
0x0015	0x084B      	MOVF       FARG_DIO_VidSetPortValue_Copy_u8Value, 0
0x0016	0x1283      	BCF        STATUS, 5
0x0017	0x0088      	MOVWF      PORTD
;DIO_program.c,188 :: 		break;
0x0018	0x2834      	GOTO       L_DIO_VidSetPortValue59
;DIO_program.c,189 :: 		case (PORT_E):
L_DIO_VidSetPortValue64:
;DIO_program.c,190 :: 		PORTE = Copy_u8Value;
0x0019	0x1683      	BSF        STATUS, 5
0x001A	0x084B      	MOVF       FARG_DIO_VidSetPortValue_Copy_u8Value, 0
0x001B	0x1283      	BCF        STATUS, 5
0x001C	0x0089      	MOVWF      PORTE
;DIO_program.c,191 :: 		break;
0x001D	0x2834      	GOTO       L_DIO_VidSetPortValue59
;DIO_program.c,192 :: 		}
L_DIO_VidSetPortValue58:
0x001E	0x1683      	BSF        STATUS, 5
0x001F	0x1303      	BCF        STATUS, 6
0x0020	0x084A      	MOVF       FARG_DIO_VidSetPortValue_Copy_u8Port, 0
0x0021	0x3A00      	XORLW      0
0x0022	0x1903      	BTFSC      STATUS, 2
0x0023	0x2804      	GOTO       L_DIO_VidSetPortValue60
0x0024	0x084A      	MOVF       FARG_DIO_VidSetPortValue_Copy_u8Port, 0
0x0025	0x3A01      	XORLW      1
0x0026	0x1903      	BTFSC      STATUS, 2
0x0027	0x280A      	GOTO       L_DIO_VidSetPortValue61
0x0028	0x084A      	MOVF       FARG_DIO_VidSetPortValue_Copy_u8Port, 0
0x0029	0x3A02      	XORLW      2
0x002A	0x1903      	BTFSC      STATUS, 2
0x002B	0x280F      	GOTO       L_DIO_VidSetPortValue62
0x002C	0x084A      	MOVF       FARG_DIO_VidSetPortValue_Copy_u8Port, 0
0x002D	0x3A03      	XORLW      3
0x002E	0x1903      	BTFSC      STATUS, 2
0x002F	0x2814      	GOTO       L_DIO_VidSetPortValue63
0x0030	0x084A      	MOVF       FARG_DIO_VidSetPortValue_Copy_u8Port, 0
0x0031	0x3A04      	XORLW      4
0x0032	0x1903      	BTFSC      STATUS, 2
0x0033	0x2819      	GOTO       L_DIO_VidSetPortValue64
L_DIO_VidSetPortValue59:
;DIO_program.c,193 :: 		}
L_end_DIO_VidSetPortValue:
0x0034	0x0008      	RETURN
; end of _DIO_VidSetPortValue
_DIO_VidSetPinValue:
;DIO_program.c,68 :: 		void DIO_VidSetPinValue(u8 Copy_u8Port, u8 Copy_u8Pin, u8 Copy_u8Value)
;DIO_program.c,71 :: 		if (Copy_u8Value == LOW)
0x0035	0x1683      	BSF        STATUS, 5
0x0036	0x1303      	BCF        STATUS, 6
0x0037	0x084C      	MOVF       FARG_DIO_VidSetPinValue_Copy_u8Value, 0
0x0038	0x3A00      	XORLW      0
0x0039	0x1D03      	BTFSS      STATUS, 2
0x003A	0x28A6      	GOTO       L_DIO_VidSetPinValue23
;DIO_program.c,73 :: 		switch (Copy_u8Port)
0x003B	0x2890      	GOTO       L_DIO_VidSetPinValue24
;DIO_program.c,75 :: 		case (PORT_A):
L_DIO_VidSetPinValue26:
;DIO_program.c,76 :: 		CLR_BIT(PORTA, Copy_u8Pin);
0x003C	0x084B      	MOVF       FARG_DIO_VidSetPinValue_Copy_u8Pin, 0
0x003D	0x00F1      	MOVWF      R1
0x003E	0x3001      	MOVLW      1
0x003F	0x00F0      	MOVWF      R0
0x0040	0x0871      	MOVF       R1, 0
L__DIO_VidSetPinValue97:
0x0041	0x1903      	BTFSC      STATUS, 2
0x0042	0x2847      	GOTO       L__DIO_VidSetPinValue98
0x0043	0x0DF0      	RLF        R0, 1
0x0044	0x1070      	BCF        R0, 0
0x0045	0x3EFF      	ADDLW      255
0x0046	0x2841      	GOTO       L__DIO_VidSetPinValue97
L__DIO_VidSetPinValue98:
0x0047	0x09F0      	COMF       R0, 1
0x0048	0x0870      	MOVF       R0, 0
0x0049	0x1283      	BCF        STATUS, 5
0x004A	0x0585      	ANDWF      PORTA, 1
;DIO_program.c,77 :: 		break;
0x004B	0x28A5      	GOTO       L_DIO_VidSetPinValue25
;DIO_program.c,78 :: 		case (PORT_B):
L_DIO_VidSetPinValue27:
;DIO_program.c,79 :: 		CLR_BIT(PORTB, Copy_u8Pin);
0x004C	0x1683      	BSF        STATUS, 5
0x004D	0x084B      	MOVF       FARG_DIO_VidSetPinValue_Copy_u8Pin, 0
0x004E	0x00F1      	MOVWF      R1
0x004F	0x3001      	MOVLW      1
0x0050	0x00F0      	MOVWF      R0
0x0051	0x0871      	MOVF       R1, 0
L__DIO_VidSetPinValue99:
0x0052	0x1903      	BTFSC      STATUS, 2
0x0053	0x2858      	GOTO       L__DIO_VidSetPinValue100
0x0054	0x0DF0      	RLF        R0, 1
0x0055	0x1070      	BCF        R0, 0
0x0056	0x3EFF      	ADDLW      255
0x0057	0x2852      	GOTO       L__DIO_VidSetPinValue99
L__DIO_VidSetPinValue100:
0x0058	0x09F0      	COMF       R0, 1
0x0059	0x0870      	MOVF       R0, 0
0x005A	0x1283      	BCF        STATUS, 5
0x005B	0x0586      	ANDWF      PORTB, 1
;DIO_program.c,80 :: 		break;
0x005C	0x28A5      	GOTO       L_DIO_VidSetPinValue25
;DIO_program.c,81 :: 		case (PORT_C):
L_DIO_VidSetPinValue28:
;DIO_program.c,82 :: 		CLR_BIT(PORTC, Copy_u8Pin);
0x005D	0x1683      	BSF        STATUS, 5
0x005E	0x084B      	MOVF       FARG_DIO_VidSetPinValue_Copy_u8Pin, 0
0x005F	0x00F1      	MOVWF      R1
0x0060	0x3001      	MOVLW      1
0x0061	0x00F0      	MOVWF      R0
0x0062	0x0871      	MOVF       R1, 0
L__DIO_VidSetPinValue101:
0x0063	0x1903      	BTFSC      STATUS, 2
0x0064	0x2869      	GOTO       L__DIO_VidSetPinValue102
0x0065	0x0DF0      	RLF        R0, 1
0x0066	0x1070      	BCF        R0, 0
0x0067	0x3EFF      	ADDLW      255
0x0068	0x2863      	GOTO       L__DIO_VidSetPinValue101
L__DIO_VidSetPinValue102:
0x0069	0x09F0      	COMF       R0, 1
0x006A	0x0870      	MOVF       R0, 0
0x006B	0x1283      	BCF        STATUS, 5
0x006C	0x0587      	ANDWF      PORTC, 1
;DIO_program.c,83 :: 		break;
0x006D	0x28A5      	GOTO       L_DIO_VidSetPinValue25
;DIO_program.c,84 :: 		case (PORT_D):
L_DIO_VidSetPinValue29:
;DIO_program.c,85 :: 		CLR_BIT(PORTD, Copy_u8Pin);
0x006E	0x1683      	BSF        STATUS, 5
0x006F	0x084B      	MOVF       FARG_DIO_VidSetPinValue_Copy_u8Pin, 0
0x0070	0x00F1      	MOVWF      R1
0x0071	0x3001      	MOVLW      1
0x0072	0x00F0      	MOVWF      R0
0x0073	0x0871      	MOVF       R1, 0
L__DIO_VidSetPinValue103:
0x0074	0x1903      	BTFSC      STATUS, 2
0x0075	0x287A      	GOTO       L__DIO_VidSetPinValue104
0x0076	0x0DF0      	RLF        R0, 1
0x0077	0x1070      	BCF        R0, 0
0x0078	0x3EFF      	ADDLW      255
0x0079	0x2874      	GOTO       L__DIO_VidSetPinValue103
L__DIO_VidSetPinValue104:
0x007A	0x09F0      	COMF       R0, 1
0x007B	0x0870      	MOVF       R0, 0
0x007C	0x1283      	BCF        STATUS, 5
0x007D	0x0588      	ANDWF      PORTD, 1
;DIO_program.c,87 :: 		break;
0x007E	0x28A5      	GOTO       L_DIO_VidSetPinValue25
;DIO_program.c,88 :: 		case (PORT_E):
L_DIO_VidSetPinValue30:
;DIO_program.c,89 :: 		CLR_BIT(PORTE, Copy_u8Pin);
0x007F	0x1683      	BSF        STATUS, 5
0x0080	0x084B      	MOVF       FARG_DIO_VidSetPinValue_Copy_u8Pin, 0
0x0081	0x00F1      	MOVWF      R1
0x0082	0x3001      	MOVLW      1
0x0083	0x00F0      	MOVWF      R0
0x0084	0x0871      	MOVF       R1, 0
L__DIO_VidSetPinValue105:
0x0085	0x1903      	BTFSC      STATUS, 2
0x0086	0x288B      	GOTO       L__DIO_VidSetPinValue106
0x0087	0x0DF0      	RLF        R0, 1
0x0088	0x1070      	BCF        R0, 0
0x0089	0x3EFF      	ADDLW      255
0x008A	0x2885      	GOTO       L__DIO_VidSetPinValue105
L__DIO_VidSetPinValue106:
0x008B	0x09F0      	COMF       R0, 1
0x008C	0x0870      	MOVF       R0, 0
0x008D	0x1283      	BCF        STATUS, 5
0x008E	0x0589      	ANDWF      PORTE, 1
;DIO_program.c,90 :: 		break;
0x008F	0x28A5      	GOTO       L_DIO_VidSetPinValue25
;DIO_program.c,91 :: 		}
L_DIO_VidSetPinValue24:
0x0090	0x1683      	BSF        STATUS, 5
0x0091	0x084A      	MOVF       FARG_DIO_VidSetPinValue_Copy_u8Port, 0
0x0092	0x3A00      	XORLW      0
0x0093	0x1903      	BTFSC      STATUS, 2
0x0094	0x283C      	GOTO       L_DIO_VidSetPinValue26
0x0095	0x084A      	MOVF       FARG_DIO_VidSetPinValue_Copy_u8Port, 0
0x0096	0x3A01      	XORLW      1
0x0097	0x1903      	BTFSC      STATUS, 2
0x0098	0x284C      	GOTO       L_DIO_VidSetPinValue27
0x0099	0x084A      	MOVF       FARG_DIO_VidSetPinValue_Copy_u8Port, 0
0x009A	0x3A02      	XORLW      2
0x009B	0x1903      	BTFSC      STATUS, 2
0x009C	0x285D      	GOTO       L_DIO_VidSetPinValue28
0x009D	0x084A      	MOVF       FARG_DIO_VidSetPinValue_Copy_u8Port, 0
0x009E	0x3A03      	XORLW      3
0x009F	0x1903      	BTFSC      STATUS, 2
0x00A0	0x286E      	GOTO       L_DIO_VidSetPinValue29
0x00A1	0x084A      	MOVF       FARG_DIO_VidSetPinValue_Copy_u8Port, 0
0x00A2	0x3A04      	XORLW      4
0x00A3	0x1903      	BTFSC      STATUS, 2
0x00A4	0x287F      	GOTO       L_DIO_VidSetPinValue30
L_DIO_VidSetPinValue25:
;DIO_program.c,92 :: 		}
0x00A5	0x2910      	GOTO       L_DIO_VidSetPinValue31
L_DIO_VidSetPinValue23:
0x00A6	0x1683      	BSF        STATUS, 5
;DIO_program.c,94 :: 		else if (Copy_u8Value == HIGH)
0x00A7	0x084C      	MOVF       FARG_DIO_VidSetPinValue_Copy_u8Value, 0
0x00A8	0x3A01      	XORLW      1
0x00A9	0x1D03      	BTFSS      STATUS, 2
0x00AA	0x2910      	GOTO       L_DIO_VidSetPinValue32
;DIO_program.c,96 :: 		switch (Copy_u8Port)
0x00AB	0x28FB      	GOTO       L_DIO_VidSetPinValue33
;DIO_program.c,98 :: 		case (PORT_A):
L_DIO_VidSetPinValue35:
;DIO_program.c,99 :: 		SET_BIT(PORTA, Copy_u8Pin);
0x00AC	0x084B      	MOVF       FARG_DIO_VidSetPinValue_Copy_u8Pin, 0
0x00AD	0x00F1      	MOVWF      R1
0x00AE	0x3001      	MOVLW      1
0x00AF	0x00F0      	MOVWF      R0
0x00B0	0x0871      	MOVF       R1, 0
L__DIO_VidSetPinValue107:
0x00B1	0x1903      	BTFSC      STATUS, 2
0x00B2	0x28B7      	GOTO       L__DIO_VidSetPinValue108
0x00B3	0x0DF0      	RLF        R0, 1
0x00B4	0x1070      	BCF        R0, 0
0x00B5	0x3EFF      	ADDLW      255
0x00B6	0x28B1      	GOTO       L__DIO_VidSetPinValue107
L__DIO_VidSetPinValue108:
0x00B7	0x0870      	MOVF       R0, 0
0x00B8	0x1283      	BCF        STATUS, 5
0x00B9	0x0485      	IORWF      PORTA, 1
;DIO_program.c,100 :: 		break;
0x00BA	0x2910      	GOTO       L_DIO_VidSetPinValue34
;DIO_program.c,101 :: 		case (PORT_B):
L_DIO_VidSetPinValue36:
;DIO_program.c,102 :: 		SET_BIT(PORTB, Copy_u8Pin);
0x00BB	0x1683      	BSF        STATUS, 5
0x00BC	0x084B      	MOVF       FARG_DIO_VidSetPinValue_Copy_u8Pin, 0
0x00BD	0x00F1      	MOVWF      R1
0x00BE	0x3001      	MOVLW      1
0x00BF	0x00F0      	MOVWF      R0
0x00C0	0x0871      	MOVF       R1, 0
L__DIO_VidSetPinValue109:
0x00C1	0x1903      	BTFSC      STATUS, 2
0x00C2	0x28C7      	GOTO       L__DIO_VidSetPinValue110
0x00C3	0x0DF0      	RLF        R0, 1
0x00C4	0x1070      	BCF        R0, 0
0x00C5	0x3EFF      	ADDLW      255
0x00C6	0x28C1      	GOTO       L__DIO_VidSetPinValue109
L__DIO_VidSetPinValue110:
0x00C7	0x0870      	MOVF       R0, 0
0x00C8	0x1283      	BCF        STATUS, 5
0x00C9	0x0486      	IORWF      PORTB, 1
;DIO_program.c,103 :: 		break;
0x00CA	0x2910      	GOTO       L_DIO_VidSetPinValue34
;DIO_program.c,104 :: 		case (PORT_C):
L_DIO_VidSetPinValue37:
;DIO_program.c,105 :: 		SET_BIT(PORTC, Copy_u8Pin);
0x00CB	0x1683      	BSF        STATUS, 5
0x00CC	0x084B      	MOVF       FARG_DIO_VidSetPinValue_Copy_u8Pin, 0
0x00CD	0x00F1      	MOVWF      R1
0x00CE	0x3001      	MOVLW      1
0x00CF	0x00F0      	MOVWF      R0
0x00D0	0x0871      	MOVF       R1, 0
L__DIO_VidSetPinValue111:
0x00D1	0x1903      	BTFSC      STATUS, 2
0x00D2	0x28D7      	GOTO       L__DIO_VidSetPinValue112
0x00D3	0x0DF0      	RLF        R0, 1
0x00D4	0x1070      	BCF        R0, 0
0x00D5	0x3EFF      	ADDLW      255
0x00D6	0x28D1      	GOTO       L__DIO_VidSetPinValue111
L__DIO_VidSetPinValue112:
0x00D7	0x0870      	MOVF       R0, 0
0x00D8	0x1283      	BCF        STATUS, 5
0x00D9	0x0487      	IORWF      PORTC, 1
;DIO_program.c,106 :: 		break;
0x00DA	0x2910      	GOTO       L_DIO_VidSetPinValue34
;DIO_program.c,107 :: 		case (PORT_D):
L_DIO_VidSetPinValue38:
;DIO_program.c,108 :: 		SET_BIT(PORTD, Copy_u8Pin);
0x00DB	0x1683      	BSF        STATUS, 5
0x00DC	0x084B      	MOVF       FARG_DIO_VidSetPinValue_Copy_u8Pin, 0
0x00DD	0x00F1      	MOVWF      R1
0x00DE	0x3001      	MOVLW      1
0x00DF	0x00F0      	MOVWF      R0
0x00E0	0x0871      	MOVF       R1, 0
L__DIO_VidSetPinValue113:
0x00E1	0x1903      	BTFSC      STATUS, 2
0x00E2	0x28E7      	GOTO       L__DIO_VidSetPinValue114
0x00E3	0x0DF0      	RLF        R0, 1
0x00E4	0x1070      	BCF        R0, 0
0x00E5	0x3EFF      	ADDLW      255
0x00E6	0x28E1      	GOTO       L__DIO_VidSetPinValue113
L__DIO_VidSetPinValue114:
0x00E7	0x0870      	MOVF       R0, 0
0x00E8	0x1283      	BCF        STATUS, 5
0x00E9	0x0488      	IORWF      PORTD, 1
;DIO_program.c,109 :: 		break;
0x00EA	0x2910      	GOTO       L_DIO_VidSetPinValue34
;DIO_program.c,110 :: 		case (PORT_E):
L_DIO_VidSetPinValue39:
;DIO_program.c,111 :: 		SET_BIT(PORTE, Copy_u8Pin);
0x00EB	0x1683      	BSF        STATUS, 5
0x00EC	0x084B      	MOVF       FARG_DIO_VidSetPinValue_Copy_u8Pin, 0
0x00ED	0x00F1      	MOVWF      R1
0x00EE	0x3001      	MOVLW      1
0x00EF	0x00F0      	MOVWF      R0
0x00F0	0x0871      	MOVF       R1, 0
L__DIO_VidSetPinValue115:
0x00F1	0x1903      	BTFSC      STATUS, 2
0x00F2	0x28F7      	GOTO       L__DIO_VidSetPinValue116
0x00F3	0x0DF0      	RLF        R0, 1
0x00F4	0x1070      	BCF        R0, 0
0x00F5	0x3EFF      	ADDLW      255
0x00F6	0x28F1      	GOTO       L__DIO_VidSetPinValue115
L__DIO_VidSetPinValue116:
0x00F7	0x0870      	MOVF       R0, 0
0x00F8	0x1283      	BCF        STATUS, 5
0x00F9	0x0489      	IORWF      PORTE, 1
;DIO_program.c,112 :: 		break;
0x00FA	0x2910      	GOTO       L_DIO_VidSetPinValue34
;DIO_program.c,113 :: 		}
L_DIO_VidSetPinValue33:
0x00FB	0x1683      	BSF        STATUS, 5
0x00FC	0x084A      	MOVF       FARG_DIO_VidSetPinValue_Copy_u8Port, 0
0x00FD	0x3A00      	XORLW      0
0x00FE	0x1903      	BTFSC      STATUS, 2
0x00FF	0x28AC      	GOTO       L_DIO_VidSetPinValue35
0x0100	0x084A      	MOVF       FARG_DIO_VidSetPinValue_Copy_u8Port, 0
0x0101	0x3A01      	XORLW      1
0x0102	0x1903      	BTFSC      STATUS, 2
0x0103	0x28BB      	GOTO       L_DIO_VidSetPinValue36
0x0104	0x084A      	MOVF       FARG_DIO_VidSetPinValue_Copy_u8Port, 0
0x0105	0x3A02      	XORLW      2
0x0106	0x1903      	BTFSC      STATUS, 2
0x0107	0x28CB      	GOTO       L_DIO_VidSetPinValue37
0x0108	0x084A      	MOVF       FARG_DIO_VidSetPinValue_Copy_u8Port, 0
0x0109	0x3A03      	XORLW      3
0x010A	0x1903      	BTFSC      STATUS, 2
0x010B	0x28DB      	GOTO       L_DIO_VidSetPinValue38
0x010C	0x084A      	MOVF       FARG_DIO_VidSetPinValue_Copy_u8Port, 0
0x010D	0x3A04      	XORLW      4
0x010E	0x1903      	BTFSC      STATUS, 2
0x010F	0x28EB      	GOTO       L_DIO_VidSetPinValue39
L_DIO_VidSetPinValue34:
;DIO_program.c,114 :: 		}
L_DIO_VidSetPinValue32:
L_DIO_VidSetPinValue31:
;DIO_program.c,115 :: 		}
L_end_DIO_VidSetPinValue:
0x0110	0x0008      	RETURN
; end of _DIO_VidSetPinValue
_DIO_VidSetPortMode:
;DIO_program.c,141 :: 		void DIO_VidSetPortMode(u8 Copy_u8Port, u8 Copy_u8Mode)
;DIO_program.c,143 :: 		switch (Copy_u8Port)
0x0111	0x292F      	GOTO       L_DIO_VidSetPortMode47
;DIO_program.c,145 :: 		case (PORT_A):
L_DIO_VidSetPortMode49:
;DIO_program.c,146 :: 		TRISA = Copy_u8Mode;
0x0112	0x1683      	BSF        STATUS, 5
0x0113	0x1303      	BCF        STATUS, 6
0x0114	0x0848      	MOVF       FARG_DIO_VidSetPortMode_Copy_u8Mode, 0
0x0115	0x0085      	MOVWF      TRISA
;DIO_program.c,147 :: 		break;
0x0116	0x2945      	GOTO       L_DIO_VidSetPortMode48
;DIO_program.c,148 :: 		case (PORT_B):
L_DIO_VidSetPortMode50:
;DIO_program.c,149 :: 		switch (Copy_u8Mode)
0x0117	0x2920      	GOTO       L_DIO_VidSetPortMode51
;DIO_program.c,151 :: 		case (PORT_INPUT_PULLUP):
L_DIO_VidSetPortMode53:
;DIO_program.c,152 :: 		CLR_BIT(OPTION_REG, RBPU);
0x0118	0x1381      	BCF        OPTION_REG, 7
;DIO_program.c,153 :: 		TRISB = Copy_u8Mode;
0x0119	0x0848      	MOVF       FARG_DIO_VidSetPortMode_Copy_u8Mode, 0
0x011A	0x0086      	MOVWF      TRISB
;DIO_program.c,154 :: 		break;
0x011B	0x2925      	GOTO       L_DIO_VidSetPortMode52
;DIO_program.c,155 :: 		default:
L_DIO_VidSetPortMode54:
;DIO_program.c,156 :: 		SET_BIT(OPTION_REG, RBPU);
0x011C	0x1781      	BSF        OPTION_REG, 7
;DIO_program.c,157 :: 		TRISB = Copy_u8Mode;
0x011D	0x0848      	MOVF       FARG_DIO_VidSetPortMode_Copy_u8Mode, 0
0x011E	0x0086      	MOVWF      TRISB
;DIO_program.c,158 :: 		break;
0x011F	0x2925      	GOTO       L_DIO_VidSetPortMode52
;DIO_program.c,159 :: 		}
L_DIO_VidSetPortMode51:
0x0120	0x0848      	MOVF       FARG_DIO_VidSetPortMode_Copy_u8Mode, 0
0x0121	0x3AFF      	XORLW      255
0x0122	0x1903      	BTFSC      STATUS, 2
0x0123	0x2918      	GOTO       L_DIO_VidSetPortMode53
0x0124	0x291C      	GOTO       L_DIO_VidSetPortMode54
L_DIO_VidSetPortMode52:
;DIO_program.c,160 :: 		break;
0x0125	0x2945      	GOTO       L_DIO_VidSetPortMode48
;DIO_program.c,161 :: 		case (PORT_C):
L_DIO_VidSetPortMode55:
;DIO_program.c,162 :: 		TRISC = Copy_u8Mode;
0x0126	0x0848      	MOVF       FARG_DIO_VidSetPortMode_Copy_u8Mode, 0
0x0127	0x0087      	MOVWF      TRISC
;DIO_program.c,163 :: 		break;
0x0128	0x2945      	GOTO       L_DIO_VidSetPortMode48
;DIO_program.c,164 :: 		case (PORT_D):
L_DIO_VidSetPortMode56:
;DIO_program.c,165 :: 		TRISD = Copy_u8Mode;
0x0129	0x0848      	MOVF       FARG_DIO_VidSetPortMode_Copy_u8Mode, 0
0x012A	0x0088      	MOVWF      TRISD
;DIO_program.c,166 :: 		break;
0x012B	0x2945      	GOTO       L_DIO_VidSetPortMode48
;DIO_program.c,167 :: 		case (PORT_E):
L_DIO_VidSetPortMode57:
;DIO_program.c,168 :: 		TRISE = Copy_u8Mode;
0x012C	0x0848      	MOVF       FARG_DIO_VidSetPortMode_Copy_u8Mode, 0
0x012D	0x0089      	MOVWF      TRISE
;DIO_program.c,169 :: 		break;
0x012E	0x2945      	GOTO       L_DIO_VidSetPortMode48
;DIO_program.c,170 :: 		}
L_DIO_VidSetPortMode47:
0x012F	0x1683      	BSF        STATUS, 5
0x0130	0x1303      	BCF        STATUS, 6
0x0131	0x0847      	MOVF       FARG_DIO_VidSetPortMode_Copy_u8Port, 0
0x0132	0x3A00      	XORLW      0
0x0133	0x1903      	BTFSC      STATUS, 2
0x0134	0x2912      	GOTO       L_DIO_VidSetPortMode49
0x0135	0x0847      	MOVF       FARG_DIO_VidSetPortMode_Copy_u8Port, 0
0x0136	0x3A01      	XORLW      1
0x0137	0x1903      	BTFSC      STATUS, 2
0x0138	0x2917      	GOTO       L_DIO_VidSetPortMode50
0x0139	0x0847      	MOVF       FARG_DIO_VidSetPortMode_Copy_u8Port, 0
0x013A	0x3A02      	XORLW      2
0x013B	0x1903      	BTFSC      STATUS, 2
0x013C	0x2926      	GOTO       L_DIO_VidSetPortMode55
0x013D	0x0847      	MOVF       FARG_DIO_VidSetPortMode_Copy_u8Port, 0
0x013E	0x3A03      	XORLW      3
0x013F	0x1903      	BTFSC      STATUS, 2
0x0140	0x2929      	GOTO       L_DIO_VidSetPortMode56
0x0141	0x0847      	MOVF       FARG_DIO_VidSetPortMode_Copy_u8Port, 0
0x0142	0x3A04      	XORLW      4
0x0143	0x1903      	BTFSC      STATUS, 2
0x0144	0x292C      	GOTO       L_DIO_VidSetPortMode57
L_DIO_VidSetPortMode48:
;DIO_program.c,171 :: 		}
L_end_DIO_VidSetPortMode:
0x0145	0x0008      	RETURN
; end of _DIO_VidSetPortMode
_DIO_VidGetPinValue:
;DIO_program.c,118 :: 		void DIO_VidGetPinValue(u8 Copy_u8Port, u8 Copy_u8Pin, u8 *Copy_Pu8PinValue)
;DIO_program.c,120 :: 		switch (Copy_u8Port)
0x0146	0x29AE      	GOTO       L_DIO_VidGetPinValue40
;DIO_program.c,122 :: 		case (PORT_A):
L_DIO_VidGetPinValue42:
;DIO_program.c,123 :: 		*Copy_Pu8PinValue = GET_BIT(PORTA, Copy_u8Pin);
0x0147	0x1683      	BSF        STATUS, 5
0x0148	0x1303      	BCF        STATUS, 6
0x0149	0x0848      	MOVF       FARG_DIO_VidGetPinValue_Copy_u8Pin, 0
0x014A	0x00F1      	MOVWF      R1
0x014B	0x1283      	BCF        STATUS, 5
0x014C	0x0805      	MOVF       PORTA, 0
0x014D	0x00F0      	MOVWF      R0
0x014E	0x0871      	MOVF       R1, 0
L__DIO_VidGetPinValue118:
0x014F	0x1903      	BTFSC      STATUS, 2
0x0150	0x2955      	GOTO       L__DIO_VidGetPinValue119
0x0151	0x0CF0      	RRF        R0, 1
0x0152	0x13F0      	BCF        R0, 7
0x0153	0x3EFF      	ADDLW      255
0x0154	0x294F      	GOTO       L__DIO_VidGetPinValue118
L__DIO_VidGetPinValue119:
0x0155	0x1303      	BCF        STATUS, 6
0x0156	0x3001      	MOVLW      1
0x0157	0x05F0      	ANDWF      R0, 1
0x0158	0x1683      	BSF        STATUS, 5
0x0159	0x0849      	MOVF       FARG_DIO_VidGetPinValue_Copy_Pu8PinValue, 0
0x015A	0x0084      	MOVWF      FSR
0x015B	0x0870      	MOVF       R0, 0
0x015C	0x0080      	MOVWF      INDF
;DIO_program.c,124 :: 		break;
0x015D	0x29C4      	GOTO       L_DIO_VidGetPinValue41
;DIO_program.c,125 :: 		case (PORT_B):
L_DIO_VidGetPinValue43:
;DIO_program.c,126 :: 		*Copy_Pu8PinValue = GET_BIT(PORTB, Copy_u8Pin);
0x015E	0x0848      	MOVF       FARG_DIO_VidGetPinValue_Copy_u8Pin, 0
0x015F	0x00F1      	MOVWF      R1
0x0160	0x1283      	BCF        STATUS, 5
0x0161	0x0806      	MOVF       PORTB, 0
0x0162	0x00F0      	MOVWF      R0
0x0163	0x0871      	MOVF       R1, 0
L__DIO_VidGetPinValue120:
0x0164	0x1903      	BTFSC      STATUS, 2
0x0165	0x296A      	GOTO       L__DIO_VidGetPinValue121
0x0166	0x0CF0      	RRF        R0, 1
0x0167	0x13F0      	BCF        R0, 7
0x0168	0x3EFF      	ADDLW      255
0x0169	0x2964      	GOTO       L__DIO_VidGetPinValue120
L__DIO_VidGetPinValue121:
0x016A	0x3001      	MOVLW      1
0x016B	0x05F0      	ANDWF      R0, 1
0x016C	0x1683      	BSF        STATUS, 5
0x016D	0x0849      	MOVF       FARG_DIO_VidGetPinValue_Copy_Pu8PinValue, 0
0x016E	0x0084      	MOVWF      FSR
0x016F	0x0870      	MOVF       R0, 0
0x0170	0x0080      	MOVWF      INDF
;DIO_program.c,127 :: 		break;
0x0171	0x29C4      	GOTO       L_DIO_VidGetPinValue41
;DIO_program.c,128 :: 		case (PORT_C):
L_DIO_VidGetPinValue44:
;DIO_program.c,129 :: 		*Copy_Pu8PinValue = GET_BIT(PORTC, Copy_u8Pin);
0x0172	0x0848      	MOVF       FARG_DIO_VidGetPinValue_Copy_u8Pin, 0
0x0173	0x00F1      	MOVWF      R1
0x0174	0x1283      	BCF        STATUS, 5
0x0175	0x0807      	MOVF       PORTC, 0
0x0176	0x00F0      	MOVWF      R0
0x0177	0x0871      	MOVF       R1, 0
L__DIO_VidGetPinValue122:
0x0178	0x1903      	BTFSC      STATUS, 2
0x0179	0x297E      	GOTO       L__DIO_VidGetPinValue123
0x017A	0x0CF0      	RRF        R0, 1
0x017B	0x13F0      	BCF        R0, 7
0x017C	0x3EFF      	ADDLW      255
0x017D	0x2978      	GOTO       L__DIO_VidGetPinValue122
L__DIO_VidGetPinValue123:
0x017E	0x3001      	MOVLW      1
0x017F	0x05F0      	ANDWF      R0, 1
0x0180	0x1683      	BSF        STATUS, 5
0x0181	0x0849      	MOVF       FARG_DIO_VidGetPinValue_Copy_Pu8PinValue, 0
0x0182	0x0084      	MOVWF      FSR
0x0183	0x0870      	MOVF       R0, 0
0x0184	0x0080      	MOVWF      INDF
;DIO_program.c,130 :: 		break;
0x0185	0x29C4      	GOTO       L_DIO_VidGetPinValue41
;DIO_program.c,131 :: 		case (PORT_D):
L_DIO_VidGetPinValue45:
;DIO_program.c,132 :: 		*Copy_Pu8PinValue = GET_BIT(PORTD, Copy_u8Pin);
0x0186	0x0848      	MOVF       FARG_DIO_VidGetPinValue_Copy_u8Pin, 0
0x0187	0x00F1      	MOVWF      R1
0x0188	0x1283      	BCF        STATUS, 5
0x0189	0x0808      	MOVF       PORTD, 0
0x018A	0x00F0      	MOVWF      R0
0x018B	0x0871      	MOVF       R1, 0
L__DIO_VidGetPinValue124:
0x018C	0x1903      	BTFSC      STATUS, 2
0x018D	0x2992      	GOTO       L__DIO_VidGetPinValue125
0x018E	0x0CF0      	RRF        R0, 1
0x018F	0x13F0      	BCF        R0, 7
0x0190	0x3EFF      	ADDLW      255
0x0191	0x298C      	GOTO       L__DIO_VidGetPinValue124
L__DIO_VidGetPinValue125:
0x0192	0x3001      	MOVLW      1
0x0193	0x05F0      	ANDWF      R0, 1
0x0194	0x1683      	BSF        STATUS, 5
0x0195	0x0849      	MOVF       FARG_DIO_VidGetPinValue_Copy_Pu8PinValue, 0
0x0196	0x0084      	MOVWF      FSR
0x0197	0x0870      	MOVF       R0, 0
0x0198	0x0080      	MOVWF      INDF
;DIO_program.c,133 :: 		break;
0x0199	0x29C4      	GOTO       L_DIO_VidGetPinValue41
;DIO_program.c,134 :: 		case (PORT_E):
L_DIO_VidGetPinValue46:
;DIO_program.c,135 :: 		*Copy_Pu8PinValue = GET_BIT(PORTE, Copy_u8Pin);
0x019A	0x0848      	MOVF       FARG_DIO_VidGetPinValue_Copy_u8Pin, 0
0x019B	0x00F1      	MOVWF      R1
0x019C	0x1283      	BCF        STATUS, 5
0x019D	0x0809      	MOVF       PORTE, 0
0x019E	0x00F0      	MOVWF      R0
0x019F	0x0871      	MOVF       R1, 0
L__DIO_VidGetPinValue126:
0x01A0	0x1903      	BTFSC      STATUS, 2
0x01A1	0x29A6      	GOTO       L__DIO_VidGetPinValue127
0x01A2	0x0CF0      	RRF        R0, 1
0x01A3	0x13F0      	BCF        R0, 7
0x01A4	0x3EFF      	ADDLW      255
0x01A5	0x29A0      	GOTO       L__DIO_VidGetPinValue126
L__DIO_VidGetPinValue127:
0x01A6	0x3001      	MOVLW      1
0x01A7	0x05F0      	ANDWF      R0, 1
0x01A8	0x1683      	BSF        STATUS, 5
0x01A9	0x0849      	MOVF       FARG_DIO_VidGetPinValue_Copy_Pu8PinValue, 0
0x01AA	0x0084      	MOVWF      FSR
0x01AB	0x0870      	MOVF       R0, 0
0x01AC	0x0080      	MOVWF      INDF
;DIO_program.c,136 :: 		break;
0x01AD	0x29C4      	GOTO       L_DIO_VidGetPinValue41
;DIO_program.c,137 :: 		}
L_DIO_VidGetPinValue40:
0x01AE	0x1683      	BSF        STATUS, 5
0x01AF	0x1303      	BCF        STATUS, 6
0x01B0	0x0847      	MOVF       FARG_DIO_VidGetPinValue_Copy_u8Port, 0
0x01B1	0x3A00      	XORLW      0
0x01B2	0x1903      	BTFSC      STATUS, 2
0x01B3	0x2947      	GOTO       L_DIO_VidGetPinValue42
0x01B4	0x0847      	MOVF       FARG_DIO_VidGetPinValue_Copy_u8Port, 0
0x01B5	0x3A01      	XORLW      1
0x01B6	0x1903      	BTFSC      STATUS, 2
0x01B7	0x295E      	GOTO       L_DIO_VidGetPinValue43
0x01B8	0x0847      	MOVF       FARG_DIO_VidGetPinValue_Copy_u8Port, 0
0x01B9	0x3A02      	XORLW      2
0x01BA	0x1903      	BTFSC      STATUS, 2
0x01BB	0x2972      	GOTO       L_DIO_VidGetPinValue44
0x01BC	0x0847      	MOVF       FARG_DIO_VidGetPinValue_Copy_u8Port, 0
0x01BD	0x3A03      	XORLW      3
0x01BE	0x1903      	BTFSC      STATUS, 2
0x01BF	0x2986      	GOTO       L_DIO_VidGetPinValue45
0x01C0	0x0847      	MOVF       FARG_DIO_VidGetPinValue_Copy_u8Port, 0
0x01C1	0x3A04      	XORLW      4
0x01C2	0x1903      	BTFSC      STATUS, 2
0x01C3	0x299A      	GOTO       L_DIO_VidGetPinValue46
L_DIO_VidGetPinValue41:
;DIO_program.c,138 :: 		}
L_end_DIO_VidGetPinValue:
0x01C4	0x0008      	RETURN
; end of _DIO_VidGetPinValue
_CLCD_VidSendData:
;CLCD_program.c,64 :: 		void CLCD_VidSendData(u8 Copy_u8Data) /* Function to send data to CLCD */
;CLCD_program.c,68 :: 		DIO_VidSetPortValue(CLCD_DATA_PORT, Copy_u8Data & 0xF0);
0x01C5	0x3003      	MOVLW      3
0x01C6	0x1683      	BSF        STATUS, 5
0x01C7	0x1303      	BCF        STATUS, 6
0x01C8	0x00CA      	MOVWF      FARG_DIO_VidSetPortValue_Copy_u8Port
0x01C9	0x30F0      	MOVLW      240
0x01CA	0x0547      	ANDWF      FARG_CLCD_VidSendData_Copy_u8Data, 0
0x01CB	0x00CB      	MOVWF      FARG_DIO_VidSetPortValue_Copy_u8Value
0x01CC	0x2003      	CALL       _DIO_VidSetPortValue
;CLCD_program.c,71 :: 		DIO_VidSetPinValue(CLCD_CTRL_PORT, CLCD_RS_PIN, HIGH);
0x01CD	0x3003      	MOVLW      3
0x01CE	0x1683      	BSF        STATUS, 5
0x01CF	0x1303      	BCF        STATUS, 6
0x01D0	0x00CA      	MOVWF      FARG_DIO_VidSetPinValue_Copy_u8Port
0x01D1	0x01CB      	CLRF       FARG_DIO_VidSetPinValue_Copy_u8Pin
0x01D2	0x3001      	MOVLW      1
0x01D3	0x00CC      	MOVWF      FARG_DIO_VidSetPinValue_Copy_u8Value
0x01D4	0x2035      	CALL       _DIO_VidSetPinValue
;CLCD_program.c,74 :: 		DIO_VidSetPinValue(CLCD_CTRL_PORT, CLCD_RW_PIN, LOW);
0x01D5	0x3003      	MOVLW      3
0x01D6	0x1683      	BSF        STATUS, 5
0x01D7	0x1303      	BCF        STATUS, 6
0x01D8	0x00CA      	MOVWF      FARG_DIO_VidSetPinValue_Copy_u8Port
0x01D9	0x3001      	MOVLW      1
0x01DA	0x00CB      	MOVWF      FARG_DIO_VidSetPinValue_Copy_u8Pin
0x01DB	0x01CC      	CLRF       FARG_DIO_VidSetPinValue_Copy_u8Value
0x01DC	0x2035      	CALL       _DIO_VidSetPinValue
;CLCD_program.c,77 :: 		DIO_VidSetPinValue(CLCD_CTRL_PORT, CLCD_EN_PIN, HIGH);
0x01DD	0x3003      	MOVLW      3
0x01DE	0x1683      	BSF        STATUS, 5
0x01DF	0x1303      	BCF        STATUS, 6
0x01E0	0x00CA      	MOVWF      FARG_DIO_VidSetPinValue_Copy_u8Port
0x01E1	0x3002      	MOVLW      2
0x01E2	0x00CB      	MOVWF      FARG_DIO_VidSetPinValue_Copy_u8Pin
0x01E3	0x3001      	MOVLW      1
0x01E4	0x00CC      	MOVWF      FARG_DIO_VidSetPinValue_Copy_u8Value
0x01E5	0x2035      	CALL       _DIO_VidSetPinValue
;CLCD_program.c,80 :: 		delay_ms(2);
0x01E6	0x300B      	MOVLW      11
0x01E7	0x1283      	BCF        STATUS, 5
0x01E8	0x1303      	BCF        STATUS, 6
0x01E9	0x00FC      	MOVWF      R12
0x01EA	0x3062      	MOVLW      98
0x01EB	0x00FD      	MOVWF      R13
L_CLCD_VidSendData3:
0x01EC	0x0BFD      	DECFSZ     R13, 1
0x01ED	0x29EC      	GOTO       L_CLCD_VidSendData3
0x01EE	0x0BFC      	DECFSZ     R12, 1
0x01EF	0x29EC      	GOTO       L_CLCD_VidSendData3
0x01F0	0x0000      	NOP
;CLCD_program.c,83 :: 		DIO_VidSetPinValue(CLCD_CTRL_PORT, CLCD_EN_PIN, LOW);
0x01F1	0x3003      	MOVLW      3
0x01F2	0x1683      	BSF        STATUS, 5
0x01F3	0x00CA      	MOVWF      FARG_DIO_VidSetPinValue_Copy_u8Port
0x01F4	0x3002      	MOVLW      2
0x01F5	0x00CB      	MOVWF      FARG_DIO_VidSetPinValue_Copy_u8Pin
0x01F6	0x01CC      	CLRF       FARG_DIO_VidSetPinValue_Copy_u8Value
0x01F7	0x2035      	CALL       _DIO_VidSetPinValue
;CLCD_program.c,86 :: 		delay_us(200);
0x01F8	0x3002      	MOVLW      2
0x01F9	0x1283      	BCF        STATUS, 5
0x01FA	0x1303      	BCF        STATUS, 6
0x01FB	0x00FC      	MOVWF      R12
0x01FC	0x3008      	MOVLW      8
0x01FD	0x00FD      	MOVWF      R13
L_CLCD_VidSendData4:
0x01FE	0x0BFD      	DECFSZ     R13, 1
0x01FF	0x29FE      	GOTO       L_CLCD_VidSendData4
0x0200	0x0BFC      	DECFSZ     R12, 1
0x0201	0x29FE      	GOTO       L_CLCD_VidSendData4
0x0202	0x0000      	NOP
;CLCD_program.c,89 :: 		DIO_VidSetPortValue(CLCD_DATA_PORT, (Copy_u8Data << 4) & 0xF0);
0x0203	0x3003      	MOVLW      3
0x0204	0x1683      	BSF        STATUS, 5
0x0205	0x00CA      	MOVWF      FARG_DIO_VidSetPortValue_Copy_u8Port
0x0206	0x0847      	MOVF       FARG_CLCD_VidSendData_Copy_u8Data, 0
0x0207	0x00CB      	MOVWF      FARG_DIO_VidSetPortValue_Copy_u8Value
0x0208	0x0DCB      	RLF        FARG_DIO_VidSetPortValue_Copy_u8Value, 1
0x0209	0x104B      	BCF        FARG_DIO_VidSetPortValue_Copy_u8Value, 0
0x020A	0x0DCB      	RLF        FARG_DIO_VidSetPortValue_Copy_u8Value, 1
0x020B	0x104B      	BCF        FARG_DIO_VidSetPortValue_Copy_u8Value, 0
0x020C	0x0DCB      	RLF        FARG_DIO_VidSetPortValue_Copy_u8Value, 1
0x020D	0x104B      	BCF        FARG_DIO_VidSetPortValue_Copy_u8Value, 0
0x020E	0x0DCB      	RLF        FARG_DIO_VidSetPortValue_Copy_u8Value, 1
0x020F	0x104B      	BCF        FARG_DIO_VidSetPortValue_Copy_u8Value, 0
0x0210	0x30F0      	MOVLW      240
0x0211	0x05CB      	ANDWF      FARG_DIO_VidSetPortValue_Copy_u8Value, 1
0x0212	0x2003      	CALL       _DIO_VidSetPortValue
;CLCD_program.c,92 :: 		DIO_VidSetPinValue(CLCD_CTRL_PORT, CLCD_RS_PIN, HIGH);
0x0213	0x3003      	MOVLW      3
0x0214	0x1683      	BSF        STATUS, 5
0x0215	0x1303      	BCF        STATUS, 6
0x0216	0x00CA      	MOVWF      FARG_DIO_VidSetPinValue_Copy_u8Port
0x0217	0x01CB      	CLRF       FARG_DIO_VidSetPinValue_Copy_u8Pin
0x0218	0x3001      	MOVLW      1
0x0219	0x00CC      	MOVWF      FARG_DIO_VidSetPinValue_Copy_u8Value
0x021A	0x2035      	CALL       _DIO_VidSetPinValue
;CLCD_program.c,95 :: 		DIO_VidSetPinValue(CLCD_CTRL_PORT, CLCD_RW_PIN, LOW);
0x021B	0x3003      	MOVLW      3
0x021C	0x1683      	BSF        STATUS, 5
0x021D	0x1303      	BCF        STATUS, 6
0x021E	0x00CA      	MOVWF      FARG_DIO_VidSetPinValue_Copy_u8Port
0x021F	0x3001      	MOVLW      1
0x0220	0x00CB      	MOVWF      FARG_DIO_VidSetPinValue_Copy_u8Pin
0x0221	0x01CC      	CLRF       FARG_DIO_VidSetPinValue_Copy_u8Value
0x0222	0x2035      	CALL       _DIO_VidSetPinValue
;CLCD_program.c,98 :: 		DIO_VidSetPinValue(CLCD_CTRL_PORT, CLCD_EN_PIN, HIGH);
0x0223	0x3003      	MOVLW      3
0x0224	0x1683      	BSF        STATUS, 5
0x0225	0x1303      	BCF        STATUS, 6
0x0226	0x00CA      	MOVWF      FARG_DIO_VidSetPinValue_Copy_u8Port
0x0227	0x3002      	MOVLW      2
0x0228	0x00CB      	MOVWF      FARG_DIO_VidSetPinValue_Copy_u8Pin
0x0229	0x3001      	MOVLW      1
0x022A	0x00CC      	MOVWF      FARG_DIO_VidSetPinValue_Copy_u8Value
0x022B	0x2035      	CALL       _DIO_VidSetPinValue
;CLCD_program.c,101 :: 		delay_ms(2);
0x022C	0x300B      	MOVLW      11
0x022D	0x1283      	BCF        STATUS, 5
0x022E	0x1303      	BCF        STATUS, 6
0x022F	0x00FC      	MOVWF      R12
0x0230	0x3062      	MOVLW      98
0x0231	0x00FD      	MOVWF      R13
L_CLCD_VidSendData5:
0x0232	0x0BFD      	DECFSZ     R13, 1
0x0233	0x2A32      	GOTO       L_CLCD_VidSendData5
0x0234	0x0BFC      	DECFSZ     R12, 1
0x0235	0x2A32      	GOTO       L_CLCD_VidSendData5
0x0236	0x0000      	NOP
;CLCD_program.c,104 :: 		DIO_VidSetPinValue(CLCD_CTRL_PORT, CLCD_EN_PIN, LOW);
0x0237	0x3003      	MOVLW      3
0x0238	0x1683      	BSF        STATUS, 5
0x0239	0x00CA      	MOVWF      FARG_DIO_VidSetPinValue_Copy_u8Port
0x023A	0x3002      	MOVLW      2
0x023B	0x00CB      	MOVWF      FARG_DIO_VidSetPinValue_Copy_u8Pin
0x023C	0x01CC      	CLRF       FARG_DIO_VidSetPinValue_Copy_u8Value
0x023D	0x2035      	CALL       _DIO_VidSetPinValue
;CLCD_program.c,126 :: 		}
L_end_CLCD_VidSendData:
0x023E	0x0008      	RETURN
; end of _CLCD_VidSendData
_CLCD_VidSendCommand:
;CLCD_program.c,5 :: 		void CLCD_VidSendCommand(u8 Copy_u8Command) /* Function to send commands to CLCD */
;CLCD_program.c,9 :: 		DIO_VidSetPinValue(CLCD_CTRL_PORT, CLCD_RS_PIN, LOW);
0x023F	0x3003      	MOVLW      3
0x0240	0x1683      	BSF        STATUS, 5
0x0241	0x1303      	BCF        STATUS, 6
0x0242	0x00CA      	MOVWF      FARG_DIO_VidSetPinValue_Copy_u8Port
0x0243	0x01CB      	CLRF       FARG_DIO_VidSetPinValue_Copy_u8Pin
0x0244	0x01CC      	CLRF       FARG_DIO_VidSetPinValue_Copy_u8Value
0x0245	0x2035      	CALL       _DIO_VidSetPinValue
;CLCD_program.c,12 :: 		DIO_VidSetPinValue(CLCD_CTRL_PORT, CLCD_RW_PIN, LOW);
0x0246	0x3003      	MOVLW      3
0x0247	0x1683      	BSF        STATUS, 5
0x0248	0x1303      	BCF        STATUS, 6
0x0249	0x00CA      	MOVWF      FARG_DIO_VidSetPinValue_Copy_u8Port
0x024A	0x3001      	MOVLW      1
0x024B	0x00CB      	MOVWF      FARG_DIO_VidSetPinValue_Copy_u8Pin
0x024C	0x01CC      	CLRF       FARG_DIO_VidSetPinValue_Copy_u8Value
0x024D	0x2035      	CALL       _DIO_VidSetPinValue
;CLCD_program.c,15 :: 		DIO_VidSetPortValue(CLCD_DATA_PORT, (Copy_u8Command & 0xF0));
0x024E	0x3003      	MOVLW      3
0x024F	0x1683      	BSF        STATUS, 5
0x0250	0x1303      	BCF        STATUS, 6
0x0251	0x00CA      	MOVWF      FARG_DIO_VidSetPortValue_Copy_u8Port
0x0252	0x30F0      	MOVLW      240
0x0253	0x0547      	ANDWF      FARG_CLCD_VidSendCommand_Copy_u8Command, 0
0x0254	0x00CB      	MOVWF      FARG_DIO_VidSetPortValue_Copy_u8Value
0x0255	0x2003      	CALL       _DIO_VidSetPortValue
;CLCD_program.c,18 :: 		DIO_VidSetPinValue(CLCD_CTRL_PORT, CLCD_EN_PIN, HIGH);
0x0256	0x3003      	MOVLW      3
0x0257	0x1683      	BSF        STATUS, 5
0x0258	0x1303      	BCF        STATUS, 6
0x0259	0x00CA      	MOVWF      FARG_DIO_VidSetPinValue_Copy_u8Port
0x025A	0x3002      	MOVLW      2
0x025B	0x00CB      	MOVWF      FARG_DIO_VidSetPinValue_Copy_u8Pin
0x025C	0x3001      	MOVLW      1
0x025D	0x00CC      	MOVWF      FARG_DIO_VidSetPinValue_Copy_u8Value
0x025E	0x2035      	CALL       _DIO_VidSetPinValue
;CLCD_program.c,21 :: 		delay_ms(2);
0x025F	0x300B      	MOVLW      11
0x0260	0x1283      	BCF        STATUS, 5
0x0261	0x1303      	BCF        STATUS, 6
0x0262	0x00FC      	MOVWF      R12
0x0263	0x3062      	MOVLW      98
0x0264	0x00FD      	MOVWF      R13
L_CLCD_VidSendCommand0:
0x0265	0x0BFD      	DECFSZ     R13, 1
0x0266	0x2A65      	GOTO       L_CLCD_VidSendCommand0
0x0267	0x0BFC      	DECFSZ     R12, 1
0x0268	0x2A65      	GOTO       L_CLCD_VidSendCommand0
0x0269	0x0000      	NOP
;CLCD_program.c,24 :: 		DIO_VidSetPinValue(CLCD_CTRL_PORT, CLCD_EN_PIN, LOW);
0x026A	0x3003      	MOVLW      3
0x026B	0x1683      	BSF        STATUS, 5
0x026C	0x00CA      	MOVWF      FARG_DIO_VidSetPinValue_Copy_u8Port
0x026D	0x3002      	MOVLW      2
0x026E	0x00CB      	MOVWF      FARG_DIO_VidSetPinValue_Copy_u8Pin
0x026F	0x01CC      	CLRF       FARG_DIO_VidSetPinValue_Copy_u8Value
0x0270	0x2035      	CALL       _DIO_VidSetPinValue
;CLCD_program.c,27 :: 		delay_us(200);
0x0271	0x3002      	MOVLW      2
0x0272	0x1283      	BCF        STATUS, 5
0x0273	0x1303      	BCF        STATUS, 6
0x0274	0x00FC      	MOVWF      R12
0x0275	0x3008      	MOVLW      8
0x0276	0x00FD      	MOVWF      R13
L_CLCD_VidSendCommand1:
0x0277	0x0BFD      	DECFSZ     R13, 1
0x0278	0x2A77      	GOTO       L_CLCD_VidSendCommand1
0x0279	0x0BFC      	DECFSZ     R12, 1
0x027A	0x2A77      	GOTO       L_CLCD_VidSendCommand1
0x027B	0x0000      	NOP
;CLCD_program.c,30 :: 		DIO_VidSetPortValue(CLCD_DATA_PORT, ((Copy_u8Command << 4) & 0xF0));
0x027C	0x3003      	MOVLW      3
0x027D	0x1683      	BSF        STATUS, 5
0x027E	0x00CA      	MOVWF      FARG_DIO_VidSetPortValue_Copy_u8Port
0x027F	0x0847      	MOVF       FARG_CLCD_VidSendCommand_Copy_u8Command, 0
0x0280	0x00CB      	MOVWF      FARG_DIO_VidSetPortValue_Copy_u8Value
0x0281	0x0DCB      	RLF        FARG_DIO_VidSetPortValue_Copy_u8Value, 1
0x0282	0x104B      	BCF        FARG_DIO_VidSetPortValue_Copy_u8Value, 0
0x0283	0x0DCB      	RLF        FARG_DIO_VidSetPortValue_Copy_u8Value, 1
0x0284	0x104B      	BCF        FARG_DIO_VidSetPortValue_Copy_u8Value, 0
0x0285	0x0DCB      	RLF        FARG_DIO_VidSetPortValue_Copy_u8Value, 1
0x0286	0x104B      	BCF        FARG_DIO_VidSetPortValue_Copy_u8Value, 0
0x0287	0x0DCB      	RLF        FARG_DIO_VidSetPortValue_Copy_u8Value, 1
0x0288	0x104B      	BCF        FARG_DIO_VidSetPortValue_Copy_u8Value, 0
0x0289	0x30F0      	MOVLW      240
0x028A	0x05CB      	ANDWF      FARG_DIO_VidSetPortValue_Copy_u8Value, 1
0x028B	0x2003      	CALL       _DIO_VidSetPortValue
;CLCD_program.c,33 :: 		DIO_VidSetPinValue(CLCD_CTRL_PORT, CLCD_EN_PIN, HIGH);
0x028C	0x3003      	MOVLW      3
0x028D	0x1683      	BSF        STATUS, 5
0x028E	0x1303      	BCF        STATUS, 6
0x028F	0x00CA      	MOVWF      FARG_DIO_VidSetPinValue_Copy_u8Port
0x0290	0x3002      	MOVLW      2
0x0291	0x00CB      	MOVWF      FARG_DIO_VidSetPinValue_Copy_u8Pin
0x0292	0x3001      	MOVLW      1
0x0293	0x00CC      	MOVWF      FARG_DIO_VidSetPinValue_Copy_u8Value
0x0294	0x2035      	CALL       _DIO_VidSetPinValue
;CLCD_program.c,36 :: 		delay_ms(2);
0x0295	0x300B      	MOVLW      11
0x0296	0x1283      	BCF        STATUS, 5
0x0297	0x1303      	BCF        STATUS, 6
0x0298	0x00FC      	MOVWF      R12
0x0299	0x3062      	MOVLW      98
0x029A	0x00FD      	MOVWF      R13
L_CLCD_VidSendCommand2:
0x029B	0x0BFD      	DECFSZ     R13, 1
0x029C	0x2A9B      	GOTO       L_CLCD_VidSendCommand2
0x029D	0x0BFC      	DECFSZ     R12, 1
0x029E	0x2A9B      	GOTO       L_CLCD_VidSendCommand2
0x029F	0x0000      	NOP
;CLCD_program.c,39 :: 		DIO_VidSetPinValue(CLCD_CTRL_PORT, CLCD_EN_PIN, LOW);
0x02A0	0x3003      	MOVLW      3
0x02A1	0x1683      	BSF        STATUS, 5
0x02A2	0x00CA      	MOVWF      FARG_DIO_VidSetPinValue_Copy_u8Port
0x02A3	0x3002      	MOVLW      2
0x02A4	0x00CB      	MOVWF      FARG_DIO_VidSetPinValue_Copy_u8Pin
0x02A5	0x01CC      	CLRF       FARG_DIO_VidSetPinValue_Copy_u8Value
0x02A6	0x2035      	CALL       _DIO_VidSetPinValue
;CLCD_program.c,62 :: 		}
L_end_CLCD_VidSendCommand:
0x02A7	0x0008      	RETURN
; end of _CLCD_VidSendCommand
_____DoICP:
;__Lib_System.c,6 :: 		
;__Lib_System.c,9 :: 		
0x02A8	0x1283      	BCF        STATUS, 5
0x02A9	0x1303      	BCF        STATUS, 6
0x02AA	0x086C      	MOVF       ___DoICPAddr+1, 0
0x02AB	0x008A      	MOVWF      PCLATH
;__Lib_System.c,10 :: 		
0x02AC	0x086B      	MOVF       ___DoICPAddr, 0
0x02AD	0x0082      	MOVWF      PCL
;__Lib_System.c,12 :: 		
L_end_____DoICP:
0x02AE	0x0008      	RETURN
; end of _____DoICP
_DIO_VidSetPinMode:
;DIO_program.c,11 :: 		void DIO_VidSetPinMode(u8 Copy_u8Port, u8 Copy_u8Pin, u8 Copy_u8Mode)
;DIO_program.c,13 :: 		if (Copy_u8Mode == INPUT || Copy_u8Mode == INPUT_PULLUP)
0x02AF	0x1683      	BSF        STATUS, 5
0x02B0	0x1303      	BCF        STATUS, 6
0x02B1	0x0849      	MOVF       FARG_DIO_VidSetPinMode_Copy_u8Mode, 0
0x02B2	0x3A01      	XORLW      1
0x02B3	0x1903      	BTFSC      STATUS, 2
0x02B4	0x2ABA      	GOTO       L__DIO_VidSetPinMode72
0x02B5	0x0849      	MOVF       FARG_DIO_VidSetPinMode_Copy_u8Mode, 0
0x02B6	0x3A02      	XORLW      2
0x02B7	0x1903      	BTFSC      STATUS, 2
0x02B8	0x2ABA      	GOTO       L__DIO_VidSetPinMode72
0x02B9	0x2B2D      	GOTO       L_DIO_VidSetPinMode2
L__DIO_VidSetPinMode72:
;DIO_program.c,15 :: 		switch (Copy_u8Port)
0x02BA	0x2B18      	GOTO       L_DIO_VidSetPinMode3
;DIO_program.c,17 :: 		case (PORT_A):
L_DIO_VidSetPinMode5:
;DIO_program.c,18 :: 		SET_BIT(TRISA, Copy_u8Pin);
0x02BB	0x0848      	MOVF       FARG_DIO_VidSetPinMode_Copy_u8Pin, 0
0x02BC	0x00F1      	MOVWF      R1
0x02BD	0x3001      	MOVLW      1
0x02BE	0x00F0      	MOVWF      R0
0x02BF	0x0871      	MOVF       R1, 0
L__DIO_VidSetPinMode74:
0x02C0	0x1903      	BTFSC      STATUS, 2
0x02C1	0x2AC6      	GOTO       L__DIO_VidSetPinMode75
0x02C2	0x0DF0      	RLF        R0, 1
0x02C3	0x1070      	BCF        R0, 0
0x02C4	0x3EFF      	ADDLW      255
0x02C5	0x2AC0      	GOTO       L__DIO_VidSetPinMode74
L__DIO_VidSetPinMode75:
0x02C6	0x0870      	MOVF       R0, 0
0x02C7	0x0485      	IORWF      TRISA, 1
;DIO_program.c,19 :: 		break;
0x02C8	0x2B2C      	GOTO       L_DIO_VidSetPinMode4
;DIO_program.c,20 :: 		case (PORT_B):
L_DIO_VidSetPinMode6:
;DIO_program.c,21 :: 		switch (Copy_u8Mode)
0x02C9	0x2AE8      	GOTO       L_DIO_VidSetPinMode7
;DIO_program.c,23 :: 		case (INPUT_PULLUP):
L_DIO_VidSetPinMode9:
;DIO_program.c,24 :: 		CLR_BIT(OPTION_REG, RBPU);
0x02CA	0x1381      	BCF        OPTION_REG, 7
;DIO_program.c,25 :: 		SET_BIT(TRISB, Copy_u8Pin);
0x02CB	0x0848      	MOVF       FARG_DIO_VidSetPinMode_Copy_u8Pin, 0
0x02CC	0x00F1      	MOVWF      R1
0x02CD	0x3001      	MOVLW      1
0x02CE	0x00F0      	MOVWF      R0
0x02CF	0x0871      	MOVF       R1, 0
L__DIO_VidSetPinMode76:
0x02D0	0x1903      	BTFSC      STATUS, 2
0x02D1	0x2AD6      	GOTO       L__DIO_VidSetPinMode77
0x02D2	0x0DF0      	RLF        R0, 1
0x02D3	0x1070      	BCF        R0, 0
0x02D4	0x3EFF      	ADDLW      255
0x02D5	0x2AD0      	GOTO       L__DIO_VidSetPinMode76
L__DIO_VidSetPinMode77:
0x02D6	0x0870      	MOVF       R0, 0
0x02D7	0x0486      	IORWF      TRISB, 1
;DIO_program.c,26 :: 		break;
0x02D8	0x2AED      	GOTO       L_DIO_VidSetPinMode8
;DIO_program.c,27 :: 		default:
L_DIO_VidSetPinMode10:
;DIO_program.c,28 :: 		SET_BIT(OPTION_REG, RBPU);
0x02D9	0x1781      	BSF        OPTION_REG, 7
;DIO_program.c,29 :: 		SET_BIT(TRISB, Copy_u8Pin);
0x02DA	0x0848      	MOVF       FARG_DIO_VidSetPinMode_Copy_u8Pin, 0
0x02DB	0x00F1      	MOVWF      R1
0x02DC	0x3001      	MOVLW      1
0x02DD	0x00F0      	MOVWF      R0
0x02DE	0x0871      	MOVF       R1, 0
L__DIO_VidSetPinMode78:
0x02DF	0x1903      	BTFSC      STATUS, 2
0x02E0	0x2AE5      	GOTO       L__DIO_VidSetPinMode79
0x02E1	0x0DF0      	RLF        R0, 1
0x02E2	0x1070      	BCF        R0, 0
0x02E3	0x3EFF      	ADDLW      255
0x02E4	0x2ADF      	GOTO       L__DIO_VidSetPinMode78
L__DIO_VidSetPinMode79:
0x02E5	0x0870      	MOVF       R0, 0
0x02E6	0x0486      	IORWF      TRISB, 1
;DIO_program.c,30 :: 		}
0x02E7	0x2AED      	GOTO       L_DIO_VidSetPinMode8
L_DIO_VidSetPinMode7:
0x02E8	0x0849      	MOVF       FARG_DIO_VidSetPinMode_Copy_u8Mode, 0
0x02E9	0x3A02      	XORLW      2
0x02EA	0x1903      	BTFSC      STATUS, 2
0x02EB	0x2ACA      	GOTO       L_DIO_VidSetPinMode9
0x02EC	0x2AD9      	GOTO       L_DIO_VidSetPinMode10
L_DIO_VidSetPinMode8:
;DIO_program.c,31 :: 		break;
0x02ED	0x2B2C      	GOTO       L_DIO_VidSetPinMode4
;DIO_program.c,32 :: 		case (PORT_C):
L_DIO_VidSetPinMode11:
;DIO_program.c,33 :: 		SET_BIT(TRISC, Copy_u8Pin);
0x02EE	0x0848      	MOVF       FARG_DIO_VidSetPinMode_Copy_u8Pin, 0
0x02EF	0x00F1      	MOVWF      R1
0x02F0	0x3001      	MOVLW      1
0x02F1	0x00F0      	MOVWF      R0
0x02F2	0x0871      	MOVF       R1, 0
L__DIO_VidSetPinMode80:
0x02F3	0x1903      	BTFSC      STATUS, 2
0x02F4	0x2AF9      	GOTO       L__DIO_VidSetPinMode81
0x02F5	0x0DF0      	RLF        R0, 1
0x02F6	0x1070      	BCF        R0, 0
0x02F7	0x3EFF      	ADDLW      255
0x02F8	0x2AF3      	GOTO       L__DIO_VidSetPinMode80
L__DIO_VidSetPinMode81:
0x02F9	0x0870      	MOVF       R0, 0
0x02FA	0x0487      	IORWF      TRISC, 1
;DIO_program.c,34 :: 		break;
0x02FB	0x2B2C      	GOTO       L_DIO_VidSetPinMode4
;DIO_program.c,35 :: 		case (PORT_D):
L_DIO_VidSetPinMode12:
;DIO_program.c,36 :: 		SET_BIT(TRISD, Copy_u8Pin);
0x02FC	0x0848      	MOVF       FARG_DIO_VidSetPinMode_Copy_u8Pin, 0
0x02FD	0x00F1      	MOVWF      R1
0x02FE	0x3001      	MOVLW      1
0x02FF	0x00F0      	MOVWF      R0
0x0300	0x0871      	MOVF       R1, 0
L__DIO_VidSetPinMode82:
0x0301	0x1903      	BTFSC      STATUS, 2
0x0302	0x2B07      	GOTO       L__DIO_VidSetPinMode83
0x0303	0x0DF0      	RLF        R0, 1
0x0304	0x1070      	BCF        R0, 0
0x0305	0x3EFF      	ADDLW      255
0x0306	0x2B01      	GOTO       L__DIO_VidSetPinMode82
L__DIO_VidSetPinMode83:
0x0307	0x0870      	MOVF       R0, 0
0x0308	0x0488      	IORWF      TRISD, 1
;DIO_program.c,37 :: 		break;
0x0309	0x2B2C      	GOTO       L_DIO_VidSetPinMode4
;DIO_program.c,38 :: 		case (PORT_E):
L_DIO_VidSetPinMode13:
;DIO_program.c,39 :: 		SET_BIT(TRISE, Copy_u8Pin);
0x030A	0x0848      	MOVF       FARG_DIO_VidSetPinMode_Copy_u8Pin, 0
0x030B	0x00F1      	MOVWF      R1
0x030C	0x3001      	MOVLW      1
0x030D	0x00F0      	MOVWF      R0
0x030E	0x0871      	MOVF       R1, 0
L__DIO_VidSetPinMode84:
0x030F	0x1903      	BTFSC      STATUS, 2
0x0310	0x2B15      	GOTO       L__DIO_VidSetPinMode85
0x0311	0x0DF0      	RLF        R0, 1
0x0312	0x1070      	BCF        R0, 0
0x0313	0x3EFF      	ADDLW      255
0x0314	0x2B0F      	GOTO       L__DIO_VidSetPinMode84
L__DIO_VidSetPinMode85:
0x0315	0x0870      	MOVF       R0, 0
0x0316	0x0489      	IORWF      TRISE, 1
;DIO_program.c,40 :: 		break;
0x0317	0x2B2C      	GOTO       L_DIO_VidSetPinMode4
;DIO_program.c,41 :: 		}
L_DIO_VidSetPinMode3:
0x0318	0x0847      	MOVF       FARG_DIO_VidSetPinMode_Copy_u8Port, 0
0x0319	0x3A00      	XORLW      0
0x031A	0x1903      	BTFSC      STATUS, 2
0x031B	0x2ABB      	GOTO       L_DIO_VidSetPinMode5
0x031C	0x0847      	MOVF       FARG_DIO_VidSetPinMode_Copy_u8Port, 0
0x031D	0x3A01      	XORLW      1
0x031E	0x1903      	BTFSC      STATUS, 2
0x031F	0x2AC9      	GOTO       L_DIO_VidSetPinMode6
0x0320	0x0847      	MOVF       FARG_DIO_VidSetPinMode_Copy_u8Port, 0
0x0321	0x3A02      	XORLW      2
0x0322	0x1903      	BTFSC      STATUS, 2
0x0323	0x2AEE      	GOTO       L_DIO_VidSetPinMode11
0x0324	0x0847      	MOVF       FARG_DIO_VidSetPinMode_Copy_u8Port, 0
0x0325	0x3A03      	XORLW      3
0x0326	0x1903      	BTFSC      STATUS, 2
0x0327	0x2AFC      	GOTO       L_DIO_VidSetPinMode12
0x0328	0x0847      	MOVF       FARG_DIO_VidSetPinMode_Copy_u8Port, 0
0x0329	0x3A04      	XORLW      4
0x032A	0x1903      	BTFSC      STATUS, 2
0x032B	0x2B0A      	GOTO       L_DIO_VidSetPinMode13
L_DIO_VidSetPinMode4:
;DIO_program.c,42 :: 		}
0x032C	0x2B91      	GOTO       L_DIO_VidSetPinMode14
L_DIO_VidSetPinMode2:
;DIO_program.c,44 :: 		else if (Copy_u8Mode == OUTPUT)
0x032D	0x0849      	MOVF       FARG_DIO_VidSetPinMode_Copy_u8Mode, 0
0x032E	0x3A00      	XORLW      0
0x032F	0x1D03      	BTFSS      STATUS, 2
0x0330	0x2B91      	GOTO       L_DIO_VidSetPinMode15
;DIO_program.c,46 :: 		switch (Copy_u8Port)
0x0331	0x2B7D      	GOTO       L_DIO_VidSetPinMode16
;DIO_program.c,48 :: 		case (PORT_A):
L_DIO_VidSetPinMode18:
;DIO_program.c,49 :: 		CLR_BIT(TRISA, Copy_u8Pin);
0x0332	0x0848      	MOVF       FARG_DIO_VidSetPinMode_Copy_u8Pin, 0
0x0333	0x00F1      	MOVWF      R1
0x0334	0x3001      	MOVLW      1
0x0335	0x00F0      	MOVWF      R0
0x0336	0x0871      	MOVF       R1, 0
L__DIO_VidSetPinMode86:
0x0337	0x1903      	BTFSC      STATUS, 2
0x0338	0x2B3D      	GOTO       L__DIO_VidSetPinMode87
0x0339	0x0DF0      	RLF        R0, 1
0x033A	0x1070      	BCF        R0, 0
0x033B	0x3EFF      	ADDLW      255
0x033C	0x2B37      	GOTO       L__DIO_VidSetPinMode86
L__DIO_VidSetPinMode87:
0x033D	0x09F0      	COMF       R0, 1
0x033E	0x0870      	MOVF       R0, 0
0x033F	0x0585      	ANDWF      TRISA, 1
;DIO_program.c,50 :: 		break;
0x0340	0x2B91      	GOTO       L_DIO_VidSetPinMode17
;DIO_program.c,51 :: 		case (PORT_B):
L_DIO_VidSetPinMode19:
;DIO_program.c,52 :: 		CLR_BIT(TRISB, Copy_u8Pin);
0x0341	0x0848      	MOVF       FARG_DIO_VidSetPinMode_Copy_u8Pin, 0
0x0342	0x00F1      	MOVWF      R1
0x0343	0x3001      	MOVLW      1
0x0344	0x00F0      	MOVWF      R0
0x0345	0x0871      	MOVF       R1, 0
L__DIO_VidSetPinMode88:
0x0346	0x1903      	BTFSC      STATUS, 2
0x0347	0x2B4C      	GOTO       L__DIO_VidSetPinMode89
0x0348	0x0DF0      	RLF        R0, 1
0x0349	0x1070      	BCF        R0, 0
0x034A	0x3EFF      	ADDLW      255
0x034B	0x2B46      	GOTO       L__DIO_VidSetPinMode88
L__DIO_VidSetPinMode89:
0x034C	0x09F0      	COMF       R0, 1
0x034D	0x0870      	MOVF       R0, 0
0x034E	0x0586      	ANDWF      TRISB, 1
;DIO_program.c,53 :: 		break;
0x034F	0x2B91      	GOTO       L_DIO_VidSetPinMode17
;DIO_program.c,54 :: 		case (PORT_C):
L_DIO_VidSetPinMode20:
;DIO_program.c,55 :: 		CLR_BIT(TRISC, Copy_u8Pin);
0x0350	0x0848      	MOVF       FARG_DIO_VidSetPinMode_Copy_u8Pin, 0
0x0351	0x00F1      	MOVWF      R1
0x0352	0x3001      	MOVLW      1
0x0353	0x00F0      	MOVWF      R0
0x0354	0x0871      	MOVF       R1, 0
L__DIO_VidSetPinMode90:
0x0355	0x1903      	BTFSC      STATUS, 2
0x0356	0x2B5B      	GOTO       L__DIO_VidSetPinMode91
0x0357	0x0DF0      	RLF        R0, 1
0x0358	0x1070      	BCF        R0, 0
0x0359	0x3EFF      	ADDLW      255
0x035A	0x2B55      	GOTO       L__DIO_VidSetPinMode90
L__DIO_VidSetPinMode91:
0x035B	0x09F0      	COMF       R0, 1
0x035C	0x0870      	MOVF       R0, 0
0x035D	0x0587      	ANDWF      TRISC, 1
;DIO_program.c,56 :: 		break;
0x035E	0x2B91      	GOTO       L_DIO_VidSetPinMode17
;DIO_program.c,57 :: 		case (PORT_D):
L_DIO_VidSetPinMode21:
;DIO_program.c,58 :: 		CLR_BIT(TRISD, Copy_u8Pin);
0x035F	0x0848      	MOVF       FARG_DIO_VidSetPinMode_Copy_u8Pin, 0
0x0360	0x00F1      	MOVWF      R1
0x0361	0x3001      	MOVLW      1
0x0362	0x00F0      	MOVWF      R0
0x0363	0x0871      	MOVF       R1, 0
L__DIO_VidSetPinMode92:
0x0364	0x1903      	BTFSC      STATUS, 2
0x0365	0x2B6A      	GOTO       L__DIO_VidSetPinMode93
0x0366	0x0DF0      	RLF        R0, 1
0x0367	0x1070      	BCF        R0, 0
0x0368	0x3EFF      	ADDLW      255
0x0369	0x2B64      	GOTO       L__DIO_VidSetPinMode92
L__DIO_VidSetPinMode93:
0x036A	0x09F0      	COMF       R0, 1
0x036B	0x0870      	MOVF       R0, 0
0x036C	0x0588      	ANDWF      TRISD, 1
;DIO_program.c,59 :: 		break;
0x036D	0x2B91      	GOTO       L_DIO_VidSetPinMode17
;DIO_program.c,60 :: 		case (PORT_E):
L_DIO_VidSetPinMode22:
;DIO_program.c,61 :: 		CLR_BIT(TRISE, Copy_u8Pin);
0x036E	0x0848      	MOVF       FARG_DIO_VidSetPinMode_Copy_u8Pin, 0
0x036F	0x00F1      	MOVWF      R1
0x0370	0x3001      	MOVLW      1
0x0371	0x00F0      	MOVWF      R0
0x0372	0x0871      	MOVF       R1, 0
L__DIO_VidSetPinMode94:
0x0373	0x1903      	BTFSC      STATUS, 2
0x0374	0x2B79      	GOTO       L__DIO_VidSetPinMode95
0x0375	0x0DF0      	RLF        R0, 1
0x0376	0x1070      	BCF        R0, 0
0x0377	0x3EFF      	ADDLW      255
0x0378	0x2B73      	GOTO       L__DIO_VidSetPinMode94
L__DIO_VidSetPinMode95:
0x0379	0x09F0      	COMF       R0, 1
0x037A	0x0870      	MOVF       R0, 0
0x037B	0x0589      	ANDWF      TRISE, 1
;DIO_program.c,62 :: 		break;
0x037C	0x2B91      	GOTO       L_DIO_VidSetPinMode17
;DIO_program.c,63 :: 		}
L_DIO_VidSetPinMode16:
0x037D	0x0847      	MOVF       FARG_DIO_VidSetPinMode_Copy_u8Port, 0
0x037E	0x3A00      	XORLW      0
0x037F	0x1903      	BTFSC      STATUS, 2
0x0380	0x2B32      	GOTO       L_DIO_VidSetPinMode18
0x0381	0x0847      	MOVF       FARG_DIO_VidSetPinMode_Copy_u8Port, 0
0x0382	0x3A01      	XORLW      1
0x0383	0x1903      	BTFSC      STATUS, 2
0x0384	0x2B41      	GOTO       L_DIO_VidSetPinMode19
0x0385	0x0847      	MOVF       FARG_DIO_VidSetPinMode_Copy_u8Port, 0
0x0386	0x3A02      	XORLW      2
0x0387	0x1903      	BTFSC      STATUS, 2
0x0388	0x2B50      	GOTO       L_DIO_VidSetPinMode20
0x0389	0x0847      	MOVF       FARG_DIO_VidSetPinMode_Copy_u8Port, 0
0x038A	0x3A03      	XORLW      3
0x038B	0x1903      	BTFSC      STATUS, 2
0x038C	0x2B5F      	GOTO       L_DIO_VidSetPinMode21
0x038D	0x0847      	MOVF       FARG_DIO_VidSetPinMode_Copy_u8Port, 0
0x038E	0x3A04      	XORLW      4
0x038F	0x1903      	BTFSC      STATUS, 2
0x0390	0x2B6E      	GOTO       L_DIO_VidSetPinMode22
L_DIO_VidSetPinMode17:
;DIO_program.c,64 :: 		}
L_DIO_VidSetPinMode15:
L_DIO_VidSetPinMode14:
;DIO_program.c,65 :: 		}
L_end_DIO_VidSetPinMode:
0x0391	0x0008      	RETURN
; end of _DIO_VidSetPinMode
_CLCD_VidSendString:
;CLCD_program.c,214 :: 		void CLCD_VidSendString(u8 *Copy_u8Str)
;CLCD_program.c,217 :: 		while (*Copy_u8Str != '\0')
L_CLCD_VidSendString17:
0x0392	0x1683      	BSF        STATUS, 5
0x0393	0x1303      	BCF        STATUS, 6
0x0394	0x082B      	MOVF       FARG_CLCD_VidSendString_Copy_u8Str, 0
0x0395	0x0084      	MOVWF      FSR
0x0396	0x0800      	MOVF       INDF, 0
0x0397	0x3A00      	XORLW      0
0x0398	0x1903      	BTFSC      STATUS, 2
0x0399	0x2BA3      	GOTO       L_CLCD_VidSendString18
;CLCD_program.c,219 :: 		CLCD_VidSendData(*Copy_u8Str);
0x039A	0x082B      	MOVF       FARG_CLCD_VidSendString_Copy_u8Str, 0
0x039B	0x0084      	MOVWF      FSR
0x039C	0x0800      	MOVF       INDF, 0
0x039D	0x00C7      	MOVWF      FARG_CLCD_VidSendData_Copy_u8Data
0x039E	0x21C5      	CALL       _CLCD_VidSendData
;CLCD_program.c,220 :: 		Copy_u8Str++;
0x039F	0x1683      	BSF        STATUS, 5
0x03A0	0x1303      	BCF        STATUS, 6
0x03A1	0x0AAB      	INCF       FARG_CLCD_VidSendString_Copy_u8Str, 1
;CLCD_program.c,221 :: 		}
0x03A2	0x2B92      	GOTO       L_CLCD_VidSendString17
L_CLCD_VidSendString18:
;CLCD_program.c,222 :: 		}
L_end_CLCD_VidSendString:
0x03A3	0x0008      	RETURN
; end of _CLCD_VidSendString
_KPD_u8GetKey:
;KPD_program.c,22 :: 		u8 KPD_u8GetKey(void)
;KPD_program.c,25 :: 		u8 Local_KeyPressed = NULL;
0x03A4	0x1683      	BSF        STATUS, 5
0x03A5	0x1303      	BCF        STATUS, 6
0x03A6	0x01AB      	CLRF       KPD_u8GetKey_Local_KeyPressed_L0
0x03A7	0x3031      	MOVLW      49
0x03A8	0x00AC      	MOVWF      KPD_u8GetKey_Local_u8KPDArr_L0
0x03A9	0x3032      	MOVLW      50
0x03AA	0x00AD      	MOVWF      KPD_u8GetKey_Local_u8KPDArr_L0+1
0x03AB	0x3033      	MOVLW      51
0x03AC	0x00AE      	MOVWF      KPD_u8GetKey_Local_u8KPDArr_L0+2
0x03AD	0x3041      	MOVLW      65
0x03AE	0x00AF      	MOVWF      KPD_u8GetKey_Local_u8KPDArr_L0+3
0x03AF	0x3034      	MOVLW      52
0x03B0	0x00B0      	MOVWF      KPD_u8GetKey_Local_u8KPDArr_L0+4
0x03B1	0x3035      	MOVLW      53
0x03B2	0x00B1      	MOVWF      KPD_u8GetKey_Local_u8KPDArr_L0+5
0x03B3	0x3036      	MOVLW      54
0x03B4	0x00B2      	MOVWF      KPD_u8GetKey_Local_u8KPDArr_L0+6
0x03B5	0x3042      	MOVLW      66
0x03B6	0x00B3      	MOVWF      KPD_u8GetKey_Local_u8KPDArr_L0+7
0x03B7	0x3037      	MOVLW      55
0x03B8	0x00B4      	MOVWF      KPD_u8GetKey_Local_u8KPDArr_L0+8
0x03B9	0x3038      	MOVLW      56
0x03BA	0x00B5      	MOVWF      KPD_u8GetKey_Local_u8KPDArr_L0+9
0x03BB	0x3039      	MOVLW      57
0x03BC	0x00B6      	MOVWF      KPD_u8GetKey_Local_u8KPDArr_L0+10
0x03BD	0x3043      	MOVLW      67
0x03BE	0x00B7      	MOVWF      KPD_u8GetKey_Local_u8KPDArr_L0+11
0x03BF	0x302A      	MOVLW      42
0x03C0	0x00B8      	MOVWF      KPD_u8GetKey_Local_u8KPDArr_L0+12
0x03C1	0x3030      	MOVLW      48
0x03C2	0x00B9      	MOVWF      KPD_u8GetKey_Local_u8KPDArr_L0+13
0x03C3	0x3023      	MOVLW      35
0x03C4	0x00BA      	MOVWF      KPD_u8GetKey_Local_u8KPDArr_L0+14
0x03C5	0x3044      	MOVLW      68
0x03C6	0x00BB      	MOVWF      KPD_u8GetKey_Local_u8KPDArr_L0+15
0x03C7	0x01BC      	CLRF       KPD_u8GetKey_Local_u8ColumnIdx_L0
0x03C8	0x01BD      	CLRF       KPD_u8GetKey_Local_u8ROWIdx_L0
0x03C9	0x3094      	MOVLW      148
0x03CA	0x00BE      	MOVWF      KPD_u8GetKey_Local_u8State_L0
0x03CB	0x01BF      	CLRF       KPD_u8GetKey_Local_u8ColumnArr_L0
0x03CC	0x3001      	MOVLW      1
0x03CD	0x00C0      	MOVWF      KPD_u8GetKey_Local_u8ColumnArr_L0+1
0x03CE	0x3002      	MOVLW      2
0x03CF	0x00C1      	MOVWF      KPD_u8GetKey_Local_u8ColumnArr_L0+2
0x03D0	0x3003      	MOVLW      3
0x03D1	0x00C2      	MOVWF      KPD_u8GetKey_Local_u8ColumnArr_L0+3
0x03D2	0x3004      	MOVLW      4
0x03D3	0x00C3      	MOVWF      KPD_u8GetKey_Local_u8RowArr_L0
0x03D4	0x3005      	MOVLW      5
0x03D5	0x00C4      	MOVWF      KPD_u8GetKey_Local_u8RowArr_L0+1
0x03D6	0x3006      	MOVLW      6
0x03D7	0x00C5      	MOVWF      KPD_u8GetKey_Local_u8RowArr_L0+2
0x03D8	0x3007      	MOVLW      7
0x03D9	0x00C6      	MOVWF      KPD_u8GetKey_Local_u8RowArr_L0+3
;KPD_program.c,34 :: 		for (Local_u8ColumnIdx = 0; Local_u8ColumnIdx < COLUMNS_NUMBER; Local_u8ColumnIdx++) /* Loop through the columns */
0x03DA	0x01BC      	CLRF       KPD_u8GetKey_Local_u8ColumnIdx_L0
L_KPD_u8GetKey0:
0x03DB	0x3004      	MOVLW      4
0x03DC	0x023C      	SUBWF      KPD_u8GetKey_Local_u8ColumnIdx_L0, 0
0x03DD	0x1803      	BTFSC      STATUS, 0
0x03DE	0x2C38      	GOTO       L_KPD_u8GetKey1
;KPD_program.c,36 :: 		DIO_VidSetPinValue(KPD_u8PORT, Local_u8ColumnArr[Local_u8ColumnIdx], LOW);
0x03DF	0x3001      	MOVLW      1
0x03E0	0x00CA      	MOVWF      FARG_DIO_VidSetPinValue_Copy_u8Port
0x03E1	0x083C      	MOVF       KPD_u8GetKey_Local_u8ColumnIdx_L0, 0
0x03E2	0x3EBF      	ADDLW      KPD_u8GetKey_Local_u8ColumnArr_L0
0x03E3	0x0084      	MOVWF      FSR
0x03E4	0x0800      	MOVF       INDF, 0
0x03E5	0x00CB      	MOVWF      FARG_DIO_VidSetPinValue_Copy_u8Pin
0x03E6	0x01CC      	CLRF       FARG_DIO_VidSetPinValue_Copy_u8Value
0x03E7	0x2035      	CALL       _DIO_VidSetPinValue
;KPD_program.c,38 :: 		for (Local_u8ROWIdx = 0; Local_u8ROWIdx < ROWS_NUMBER; Local_u8ROWIdx++) /* Check each row status */
0x03E8	0x1683      	BSF        STATUS, 5
0x03E9	0x1303      	BCF        STATUS, 6
0x03EA	0x01BD      	CLRF       KPD_u8GetKey_Local_u8ROWIdx_L0
L_KPD_u8GetKey3:
0x03EB	0x3004      	MOVLW      4
0x03EC	0x023D      	SUBWF      KPD_u8GetKey_Local_u8ROWIdx_L0, 0
0x03ED	0x1803      	BTFSC      STATUS, 0
0x03EE	0x2C2A      	GOTO       L_KPD_u8GetKey4
;KPD_program.c,40 :: 		DIO_VidGetPinValue(KPD_u8PORT, Local_u8RowArr[Local_u8ROWIdx], &Local_u8State); /* Getting the state of row pin */
0x03EF	0x3001      	MOVLW      1
0x03F0	0x00C7      	MOVWF      FARG_DIO_VidGetPinValue_Copy_u8Port
0x03F1	0x083D      	MOVF       KPD_u8GetKey_Local_u8ROWIdx_L0, 0
0x03F2	0x3EC3      	ADDLW      KPD_u8GetKey_Local_u8RowArr_L0
0x03F3	0x0084      	MOVWF      FSR
0x03F4	0x0800      	MOVF       INDF, 0
0x03F5	0x00C8      	MOVWF      FARG_DIO_VidGetPinValue_Copy_u8Pin
0x03F6	0x30BE      	MOVLW      KPD_u8GetKey_Local_u8State_L0
0x03F7	0x00C9      	MOVWF      FARG_DIO_VidGetPinValue_Copy_Pu8PinValue
0x03F8	0x2146      	CALL       _DIO_VidGetPinValue
;KPD_program.c,42 :: 		if (Local_u8State == LOW) /* If row is low then button is pressed */
0x03F9	0x083E      	MOVF       KPD_u8GetKey_Local_u8State_L0, 0
0x03FA	0x3A00      	XORLW      0
0x03FB	0x1D03      	BTFSS      STATUS, 2
0x03FC	0x2C28      	GOTO       L_KPD_u8GetKey6
;KPD_program.c,44 :: 		Local_KeyPressed = Local_u8KPDArr[Local_u8ROWIdx][Local_u8ColumnIdx]; /* Storing the pressed key at column & row index */
0x03FD	0x083D      	MOVF       KPD_u8GetKey_Local_u8ROWIdx_L0, 0
0x03FE	0x00F0      	MOVWF      R0
0x03FF	0x0DF0      	RLF        R0, 1
0x0400	0x1070      	BCF        R0, 0
0x0401	0x0DF0      	RLF        R0, 1
0x0402	0x1070      	BCF        R0, 0
0x0403	0x30AC      	MOVLW      KPD_u8GetKey_Local_u8KPDArr_L0
0x0404	0x07F0      	ADDWF      R0, 1
0x0405	0x083C      	MOVF       KPD_u8GetKey_Local_u8ColumnIdx_L0, 0
0x0406	0x0770      	ADDWF      R0, 0
0x0407	0x0084      	MOVWF      FSR
0x0408	0x0800      	MOVF       INDF, 0
0x0409	0x00AB      	MOVWF      KPD_u8GetKey_Local_KeyPressed_L0
;KPD_program.c,46 :: 		while (Local_u8State == LOW) /* Waiting for key to be released */
L_KPD_u8GetKey7:
0x040A	0x083E      	MOVF       KPD_u8GetKey_Local_u8State_L0, 0
0x040B	0x3A00      	XORLW      0
0x040C	0x1D03      	BTFSS      STATUS, 2
0x040D	0x2C19      	GOTO       L_KPD_u8GetKey8
;KPD_program.c,48 :: 		DIO_VidGetPinValue(KPD_u8PORT, Local_u8RowArr[Local_u8ROWIdx], &Local_u8State); /* Checking row/key status */
0x040E	0x3001      	MOVLW      1
0x040F	0x00C7      	MOVWF      FARG_DIO_VidGetPinValue_Copy_u8Port
0x0410	0x083D      	MOVF       KPD_u8GetKey_Local_u8ROWIdx_L0, 0
0x0411	0x3EC3      	ADDLW      KPD_u8GetKey_Local_u8RowArr_L0
0x0412	0x0084      	MOVWF      FSR
0x0413	0x0800      	MOVF       INDF, 0
0x0414	0x00C8      	MOVWF      FARG_DIO_VidGetPinValue_Copy_u8Pin
0x0415	0x30BE      	MOVLW      KPD_u8GetKey_Local_u8State_L0
0x0416	0x00C9      	MOVWF      FARG_DIO_VidGetPinValue_Copy_Pu8PinValue
0x0417	0x2146      	CALL       _DIO_VidGetPinValue
;KPD_program.c,49 :: 		}
0x0418	0x2C0A      	GOTO       L_KPD_u8GetKey7
L_KPD_u8GetKey8:
;KPD_program.c,51 :: 		DIO_VidSetPinValue(KPD_u8PORT, Local_u8ColumnArr[Local_u8ColumnIdx], HIGH); /* Setting column to high after key is released */
0x0419	0x3001      	MOVLW      1
0x041A	0x00CA      	MOVWF      FARG_DIO_VidSetPinValue_Copy_u8Port
0x041B	0x083C      	MOVF       KPD_u8GetKey_Local_u8ColumnIdx_L0, 0
0x041C	0x3EBF      	ADDLW      KPD_u8GetKey_Local_u8ColumnArr_L0
0x041D	0x0084      	MOVWF      FSR
0x041E	0x0800      	MOVF       INDF, 0
0x041F	0x00CB      	MOVWF      FARG_DIO_VidSetPinValue_Copy_u8Pin
0x0420	0x3001      	MOVLW      1
0x0421	0x00CC      	MOVWF      FARG_DIO_VidSetPinValue_Copy_u8Value
0x0422	0x2035      	CALL       _DIO_VidSetPinValue
;KPD_program.c,53 :: 		return Local_KeyPressed; /* Returning the pressed key */
0x0423	0x1683      	BSF        STATUS, 5
0x0424	0x1303      	BCF        STATUS, 6
0x0425	0x082B      	MOVF       KPD_u8GetKey_Local_KeyPressed_L0, 0
0x0426	0x00F0      	MOVWF      R0
0x0427	0x2C3A      	GOTO       L_end_KPD_u8GetKey
;KPD_program.c,54 :: 		}
L_KPD_u8GetKey6:
;KPD_program.c,38 :: 		for (Local_u8ROWIdx = 0; Local_u8ROWIdx < ROWS_NUMBER; Local_u8ROWIdx++) /* Check each row status */
0x0428	0x0ABD      	INCF       KPD_u8GetKey_Local_u8ROWIdx_L0, 1
;KPD_program.c,55 :: 		}
0x0429	0x2BEB      	GOTO       L_KPD_u8GetKey3
L_KPD_u8GetKey4:
;KPD_program.c,57 :: 		DIO_VidSetPinValue(KPD_u8PORT, Local_u8ColumnArr[Local_u8ColumnIdx], HIGH); /* Setting column to high again if no key is pressed */
0x042A	0x3001      	MOVLW      1
0x042B	0x00CA      	MOVWF      FARG_DIO_VidSetPinValue_Copy_u8Port
0x042C	0x083C      	MOVF       KPD_u8GetKey_Local_u8ColumnIdx_L0, 0
0x042D	0x3EBF      	ADDLW      KPD_u8GetKey_Local_u8ColumnArr_L0
0x042E	0x0084      	MOVWF      FSR
0x042F	0x0800      	MOVF       INDF, 0
0x0430	0x00CB      	MOVWF      FARG_DIO_VidSetPinValue_Copy_u8Pin
0x0431	0x3001      	MOVLW      1
0x0432	0x00CC      	MOVWF      FARG_DIO_VidSetPinValue_Copy_u8Value
0x0433	0x2035      	CALL       _DIO_VidSetPinValue
;KPD_program.c,34 :: 		for (Local_u8ColumnIdx = 0; Local_u8ColumnIdx < COLUMNS_NUMBER; Local_u8ColumnIdx++) /* Loop through the columns */
0x0434	0x1683      	BSF        STATUS, 5
0x0435	0x1303      	BCF        STATUS, 6
0x0436	0x0ABC      	INCF       KPD_u8GetKey_Local_u8ColumnIdx_L0, 1
;KPD_program.c,58 :: 		}
0x0437	0x2BDB      	GOTO       L_KPD_u8GetKey0
L_KPD_u8GetKey1:
;KPD_program.c,60 :: 		return Local_KeyPressed; /* Returning the pressed key */
0x0438	0x082B      	MOVF       KPD_u8GetKey_Local_KeyPressed_L0, 0
0x0439	0x00F0      	MOVWF      R0
;KPD_program.c,61 :: 		}
L_end_KPD_u8GetKey:
0x043A	0x0008      	RETURN
; end of _KPD_u8GetKey
_CLCD_VidInit:
;CLCD_program.c,128 :: 		void CLCD_VidInit() /* Function to initialize CLCD */
;CLCD_program.c,131 :: 		DIO_VidSetPortMode(CLCD_DATA_PORT, PORT_OUTPUT);
0x043B	0x3003      	MOVLW      3
0x043C	0x1683      	BSF        STATUS, 5
0x043D	0x1303      	BCF        STATUS, 6
0x043E	0x00C7      	MOVWF      FARG_DIO_VidSetPortMode_Copy_u8Port
0x043F	0x01C8      	CLRF       FARG_DIO_VidSetPortMode_Copy_u8Mode
0x0440	0x2111      	CALL       _DIO_VidSetPortMode
;CLCD_program.c,134 :: 		DIO_VidSetPinMode(CLCD_CTRL_PORT, PIN_0, OUTPUT);
0x0441	0x3003      	MOVLW      3
0x0442	0x00C7      	MOVWF      FARG_DIO_VidSetPinMode_Copy_u8Port
0x0443	0x01C8      	CLRF       FARG_DIO_VidSetPinMode_Copy_u8Pin
0x0444	0x01C9      	CLRF       FARG_DIO_VidSetPinMode_Copy_u8Mode
0x0445	0x22AF      	CALL       _DIO_VidSetPinMode
;CLCD_program.c,135 :: 		DIO_VidSetPinMode(CLCD_CTRL_PORT, PIN_1, OUTPUT);
0x0446	0x3003      	MOVLW      3
0x0447	0x00C7      	MOVWF      FARG_DIO_VidSetPinMode_Copy_u8Port
0x0448	0x3001      	MOVLW      1
0x0449	0x00C8      	MOVWF      FARG_DIO_VidSetPinMode_Copy_u8Pin
0x044A	0x01C9      	CLRF       FARG_DIO_VidSetPinMode_Copy_u8Mode
0x044B	0x22AF      	CALL       _DIO_VidSetPinMode
;CLCD_program.c,136 :: 		DIO_VidSetPinMode(CLCD_CTRL_PORT, PIN_2, OUTPUT);
0x044C	0x3003      	MOVLW      3
0x044D	0x00C7      	MOVWF      FARG_DIO_VidSetPinMode_Copy_u8Port
0x044E	0x3002      	MOVLW      2
0x044F	0x00C8      	MOVWF      FARG_DIO_VidSetPinMode_Copy_u8Pin
0x0450	0x01C9      	CLRF       FARG_DIO_VidSetPinMode_Copy_u8Mode
0x0451	0x22AF      	CALL       _DIO_VidSetPinMode
;CLCD_program.c,139 :: 		delay_ms(40);
0x0452	0x30D0      	MOVLW      208
0x0453	0x00FC      	MOVWF      R12
0x0454	0x30C9      	MOVLW      201
0x0455	0x00FD      	MOVWF      R13
L_CLCD_VidInit6:
0x0456	0x0BFD      	DECFSZ     R13, 1
0x0457	0x2C56      	GOTO       L_CLCD_VidInit6
0x0458	0x0BFC      	DECFSZ     R12, 1
0x0459	0x2C56      	GOTO       L_CLCD_VidInit6
0x045A	0x0000      	NOP
0x045B	0x0000      	NOP
;CLCD_program.c,142 :: 		CLCD_VidSendCommand(0b00110011);
0x045C	0x3033      	MOVLW      51
0x045D	0x00C7      	MOVWF      FARG_CLCD_VidSendCommand_Copy_u8Command
0x045E	0x223F      	CALL       _CLCD_VidSendCommand
;CLCD_program.c,143 :: 		CLCD_VidSendCommand(0b00110010);
0x045F	0x3032      	MOVLW      50
0x0460	0x1683      	BSF        STATUS, 5
0x0461	0x1303      	BCF        STATUS, 6
0x0462	0x00C7      	MOVWF      FARG_CLCD_VidSendCommand_Copy_u8Command
0x0463	0x223F      	CALL       _CLCD_VidSendCommand
;CLCD_program.c,144 :: 		CLCD_VidSendCommand(0b00101100);
0x0464	0x302C      	MOVLW      44
0x0465	0x1683      	BSF        STATUS, 5
0x0466	0x1303      	BCF        STATUS, 6
0x0467	0x00C7      	MOVWF      FARG_CLCD_VidSendCommand_Copy_u8Command
0x0468	0x223F      	CALL       _CLCD_VidSendCommand
;CLCD_program.c,153 :: 		delay_us(49);
0x0469	0x3041      	MOVLW      65
0x046A	0x1283      	BCF        STATUS, 5
0x046B	0x1303      	BCF        STATUS, 6
0x046C	0x00FD      	MOVWF      R13
L_CLCD_VidInit7:
0x046D	0x0BFD      	DECFSZ     R13, 1
0x046E	0x2C6D      	GOTO       L_CLCD_VidInit7
;CLCD_program.c,156 :: 		CLCD_VidSendCommand(0b00001100);
0x046F	0x300C      	MOVLW      12
0x0470	0x1683      	BSF        STATUS, 5
0x0471	0x00C7      	MOVWF      FARG_CLCD_VidSendCommand_Copy_u8Command
0x0472	0x223F      	CALL       _CLCD_VidSendCommand
;CLCD_program.c,159 :: 		delay_us(49);
0x0473	0x3041      	MOVLW      65
0x0474	0x1283      	BCF        STATUS, 5
0x0475	0x1303      	BCF        STATUS, 6
0x0476	0x00FD      	MOVWF      R13
L_CLCD_VidInit8:
0x0477	0x0BFD      	DECFSZ     R13, 1
0x0478	0x2C77      	GOTO       L_CLCD_VidInit8
;CLCD_program.c,162 :: 		CLCD_VidSendCommand(0b00000001);
0x0479	0x3001      	MOVLW      1
0x047A	0x1683      	BSF        STATUS, 5
0x047B	0x00C7      	MOVWF      FARG_CLCD_VidSendCommand_Copy_u8Command
0x047C	0x223F      	CALL       _CLCD_VidSendCommand
;CLCD_program.c,165 :: 		delay_ms(2);
0x047D	0x300B      	MOVLW      11
0x047E	0x1283      	BCF        STATUS, 5
0x047F	0x1303      	BCF        STATUS, 6
0x0480	0x00FC      	MOVWF      R12
0x0481	0x3062      	MOVLW      98
0x0482	0x00FD      	MOVWF      R13
L_CLCD_VidInit9:
0x0483	0x0BFD      	DECFSZ     R13, 1
0x0484	0x2C83      	GOTO       L_CLCD_VidInit9
0x0485	0x0BFC      	DECFSZ     R12, 1
0x0486	0x2C83      	GOTO       L_CLCD_VidInit9
0x0487	0x0000      	NOP
;CLCD_program.c,166 :: 		}
L_end_CLCD_VidInit:
0x0488	0x0008      	RETURN
; end of _CLCD_VidInit
_CLCD_VidGotoXY:
;CLCD_program.c,175 :: 		void CLCD_VidGotoXY(u8 Copy_u8XPos, u8 Copy_u8YPos) /* Function to go to certain position on CLCD */
;CLCD_program.c,178 :: 		u8 Local_u8Address = 0;
0x0489	0x1683      	BSF        STATUS, 5
0x048A	0x1303      	BCF        STATUS, 6
0x048B	0x01AD      	CLRF       CLCD_VidGotoXY_Local_u8Address_L0
;CLCD_program.c,180 :: 		if (Copy_u8XPos == 0)
0x048C	0x082B      	MOVF       FARG_CLCD_VidGotoXY_Copy_u8XPos, 0
0x048D	0x3A00      	XORLW      0
0x048E	0x1D03      	BTFSS      STATUS, 2
0x048F	0x2C93      	GOTO       L_CLCD_VidGotoXY11
;CLCD_program.c,182 :: 		Local_u8Address = Copy_u8YPos;
0x0490	0x082C      	MOVF       FARG_CLCD_VidGotoXY_Copy_u8YPos, 0
0x0491	0x00AD      	MOVWF      CLCD_VidGotoXY_Local_u8Address_L0
;CLCD_program.c,183 :: 		}
0x0492	0x2C9A      	GOTO       L_CLCD_VidGotoXY12
L_CLCD_VidGotoXY11:
;CLCD_program.c,185 :: 		else if (Copy_u8XPos == 1)
0x0493	0x082B      	MOVF       FARG_CLCD_VidGotoXY_Copy_u8XPos, 0
0x0494	0x3A01      	XORLW      1
0x0495	0x1D03      	BTFSS      STATUS, 2
0x0496	0x2C9A      	GOTO       L_CLCD_VidGotoXY13
;CLCD_program.c,188 :: 		Local_u8Address = 0x40 + Copy_u8YPos;
0x0497	0x082C      	MOVF       FARG_CLCD_VidGotoXY_Copy_u8YPos, 0
0x0498	0x3E40      	ADDLW      64
0x0499	0x00AD      	MOVWF      CLCD_VidGotoXY_Local_u8Address_L0
;CLCD_program.c,189 :: 		}
L_CLCD_VidGotoXY13:
L_CLCD_VidGotoXY12:
;CLCD_program.c,193 :: 		CLCD_VidSendCommand(0b010000000 + Local_u8Address);
0x049A	0x082D      	MOVF       CLCD_VidGotoXY_Local_u8Address_L0, 0
0x049B	0x3E80      	ADDLW      128
0x049C	0x00C7      	MOVWF      FARG_CLCD_VidSendCommand_Copy_u8Command
0x049D	0x223F      	CALL       _CLCD_VidSendCommand
;CLCD_program.c,194 :: 		}
L_end_CLCD_VidGotoXY:
0x049E	0x0008      	RETURN
; end of _CLCD_VidGotoXY
_KPD_VidInit:
;KPD_program.c,7 :: 		void KPD_VidInit(void)
;KPD_program.c,10 :: 		DIO_VidSetPinMode(KPD_u8PORT, KPD_u8COLUMN0_PIN, OUTPUT);
0x049F	0x3001      	MOVLW      1
0x04A0	0x1683      	BSF        STATUS, 5
0x04A1	0x1303      	BCF        STATUS, 6
0x04A2	0x00C7      	MOVWF      FARG_DIO_VidSetPinMode_Copy_u8Port
0x04A3	0x01C8      	CLRF       FARG_DIO_VidSetPinMode_Copy_u8Pin
0x04A4	0x01C9      	CLRF       FARG_DIO_VidSetPinMode_Copy_u8Mode
0x04A5	0x22AF      	CALL       _DIO_VidSetPinMode
;KPD_program.c,11 :: 		DIO_VidSetPinMode(KPD_u8PORT, KPD_u8COLUMN1_PIN, OUTPUT);
0x04A6	0x3001      	MOVLW      1
0x04A7	0x00C7      	MOVWF      FARG_DIO_VidSetPinMode_Copy_u8Port
0x04A8	0x3001      	MOVLW      1
0x04A9	0x00C8      	MOVWF      FARG_DIO_VidSetPinMode_Copy_u8Pin
0x04AA	0x01C9      	CLRF       FARG_DIO_VidSetPinMode_Copy_u8Mode
0x04AB	0x22AF      	CALL       _DIO_VidSetPinMode
;KPD_program.c,12 :: 		DIO_VidSetPinMode(KPD_u8PORT, KPD_u8COLUMN2_PIN, OUTPUT);
0x04AC	0x3001      	MOVLW      1
0x04AD	0x00C7      	MOVWF      FARG_DIO_VidSetPinMode_Copy_u8Port
0x04AE	0x3002      	MOVLW      2
0x04AF	0x00C8      	MOVWF      FARG_DIO_VidSetPinMode_Copy_u8Pin
0x04B0	0x01C9      	CLRF       FARG_DIO_VidSetPinMode_Copy_u8Mode
0x04B1	0x22AF      	CALL       _DIO_VidSetPinMode
;KPD_program.c,13 :: 		DIO_VidSetPinMode(KPD_u8PORT, KPD_u8COLUMN3_PIN, OUTPUT);
0x04B2	0x3001      	MOVLW      1
0x04B3	0x00C7      	MOVWF      FARG_DIO_VidSetPinMode_Copy_u8Port
0x04B4	0x3003      	MOVLW      3
0x04B5	0x00C8      	MOVWF      FARG_DIO_VidSetPinMode_Copy_u8Pin
0x04B6	0x01C9      	CLRF       FARG_DIO_VidSetPinMode_Copy_u8Mode
0x04B7	0x22AF      	CALL       _DIO_VidSetPinMode
;KPD_program.c,16 :: 		DIO_VidSetPinMode(KPD_u8PORT, KPD_u8ROW0_PIN, INPUT_PULLUP);
0x04B8	0x3001      	MOVLW      1
0x04B9	0x00C7      	MOVWF      FARG_DIO_VidSetPinMode_Copy_u8Port
0x04BA	0x3004      	MOVLW      4
0x04BB	0x00C8      	MOVWF      FARG_DIO_VidSetPinMode_Copy_u8Pin
0x04BC	0x3002      	MOVLW      2
0x04BD	0x00C9      	MOVWF      FARG_DIO_VidSetPinMode_Copy_u8Mode
0x04BE	0x22AF      	CALL       _DIO_VidSetPinMode
;KPD_program.c,17 :: 		DIO_VidSetPinMode(KPD_u8PORT, KPD_u8ROW1_PIN, INPUT_PULLUP);
0x04BF	0x3001      	MOVLW      1
0x04C0	0x00C7      	MOVWF      FARG_DIO_VidSetPinMode_Copy_u8Port
0x04C1	0x3005      	MOVLW      5
0x04C2	0x00C8      	MOVWF      FARG_DIO_VidSetPinMode_Copy_u8Pin
0x04C3	0x3002      	MOVLW      2
0x04C4	0x00C9      	MOVWF      FARG_DIO_VidSetPinMode_Copy_u8Mode
0x04C5	0x22AF      	CALL       _DIO_VidSetPinMode
;KPD_program.c,18 :: 		DIO_VidSetPinMode(KPD_u8PORT, KPD_u8ROW2_PIN, INPUT_PULLUP);
0x04C6	0x3001      	MOVLW      1
0x04C7	0x00C7      	MOVWF      FARG_DIO_VidSetPinMode_Copy_u8Port
0x04C8	0x3006      	MOVLW      6
0x04C9	0x00C8      	MOVWF      FARG_DIO_VidSetPinMode_Copy_u8Pin
0x04CA	0x3002      	MOVLW      2
0x04CB	0x00C9      	MOVWF      FARG_DIO_VidSetPinMode_Copy_u8Mode
0x04CC	0x22AF      	CALL       _DIO_VidSetPinMode
;KPD_program.c,19 :: 		DIO_VidSetPinMode(KPD_u8PORT, KPD_u8ROW3_PIN, INPUT_PULLUP);
0x04CD	0x3001      	MOVLW      1
0x04CE	0x00C7      	MOVWF      FARG_DIO_VidSetPinMode_Copy_u8Port
0x04CF	0x3007      	MOVLW      7
0x04D0	0x00C8      	MOVWF      FARG_DIO_VidSetPinMode_Copy_u8Pin
0x04D1	0x3002      	MOVLW      2
0x04D2	0x00C9      	MOVWF      FARG_DIO_VidSetPinMode_Copy_u8Mode
0x04D3	0x22AF      	CALL       _DIO_VidSetPinMode
;KPD_program.c,20 :: 		}
L_end_KPD_VidInit:
0x04D4	0x0008      	RETURN
; end of _KPD_VidInit
___CC2DW:
;__Lib_System.c,134 :: 		
;__Lib_System.c,137 :: 		
_CC2D_Loop1:
;__Lib_System.c,139 :: 		
0x04D5	0x22A8      	CALL       _____DoICP
0x04D6	0x118A      	BCF        PCLATH, 3
0x04D7	0x120A      	BCF        PCLATH, 4
;__Lib_System.c,141 :: 		
0x04D8	0x0080      	MOVWF      INDF
;__Lib_System.c,142 :: 		
0x04D9	0x0A84      	INCF       FSR, 1
;__Lib_System.c,143 :: 		
0x04DA	0x0AEB      	INCF       ___DoICPAddr, 1
;__Lib_System.c,145 :: 		
0x04DB	0x1903      	BTFSC      STATUS, 2
;__Lib_System.c,146 :: 		
0x04DC	0x0AEC      	INCF       ___DoICPAddr+1, 1
;__Lib_System.c,147 :: 		
0x04DD	0x03F0      	DECF       R0, 1
;__Lib_System.c,149 :: 		
0x04DE	0x1D03      	BTFSS      STATUS, 2
;__Lib_System.c,150 :: 		
0x04DF	0x2CD5      	GOTO       _CC2D_Loop1
;__Lib_System.c,152 :: 		
L_end___CC2DW:
0x04E0	0x0008      	RETURN
; end of ___CC2DW
_CLCD_VidDisplayClear:
;CLCD_program.c,168 :: 		void CLCD_VidDisplayClear() /* Function to clear display */
;CLCD_program.c,170 :: 		CLCD_VidSendCommand(0b00000001);
0x04E1	0x3001      	MOVLW      1
0x04E2	0x1683      	BSF        STATUS, 5
0x04E3	0x1303      	BCF        STATUS, 6
0x04E4	0x00C7      	MOVWF      FARG_CLCD_VidSendCommand_Copy_u8Command
0x04E5	0x223F      	CALL       _CLCD_VidSendCommand
;CLCD_program.c,172 :: 		delay_ms(2);
0x04E6	0x300B      	MOVLW      11
0x04E7	0x1283      	BCF        STATUS, 5
0x04E8	0x1303      	BCF        STATUS, 6
0x04E9	0x00FC      	MOVWF      R12
0x04EA	0x3062      	MOVLW      98
0x04EB	0x00FD      	MOVWF      R13
L_CLCD_VidDisplayClear10:
0x04EC	0x0BFD      	DECFSZ     R13, 1
0x04ED	0x2CEC      	GOTO       L_CLCD_VidDisplayClear10
0x04EE	0x0BFC      	DECFSZ     R12, 1
0x04EF	0x2CEC      	GOTO       L_CLCD_VidDisplayClear10
0x04F0	0x0000      	NOP
;CLCD_program.c,173 :: 		}
L_end_CLCD_VidDisplayClear:
0x04F1	0x0008      	RETURN
; end of _CLCD_VidDisplayClear
_main:
0x04F2	0x25D4      	CALL       1492
;KPD.c,12 :: 		void main()
;KPD.c,14 :: 		u8 Local_u8Password[] = "1234";
0x04F3	0x3031      	MOVLW      49
0x04F4	0x1683      	BSF        STATUS, 5
0x04F5	0x1303      	BCF        STATUS, 6
0x04F6	0x00A5      	MOVWF      main_Local_u8Password_L0
0x04F7	0x3032      	MOVLW      50
0x04F8	0x00A6      	MOVWF      main_Local_u8Password_L0+1
0x04F9	0x3033      	MOVLW      51
0x04FA	0x00A7      	MOVWF      main_Local_u8Password_L0+2
0x04FB	0x3034      	MOVLW      52
0x04FC	0x00A8      	MOVWF      main_Local_u8Password_L0+3
0x04FD	0x01A9      	CLRF       main_Local_u8Password_L0+4
0x04FE	0x1283      	BCF        STATUS, 5
0x04FF	0x01EF      	CLRF       main_Local_u8Tries_L0
0x0500	0x30FF      	MOVLW      255
0x0501	0x1683      	BSF        STATUS, 5
0x0502	0x00AA      	MOVWF      main_Local_u8PassStatus_L0
;KPD.c,21 :: 		Local_u8PassArr[PASSWORD_LENGTH] = '\0';
0x0503	0x01A4      	CLRF       main_Local_u8PassArr_L0+4
;KPD.c,23 :: 		KPD_VidInit();
0x0504	0x249F      	CALL       _KPD_VidInit
;KPD.c,24 :: 		CLCD_VidInit();
0x0505	0x243B      	CALL       _CLCD_VidInit
;KPD.c,26 :: 		CLCD_VidSendString("Enter Password: ");
0x0506	0x304B      	MOVLW      ?lstr1_KPD
0x0507	0x1683      	BSF        STATUS, 5
0x0508	0x00AB      	MOVWF      FARG_CLCD_VidSendString_Copy_u8Str
0x0509	0x2392      	CALL       _CLCD_VidSendString
;KPD.c,28 :: 		do
L_main0:
;KPD.c,30 :: 		for (i = 0; i < PASSWORD_LENGTH; i++)
0x050A	0x1283      	BCF        STATUS, 5
0x050B	0x01EE      	CLRF       main_i_L0
L_main3:
0x050C	0x3004      	MOVLW      4
0x050D	0x026E      	SUBWF      main_i_L0, 0
0x050E	0x1803      	BTFSC      STATUS, 0
0x050F	0x2D3D      	GOTO       L_main4
;KPD.c,32 :: 		u8 Local_u8KPDResult = KPD_u8GetKey();
0x0510	0x23A4      	CALL       _KPD_u8GetKey
0x0511	0x0870      	MOVF       R0, 0
0x0512	0x1283      	BCF        STATUS, 5
0x0513	0x00ED      	MOVWF      main_Local_u8KPDResult_L2
;KPD.c,34 :: 		if (Local_u8KPDResult != NULL)
0x0514	0x0870      	MOVF       R0, 0
0x0515	0x3A00      	XORLW      0
0x0516	0x1903      	BTFSC      STATUS, 2
0x0517	0x2D38      	GOTO       L_main6
;KPD.c,36 :: 		delay_ms(DEBOUNCE_DELAY);
0x0518	0x3002      	MOVLW      2
0x0519	0x00FB      	MOVWF      R11
0x051A	0x30A0      	MOVLW      160
0x051B	0x00FC      	MOVWF      R12
0x051C	0x3092      	MOVLW      146
0x051D	0x00FD      	MOVWF      R13
L_main7:
0x051E	0x0BFD      	DECFSZ     R13, 1
0x051F	0x2D1E      	GOTO       L_main7
0x0520	0x0BFC      	DECFSZ     R12, 1
0x0521	0x2D1E      	GOTO       L_main7
0x0522	0x0BFB      	DECFSZ     R11, 1
0x0523	0x2D1E      	GOTO       L_main7
0x0524	0x0000      	NOP
;KPD.c,37 :: 		Local_u8PassArr[i] = Local_u8KPDResult;
0x0525	0x086E      	MOVF       main_i_L0, 0
0x0526	0x3EA0      	ADDLW      main_Local_u8PassArr_L0
0x0527	0x0084      	MOVWF      FSR
0x0528	0x086D      	MOVF       main_Local_u8KPDResult_L2, 0
0x0529	0x0080      	MOVWF      INDF
;KPD.c,38 :: 		CLCD_VidGotoXY(1, i);
0x052A	0x3001      	MOVLW      1
0x052B	0x1683      	BSF        STATUS, 5
0x052C	0x00AB      	MOVWF      FARG_CLCD_VidGotoXY_Copy_u8XPos
0x052D	0x1283      	BCF        STATUS, 5
0x052E	0x086E      	MOVF       main_i_L0, 0
0x052F	0x1683      	BSF        STATUS, 5
0x0530	0x00AC      	MOVWF      FARG_CLCD_VidGotoXY_Copy_u8YPos
0x0531	0x2489      	CALL       _CLCD_VidGotoXY
;KPD.c,39 :: 		CLCD_VidSendString("*");
0x0532	0x305C      	MOVLW      ?lstr2_KPD
0x0533	0x1683      	BSF        STATUS, 5
0x0534	0x1303      	BCF        STATUS, 6
0x0535	0x00AB      	MOVWF      FARG_CLCD_VidSendString_Copy_u8Str
0x0536	0x2392      	CALL       _CLCD_VidSendString
;KPD.c,40 :: 		}
0x0537	0x2D3A      	GOTO       L_main8
L_main6:
;KPD.c,43 :: 		i--;
0x0538	0x1283      	BCF        STATUS, 5
0x0539	0x03EE      	DECF       main_i_L0, 1
;KPD.c,44 :: 		}
L_main8:
0x053A	0x1283      	BCF        STATUS, 5
;KPD.c,30 :: 		for (i = 0; i < PASSWORD_LENGTH; i++)
0x053B	0x0AEE      	INCF       main_i_L0, 1
;KPD.c,45 :: 		}
0x053C	0x2D0C      	GOTO       L_main3
L_main4:
;KPD.c,47 :: 		for (i = 0; i < PASSWORD_LENGTH; i++)
0x053D	0x01EE      	CLRF       main_i_L0
L_main9:
0x053E	0x3004      	MOVLW      4
0x053F	0x026E      	SUBWF      main_i_L0, 0
0x0540	0x1803      	BTFSC      STATUS, 0
0x0541	0x2D58      	GOTO       L_main10
;KPD.c,49 :: 		if (Local_u8PassArr[i] != Local_u8Password[i])
0x0542	0x086E      	MOVF       main_i_L0, 0
0x0543	0x3EA0      	ADDLW      main_Local_u8PassArr_L0
0x0544	0x0084      	MOVWF      FSR
0x0545	0x0800      	MOVF       INDF, 0
0x0546	0x00F1      	MOVWF      R1
0x0547	0x086E      	MOVF       main_i_L0, 0
0x0548	0x3EA5      	ADDLW      main_Local_u8Password_L0
0x0549	0x0084      	MOVWF      FSR
0x054A	0x0871      	MOVF       R1, 0
0x054B	0x0600      	XORWF      INDF, 0
0x054C	0x1903      	BTFSC      STATUS, 2
0x054D	0x2D52      	GOTO       L_main12
;KPD.c,51 :: 		Local_u8PassStatus = INVALID;
0x054E	0x30FF      	MOVLW      255
0x054F	0x1683      	BSF        STATUS, 5
0x0550	0x00AA      	MOVWF      main_Local_u8PassStatus_L0
;KPD.c,52 :: 		break;
0x0551	0x2D58      	GOTO       L_main10
;KPD.c,53 :: 		}
L_main12:
0x0552	0x1683      	BSF        STATUS, 5
;KPD.c,56 :: 		Local_u8PassStatus = VALID;
0x0553	0x3001      	MOVLW      1
0x0554	0x00AA      	MOVWF      main_Local_u8PassStatus_L0
;KPD.c,47 :: 		for (i = 0; i < PASSWORD_LENGTH; i++)
0x0555	0x1283      	BCF        STATUS, 5
0x0556	0x0AEE      	INCF       main_i_L0, 1
;KPD.c,58 :: 		}
0x0557	0x2D3E      	GOTO       L_main9
L_main10:
;KPD.c,60 :: 		if (Local_u8PassStatus == VALID)
0x0558	0x1683      	BSF        STATUS, 5
0x0559	0x082A      	MOVF       main_Local_u8PassStatus_L0, 0
0x055A	0x3A01      	XORLW      1
0x055B	0x1D03      	BTFSS      STATUS, 2
0x055C	0x2D63      	GOTO       L_main14
;KPD.c,62 :: 		CLCD_VidDisplayClear();
0x055D	0x24E1      	CALL       _CLCD_VidDisplayClear
;KPD.c,63 :: 		CLCD_VidSendString("Welcome Amir");
0x055E	0x305E      	MOVLW      ?lstr3_KPD
0x055F	0x1683      	BSF        STATUS, 5
0x0560	0x00AB      	MOVWF      FARG_CLCD_VidSendString_Copy_u8Str
0x0561	0x2392      	CALL       _CLCD_VidSendString
;KPD.c,64 :: 		}
0x0562	0x2D6A      	GOTO       L_main15
L_main14:
;KPD.c,67 :: 		Local_u8Tries++;
0x0563	0x1283      	BCF        STATUS, 5
0x0564	0x0AEF      	INCF       main_Local_u8Tries_L0, 1
;KPD.c,68 :: 		CLCD_VidDisplayClear();
0x0565	0x24E1      	CALL       _CLCD_VidDisplayClear
;KPD.c,69 :: 		CLCD_VidSendString("Try again: ");
0x0566	0x3020      	MOVLW      ?lstr4_KPD
0x0567	0x1683      	BSF        STATUS, 5
0x0568	0x00AB      	MOVWF      FARG_CLCD_VidSendString_Copy_u8Str
0x0569	0x2392      	CALL       _CLCD_VidSendString
;KPD.c,70 :: 		}
L_main15:
;KPD.c,71 :: 		if (Local_u8Tries >= MAXIMUM_TRIES_NUMBER)
0x056A	0x3003      	MOVLW      3
0x056B	0x1283      	BCF        STATUS, 5
0x056C	0x026F      	SUBWF      main_Local_u8Tries_L0, 0
0x056D	0x1C03      	BTFSS      STATUS, 0
0x056E	0x2D7D      	GOTO       L_main16
;KPD.c,73 :: 		CLCD_VidDisplayClear();
0x056F	0x24E1      	CALL       _CLCD_VidDisplayClear
;KPD.c,74 :: 		CLCD_VidSendString("Too many tries");
0x0570	0x302C      	MOVLW      ?lstr5_KPD
0x0571	0x1683      	BSF        STATUS, 5
0x0572	0x00AB      	MOVWF      FARG_CLCD_VidSendString_Copy_u8Str
0x0573	0x2392      	CALL       _CLCD_VidSendString
;KPD.c,75 :: 		CLCD_VidGotoXY(1, 0);
0x0574	0x3001      	MOVLW      1
0x0575	0x00AB      	MOVWF      FARG_CLCD_VidGotoXY_Copy_u8XPos
0x0576	0x01AC      	CLRF       FARG_CLCD_VidGotoXY_Copy_u8YPos
0x0577	0x2489      	CALL       _CLCD_VidGotoXY
;KPD.c,76 :: 		CLCD_VidSendString("Try again later");
0x0578	0x303B      	MOVLW      ?lstr6_KPD
0x0579	0x1683      	BSF        STATUS, 5
0x057A	0x1303      	BCF        STATUS, 6
0x057B	0x00AB      	MOVWF      FARG_CLCD_VidSendString_Copy_u8Str
0x057C	0x2392      	CALL       _CLCD_VidSendString
;KPD.c,77 :: 		}
L_main16:
;KPD.c,78 :: 		} while (Local_u8Tries < MAXIMUM_TRIES_NUMBER);
0x057D	0x3003      	MOVLW      3
0x057E	0x1283      	BCF        STATUS, 5
0x057F	0x026F      	SUBWF      main_Local_u8Tries_L0, 0
0x0580	0x1C03      	BTFSS      STATUS, 0
0x0581	0x2D0A      	GOTO       L_main0
;KPD.c,80 :: 		while (1)
L_main17:
;KPD.c,82 :: 		}
0x0582	0x2D82      	GOTO       L_main17
;KPD.c,83 :: 		}
L_end_main:
0x0583	0x2D83      	GOTO       $+0
; end of _main
0x05D4	0x3020      	MOVLW      32
0x05D5	0x0084      	MOVWF      FSR
0x05D6	0x304B      	MOVLW      75
0x05D7	0x1283      	BCF        STATUS, 5
0x05D8	0x1303      	BCF        STATUS, 6
0x05D9	0x00F0      	MOVWF      R0
0x05DA	0x3089      	MOVLW      137
0x05DB	0x00EB      	MOVWF      ___DoICPAddr
0x05DC	0x3005      	MOVLW      5
0x05DD	0x00EC      	MOVWF      108
0x05DE	0x24D5      	CALL       1237
0x05DF	0x0008      	RETURN
;KPD.c,0 :: ?ICS?lstr4_KPD
0x0589	0x3454 ;?ICS?lstr4_KPD+0
0x058A	0x3472 ;?ICS?lstr4_KPD+1
0x058B	0x3479 ;?ICS?lstr4_KPD+2
0x058C	0x3420 ;?ICS?lstr4_KPD+3
0x058D	0x3461 ;?ICS?lstr4_KPD+4
0x058E	0x3467 ;?ICS?lstr4_KPD+5
0x058F	0x3461 ;?ICS?lstr4_KPD+6
0x0590	0x3469 ;?ICS?lstr4_KPD+7
0x0591	0x346E ;?ICS?lstr4_KPD+8
0x0592	0x343A ;?ICS?lstr4_KPD+9
0x0593	0x3420 ;?ICS?lstr4_KPD+10
0x0594	0x3400 ;?ICS?lstr4_KPD+11
; end of ?ICS?lstr4_KPD
;KPD.c,0 :: ?ICS?lstr5_KPD
0x0595	0x3454 ;?ICS?lstr5_KPD+0
0x0596	0x346F ;?ICS?lstr5_KPD+1
0x0597	0x346F ;?ICS?lstr5_KPD+2
0x0598	0x3420 ;?ICS?lstr5_KPD+3
0x0599	0x346D ;?ICS?lstr5_KPD+4
0x059A	0x3461 ;?ICS?lstr5_KPD+5
0x059B	0x346E ;?ICS?lstr5_KPD+6
0x059C	0x3479 ;?ICS?lstr5_KPD+7
0x059D	0x3420 ;?ICS?lstr5_KPD+8
0x059E	0x3474 ;?ICS?lstr5_KPD+9
0x059F	0x3472 ;?ICS?lstr5_KPD+10
0x05A0	0x3469 ;?ICS?lstr5_KPD+11
0x05A1	0x3465 ;?ICS?lstr5_KPD+12
0x05A2	0x3473 ;?ICS?lstr5_KPD+13
0x05A3	0x3400 ;?ICS?lstr5_KPD+14
; end of ?ICS?lstr5_KPD
;KPD.c,0 :: ?ICS?lstr6_KPD
0x05A4	0x3454 ;?ICS?lstr6_KPD+0
0x05A5	0x3472 ;?ICS?lstr6_KPD+1
0x05A6	0x3479 ;?ICS?lstr6_KPD+2
0x05A7	0x3420 ;?ICS?lstr6_KPD+3
0x05A8	0x3461 ;?ICS?lstr6_KPD+4
0x05A9	0x3467 ;?ICS?lstr6_KPD+5
0x05AA	0x3461 ;?ICS?lstr6_KPD+6
0x05AB	0x3469 ;?ICS?lstr6_KPD+7
0x05AC	0x346E ;?ICS?lstr6_KPD+8
0x05AD	0x3420 ;?ICS?lstr6_KPD+9
0x05AE	0x346C ;?ICS?lstr6_KPD+10
0x05AF	0x3461 ;?ICS?lstr6_KPD+11
0x05B0	0x3474 ;?ICS?lstr6_KPD+12
0x05B1	0x3465 ;?ICS?lstr6_KPD+13
0x05B2	0x3472 ;?ICS?lstr6_KPD+14
0x05B3	0x3400 ;?ICS?lstr6_KPD+15
; end of ?ICS?lstr6_KPD
;KPD.c,0 :: ?ICS?lstr1_KPD
0x05B4	0x3445 ;?ICS?lstr1_KPD+0
0x05B5	0x346E ;?ICS?lstr1_KPD+1
0x05B6	0x3474 ;?ICS?lstr1_KPD+2
0x05B7	0x3465 ;?ICS?lstr1_KPD+3
0x05B8	0x3472 ;?ICS?lstr1_KPD+4
0x05B9	0x3420 ;?ICS?lstr1_KPD+5
0x05BA	0x3450 ;?ICS?lstr1_KPD+6
0x05BB	0x3461 ;?ICS?lstr1_KPD+7
0x05BC	0x3473 ;?ICS?lstr1_KPD+8
0x05BD	0x3473 ;?ICS?lstr1_KPD+9
0x05BE	0x3477 ;?ICS?lstr1_KPD+10
0x05BF	0x346F ;?ICS?lstr1_KPD+11
0x05C0	0x3472 ;?ICS?lstr1_KPD+12
0x05C1	0x3464 ;?ICS?lstr1_KPD+13
0x05C2	0x343A ;?ICS?lstr1_KPD+14
0x05C3	0x3420 ;?ICS?lstr1_KPD+15
0x05C4	0x3400 ;?ICS?lstr1_KPD+16
; end of ?ICS?lstr1_KPD
;KPD.c,0 :: ?ICS?lstr2_KPD
0x05C5	0x342A ;?ICS?lstr2_KPD+0
0x05C6	0x3400 ;?ICS?lstr2_KPD+1
; end of ?ICS?lstr2_KPD
;KPD.c,0 :: ?ICS?lstr3_KPD
0x05C7	0x3457 ;?ICS?lstr3_KPD+0
0x05C8	0x3465 ;?ICS?lstr3_KPD+1
0x05C9	0x346C ;?ICS?lstr3_KPD+2
0x05CA	0x3463 ;?ICS?lstr3_KPD+3
0x05CB	0x346F ;?ICS?lstr3_KPD+4
0x05CC	0x346D ;?ICS?lstr3_KPD+5
0x05CD	0x3465 ;?ICS?lstr3_KPD+6
0x05CE	0x3420 ;?ICS?lstr3_KPD+7
0x05CF	0x3441 ;?ICS?lstr3_KPD+8
0x05D0	0x346D ;?ICS?lstr3_KPD+9
0x05D1	0x3469 ;?ICS?lstr3_KPD+10
0x05D2	0x3472 ;?ICS?lstr3_KPD+11
0x05D3	0x3400 ;?ICS?lstr3_KPD+12
; end of ?ICS?lstr3_KPD
Symbol List:
//** Routines locations **
//ADDRESS    SIZE    PROCEDURE
//----------------------------------------------
0x0003      [50]    _DIO_VidSetPortValue
0x0035     [220]    _DIO_VidSetPinValue
0x0111      [53]    _DIO_VidSetPortMode
0x0146     [127]    _DIO_VidGetPinValue
0x01C5     [122]    _CLCD_VidSendData
0x023F     [105]    _CLCD_VidSendCommand
0x02A8       [7]    _____DoICP
0x02AF     [227]    _DIO_VidSetPinMode
0x0392      [18]    _CLCD_VidSendString
0x03A4     [151]    _KPD_u8GetKey
0x043B      [78]    _CLCD_VidInit
0x0489      [22]    _CLCD_VidGotoXY
0x049F      [54]    _KPD_VidInit
0x04D5      [12]    ___CC2DW
0x04E1      [17]    _CLCD_VidDisplayClear
0x04F2     [145]    _main
//** Variables locations ** 
//ADDRESS    SIZE    VARIABLE
//----------------------------------------------
0x0000       [1]    INDF
0x0002       [1]    PCL
0x0003       [1]    STATUS
0x0004       [1]    FSR
0x000A       [1]    PCLATH
0x0020      [12]    ?lstr4_KPD
0x002C      [15]    ?lstr5_KPD
0x003B      [16]    ?lstr6_KPD
0x004B      [17]    ?lstr1_KPD
0x005C       [2]    ?lstr2_KPD
0x005E      [13]    ?lstr3_KPD
0x006B       [2]    ___DoICPAddr
0x006D       [1]    main_Local_u8KPDResult_L2
0x006E       [1]    main_i_L0
0x006F       [1]    main_Local_u8Tries_L0
0x0070       [1]    R0
0x0071       [1]    R1
0x0072       [1]    R2
0x0073       [1]    R3
0x0074       [1]    R4
0x0075       [1]    R5
0x0076       [1]    R6
0x0077       [1]    R7
0x0078       [1]    R8
0x0079       [1]    R9
0x007A       [1]    R10
0x007B       [1]    R11
0x007C       [1]    R12
0x007D       [1]    R13
0x007E       [1]    R14
0x007F       [1]    R15
0x00A0       [5]    main_Local_u8PassArr_L0
0x00A5       [5]    main_Local_u8Password_L0
0x00AA       [1]    main_Local_u8PassStatus_L0
0x00AB       [1]    FARG_CLCD_VidSendString_Copy_u8Str
0x00AB       [1]    FARG_CLCD_VidGotoXY_Copy_u8XPos
0x00AB       [1]    KPD_u8GetKey_Local_KeyPressed_L0
0x00AC       [1]    FARG_CLCD_VidGotoXY_Copy_u8YPos
0x00AC      [16]    KPD_u8GetKey_Local_u8KPDArr_L0
0x00AD       [1]    CLCD_VidGotoXY_Local_u8Address_L0
0x00BC       [1]    KPD_u8GetKey_Local_u8ColumnIdx_L0
0x00BD       [1]    KPD_u8GetKey_Local_u8ROWIdx_L0
0x00BE       [1]    KPD_u8GetKey_Local_u8State_L0
0x00BF       [4]    KPD_u8GetKey_Local_u8ColumnArr_L0
0x00C3       [4]    KPD_u8GetKey_Local_u8RowArr_L0
0x00C7       [1]    FARG_DIO_VidSetPortMode_Copy_u8Port
0x00C7       [1]    FARG_CLCD_VidSendData_Copy_u8Data
0x00C7       [1]    FARG_DIO_VidSetPinMode_Copy_u8Port
0x00C7       [1]    FARG_DIO_VidGetPinValue_Copy_u8Port
0x00C7       [1]    FARG_CLCD_VidSendCommand_Copy_u8Command
0x00C8       [1]    FARG_DIO_VidSetPortMode_Copy_u8Mode
0x00C8       [1]    FARG_DIO_VidGetPinValue_Copy_u8Pin
0x00C8       [1]    FARG_DIO_VidSetPinMode_Copy_u8Pin
0x00C9       [1]    FARG_DIO_VidGetPinValue_Copy_Pu8PinValue
0x00C9       [1]    FARG_DIO_VidSetPinMode_Copy_u8Mode
0x00CA       [1]    FARG_DIO_VidSetPortValue_Copy_u8Port
0x00CA       [1]    FARG_DIO_VidSetPinValue_Copy_u8Port
0x00CB       [1]    FARG_DIO_VidSetPinValue_Copy_u8Pin
0x00CB       [1]    FARG_DIO_VidSetPortValue_Copy_u8Value
0x00CC       [1]    FARG_DIO_VidSetPinValue_Copy_u8Value
//** Constants locations ** 
//ADDRESS    SIZE    CONSTANT
//----------------------------------------------
0x0589      [12]    ?ICS?lstr4_KPD
0x0595      [15]    ?ICS?lstr5_KPD
0x05A4      [16]    ?ICS?lstr6_KPD
0x05B4      [17]    ?ICS?lstr1_KPD
0x05C5       [2]    ?ICS?lstr2_KPD
0x05C7      [13]    ?ICS?lstr3_KPD
