;  LST file generated by mikroListExporter - v.2.0 
; Date/Time: 11/10/2022 1:54:25 AM
;----------------------------------------------

;Address Opcode 	ASM
0x0000	0x2AFD      	GOTO       765
_DIO_VidSetPinValue:
;DIO_program.c,64 :: 		void DIO_VidSetPinValue(u8 Copy_u8Port, u8 Copy_u8Pin, u8 Copy_u8Value)
;DIO_program.c,67 :: 		if (Copy_u8Value == LOW)
0x0003	0x1283      	BCF        STATUS, 5
0x0004	0x1303      	BCF        STATUS, 6
0x0005	0x083C      	MOVF       FARG_DIO_VidSetPinValue_Copy_u8Value, 0
0x0006	0x3A00      	XORLW      0
0x0007	0x1D03      	BTFSS      STATUS, 2
0x0008	0x286A      	GOTO       L_DIO_VidSetPinValue21
;DIO_program.c,69 :: 		switch (Copy_u8Port)
0x0009	0x2855      	GOTO       L_DIO_VidSetPinValue22
;DIO_program.c,71 :: 		case (PORT_A):
L_DIO_VidSetPinValue24:
;DIO_program.c,72 :: 		CLR_BIT(PORTA, Copy_u8Pin);
0x000A	0x083B      	MOVF       FARG_DIO_VidSetPinValue_Copy_u8Pin, 0
0x000B	0x00F1      	MOVWF      R1
0x000C	0x3001      	MOVLW      1
0x000D	0x00F0      	MOVWF      R0
0x000E	0x0871      	MOVF       R1, 0
L__DIO_VidSetPinValue92:
0x000F	0x1903      	BTFSC      STATUS, 2
0x0010	0x2815      	GOTO       L__DIO_VidSetPinValue93
0x0011	0x0DF0      	RLF        R0, 1
0x0012	0x1070      	BCF        R0, 0
0x0013	0x3EFF      	ADDLW      255
0x0014	0x280F      	GOTO       L__DIO_VidSetPinValue92
L__DIO_VidSetPinValue93:
0x0015	0x09F0      	COMF       R0, 1
0x0016	0x0870      	MOVF       R0, 0
0x0017	0x0585      	ANDWF      PORTA, 1
;DIO_program.c,73 :: 		break;
0x0018	0x2869      	GOTO       L_DIO_VidSetPinValue23
;DIO_program.c,74 :: 		case (PORT_B):
L_DIO_VidSetPinValue25:
;DIO_program.c,75 :: 		CLR_BIT(PORTB, Copy_u8Pin);
0x0019	0x083B      	MOVF       FARG_DIO_VidSetPinValue_Copy_u8Pin, 0
0x001A	0x00F1      	MOVWF      R1
0x001B	0x3001      	MOVLW      1
0x001C	0x00F0      	MOVWF      R0
0x001D	0x0871      	MOVF       R1, 0
L__DIO_VidSetPinValue94:
0x001E	0x1903      	BTFSC      STATUS, 2
0x001F	0x2824      	GOTO       L__DIO_VidSetPinValue95
0x0020	0x0DF0      	RLF        R0, 1
0x0021	0x1070      	BCF        R0, 0
0x0022	0x3EFF      	ADDLW      255
0x0023	0x281E      	GOTO       L__DIO_VidSetPinValue94
L__DIO_VidSetPinValue95:
0x0024	0x09F0      	COMF       R0, 1
0x0025	0x0870      	MOVF       R0, 0
0x0026	0x0586      	ANDWF      PORTB, 1
;DIO_program.c,76 :: 		break;
0x0027	0x2869      	GOTO       L_DIO_VidSetPinValue23
;DIO_program.c,77 :: 		case (PORT_C):
L_DIO_VidSetPinValue26:
;DIO_program.c,78 :: 		CLR_BIT(PORTC, Copy_u8Pin);
0x0028	0x083B      	MOVF       FARG_DIO_VidSetPinValue_Copy_u8Pin, 0
0x0029	0x00F1      	MOVWF      R1
0x002A	0x3001      	MOVLW      1
0x002B	0x00F0      	MOVWF      R0
0x002C	0x0871      	MOVF       R1, 0
L__DIO_VidSetPinValue96:
0x002D	0x1903      	BTFSC      STATUS, 2
0x002E	0x2833      	GOTO       L__DIO_VidSetPinValue97
0x002F	0x0DF0      	RLF        R0, 1
0x0030	0x1070      	BCF        R0, 0
0x0031	0x3EFF      	ADDLW      255
0x0032	0x282D      	GOTO       L__DIO_VidSetPinValue96
L__DIO_VidSetPinValue97:
0x0033	0x09F0      	COMF       R0, 1
0x0034	0x0870      	MOVF       R0, 0
0x0035	0x0587      	ANDWF      PORTC, 1
;DIO_program.c,79 :: 		break;
0x0036	0x2869      	GOTO       L_DIO_VidSetPinValue23
;DIO_program.c,80 :: 		case (PORT_D):
L_DIO_VidSetPinValue27:
;DIO_program.c,81 :: 		CLR_BIT(PORTD, Copy_u8Pin);
0x0037	0x083B      	MOVF       FARG_DIO_VidSetPinValue_Copy_u8Pin, 0
0x0038	0x00F1      	MOVWF      R1
0x0039	0x3001      	MOVLW      1
0x003A	0x00F0      	MOVWF      R0
0x003B	0x0871      	MOVF       R1, 0
L__DIO_VidSetPinValue98:
0x003C	0x1903      	BTFSC      STATUS, 2
0x003D	0x2842      	GOTO       L__DIO_VidSetPinValue99
0x003E	0x0DF0      	RLF        R0, 1
0x003F	0x1070      	BCF        R0, 0
0x0040	0x3EFF      	ADDLW      255
0x0041	0x283C      	GOTO       L__DIO_VidSetPinValue98
L__DIO_VidSetPinValue99:
0x0042	0x09F0      	COMF       R0, 1
0x0043	0x0870      	MOVF       R0, 0
0x0044	0x0588      	ANDWF      PORTD, 1
;DIO_program.c,83 :: 		break;
0x0045	0x2869      	GOTO       L_DIO_VidSetPinValue23
;DIO_program.c,84 :: 		case (PORT_E):
L_DIO_VidSetPinValue28:
;DIO_program.c,85 :: 		CLR_BIT(PORTE, Copy_u8Pin);
0x0046	0x083B      	MOVF       FARG_DIO_VidSetPinValue_Copy_u8Pin, 0
0x0047	0x00F1      	MOVWF      R1
0x0048	0x3001      	MOVLW      1
0x0049	0x00F0      	MOVWF      R0
0x004A	0x0871      	MOVF       R1, 0
L__DIO_VidSetPinValue100:
0x004B	0x1903      	BTFSC      STATUS, 2
0x004C	0x2851      	GOTO       L__DIO_VidSetPinValue101
0x004D	0x0DF0      	RLF        R0, 1
0x004E	0x1070      	BCF        R0, 0
0x004F	0x3EFF      	ADDLW      255
0x0050	0x284B      	GOTO       L__DIO_VidSetPinValue100
L__DIO_VidSetPinValue101:
0x0051	0x09F0      	COMF       R0, 1
0x0052	0x0870      	MOVF       R0, 0
0x0053	0x0589      	ANDWF      PORTE, 1
;DIO_program.c,86 :: 		break;
0x0054	0x2869      	GOTO       L_DIO_VidSetPinValue23
;DIO_program.c,87 :: 		}
L_DIO_VidSetPinValue22:
0x0055	0x083A      	MOVF       FARG_DIO_VidSetPinValue_Copy_u8Port, 0
0x0056	0x3A00      	XORLW      0
0x0057	0x1903      	BTFSC      STATUS, 2
0x0058	0x280A      	GOTO       L_DIO_VidSetPinValue24
0x0059	0x083A      	MOVF       FARG_DIO_VidSetPinValue_Copy_u8Port, 0
0x005A	0x3A01      	XORLW      1
0x005B	0x1903      	BTFSC      STATUS, 2
0x005C	0x2819      	GOTO       L_DIO_VidSetPinValue25
0x005D	0x083A      	MOVF       FARG_DIO_VidSetPinValue_Copy_u8Port, 0
0x005E	0x3A02      	XORLW      2
0x005F	0x1903      	BTFSC      STATUS, 2
0x0060	0x2828      	GOTO       L_DIO_VidSetPinValue26
0x0061	0x083A      	MOVF       FARG_DIO_VidSetPinValue_Copy_u8Port, 0
0x0062	0x3A03      	XORLW      3
0x0063	0x1903      	BTFSC      STATUS, 2
0x0064	0x2837      	GOTO       L_DIO_VidSetPinValue27
0x0065	0x083A      	MOVF       FARG_DIO_VidSetPinValue_Copy_u8Port, 0
0x0066	0x3A04      	XORLW      4
0x0067	0x1903      	BTFSC      STATUS, 2
0x0068	0x2846      	GOTO       L_DIO_VidSetPinValue28
L_DIO_VidSetPinValue23:
;DIO_program.c,88 :: 		}
0x0069	0x28C9      	GOTO       L_DIO_VidSetPinValue29
L_DIO_VidSetPinValue21:
;DIO_program.c,90 :: 		else if (Copy_u8Value == HIGH)
0x006A	0x083C      	MOVF       FARG_DIO_VidSetPinValue_Copy_u8Value, 0
0x006B	0x3A01      	XORLW      1
0x006C	0x1D03      	BTFSS      STATUS, 2
0x006D	0x28C9      	GOTO       L_DIO_VidSetPinValue30
;DIO_program.c,92 :: 		switch (Copy_u8Port)
0x006E	0x28B5      	GOTO       L_DIO_VidSetPinValue31
;DIO_program.c,94 :: 		case (PORT_A):
L_DIO_VidSetPinValue33:
;DIO_program.c,95 :: 		SET_BIT(PORTA, Copy_u8Pin);
0x006F	0x083B      	MOVF       FARG_DIO_VidSetPinValue_Copy_u8Pin, 0
0x0070	0x00F1      	MOVWF      R1
0x0071	0x3001      	MOVLW      1
0x0072	0x00F0      	MOVWF      R0
0x0073	0x0871      	MOVF       R1, 0
L__DIO_VidSetPinValue102:
0x0074	0x1903      	BTFSC      STATUS, 2
0x0075	0x287A      	GOTO       L__DIO_VidSetPinValue103
0x0076	0x0DF0      	RLF        R0, 1
0x0077	0x1070      	BCF        R0, 0
0x0078	0x3EFF      	ADDLW      255
0x0079	0x2874      	GOTO       L__DIO_VidSetPinValue102
L__DIO_VidSetPinValue103:
0x007A	0x0870      	MOVF       R0, 0
0x007B	0x0485      	IORWF      PORTA, 1
;DIO_program.c,96 :: 		break;
0x007C	0x28C9      	GOTO       L_DIO_VidSetPinValue32
;DIO_program.c,97 :: 		case (PORT_B):
L_DIO_VidSetPinValue34:
;DIO_program.c,98 :: 		SET_BIT(PORTB, Copy_u8Pin);
0x007D	0x083B      	MOVF       FARG_DIO_VidSetPinValue_Copy_u8Pin, 0
0x007E	0x00F1      	MOVWF      R1
0x007F	0x3001      	MOVLW      1
0x0080	0x00F0      	MOVWF      R0
0x0081	0x0871      	MOVF       R1, 0
L__DIO_VidSetPinValue104:
0x0082	0x1903      	BTFSC      STATUS, 2
0x0083	0x2888      	GOTO       L__DIO_VidSetPinValue105
0x0084	0x0DF0      	RLF        R0, 1
0x0085	0x1070      	BCF        R0, 0
0x0086	0x3EFF      	ADDLW      255
0x0087	0x2882      	GOTO       L__DIO_VidSetPinValue104
L__DIO_VidSetPinValue105:
0x0088	0x0870      	MOVF       R0, 0
0x0089	0x0486      	IORWF      PORTB, 1
;DIO_program.c,99 :: 		break;
0x008A	0x28C9      	GOTO       L_DIO_VidSetPinValue32
;DIO_program.c,100 :: 		case (PORT_C):
L_DIO_VidSetPinValue35:
;DIO_program.c,101 :: 		SET_BIT(PORTC, Copy_u8Pin);
0x008B	0x083B      	MOVF       FARG_DIO_VidSetPinValue_Copy_u8Pin, 0
0x008C	0x00F1      	MOVWF      R1
0x008D	0x3001      	MOVLW      1
0x008E	0x00F0      	MOVWF      R0
0x008F	0x0871      	MOVF       R1, 0
L__DIO_VidSetPinValue106:
0x0090	0x1903      	BTFSC      STATUS, 2
0x0091	0x2896      	GOTO       L__DIO_VidSetPinValue107
0x0092	0x0DF0      	RLF        R0, 1
0x0093	0x1070      	BCF        R0, 0
0x0094	0x3EFF      	ADDLW      255
0x0095	0x2890      	GOTO       L__DIO_VidSetPinValue106
L__DIO_VidSetPinValue107:
0x0096	0x0870      	MOVF       R0, 0
0x0097	0x0487      	IORWF      PORTC, 1
;DIO_program.c,102 :: 		break;
0x0098	0x28C9      	GOTO       L_DIO_VidSetPinValue32
;DIO_program.c,103 :: 		case (PORT_D):
L_DIO_VidSetPinValue36:
;DIO_program.c,104 :: 		SET_BIT(PORTD, Copy_u8Pin);
0x0099	0x083B      	MOVF       FARG_DIO_VidSetPinValue_Copy_u8Pin, 0
0x009A	0x00F1      	MOVWF      R1
0x009B	0x3001      	MOVLW      1
0x009C	0x00F0      	MOVWF      R0
0x009D	0x0871      	MOVF       R1, 0
L__DIO_VidSetPinValue108:
0x009E	0x1903      	BTFSC      STATUS, 2
0x009F	0x28A4      	GOTO       L__DIO_VidSetPinValue109
0x00A0	0x0DF0      	RLF        R0, 1
0x00A1	0x1070      	BCF        R0, 0
0x00A2	0x3EFF      	ADDLW      255
0x00A3	0x289E      	GOTO       L__DIO_VidSetPinValue108
L__DIO_VidSetPinValue109:
0x00A4	0x0870      	MOVF       R0, 0
0x00A5	0x0488      	IORWF      PORTD, 1
;DIO_program.c,105 :: 		break;
0x00A6	0x28C9      	GOTO       L_DIO_VidSetPinValue32
;DIO_program.c,106 :: 		case (PORT_E):
L_DIO_VidSetPinValue37:
;DIO_program.c,107 :: 		SET_BIT(PORTE, Copy_u8Pin);
0x00A7	0x083B      	MOVF       FARG_DIO_VidSetPinValue_Copy_u8Pin, 0
0x00A8	0x00F1      	MOVWF      R1
0x00A9	0x3001      	MOVLW      1
0x00AA	0x00F0      	MOVWF      R0
0x00AB	0x0871      	MOVF       R1, 0
L__DIO_VidSetPinValue110:
0x00AC	0x1903      	BTFSC      STATUS, 2
0x00AD	0x28B2      	GOTO       L__DIO_VidSetPinValue111
0x00AE	0x0DF0      	RLF        R0, 1
0x00AF	0x1070      	BCF        R0, 0
0x00B0	0x3EFF      	ADDLW      255
0x00B1	0x28AC      	GOTO       L__DIO_VidSetPinValue110
L__DIO_VidSetPinValue111:
0x00B2	0x0870      	MOVF       R0, 0
0x00B3	0x0489      	IORWF      PORTE, 1
;DIO_program.c,108 :: 		break;
0x00B4	0x28C9      	GOTO       L_DIO_VidSetPinValue32
;DIO_program.c,109 :: 		}
L_DIO_VidSetPinValue31:
0x00B5	0x083A      	MOVF       FARG_DIO_VidSetPinValue_Copy_u8Port, 0
0x00B6	0x3A00      	XORLW      0
0x00B7	0x1903      	BTFSC      STATUS, 2
0x00B8	0x286F      	GOTO       L_DIO_VidSetPinValue33
0x00B9	0x083A      	MOVF       FARG_DIO_VidSetPinValue_Copy_u8Port, 0
0x00BA	0x3A01      	XORLW      1
0x00BB	0x1903      	BTFSC      STATUS, 2
0x00BC	0x287D      	GOTO       L_DIO_VidSetPinValue34
0x00BD	0x083A      	MOVF       FARG_DIO_VidSetPinValue_Copy_u8Port, 0
0x00BE	0x3A02      	XORLW      2
0x00BF	0x1903      	BTFSC      STATUS, 2
0x00C0	0x288B      	GOTO       L_DIO_VidSetPinValue35
0x00C1	0x083A      	MOVF       FARG_DIO_VidSetPinValue_Copy_u8Port, 0
0x00C2	0x3A03      	XORLW      3
0x00C3	0x1903      	BTFSC      STATUS, 2
0x00C4	0x2899      	GOTO       L_DIO_VidSetPinValue36
0x00C5	0x083A      	MOVF       FARG_DIO_VidSetPinValue_Copy_u8Port, 0
0x00C6	0x3A04      	XORLW      4
0x00C7	0x1903      	BTFSC      STATUS, 2
0x00C8	0x28A7      	GOTO       L_DIO_VidSetPinValue37
L_DIO_VidSetPinValue32:
;DIO_program.c,110 :: 		}
L_DIO_VidSetPinValue30:
L_DIO_VidSetPinValue29:
;DIO_program.c,111 :: 		}
L_end_DIO_VidSetPinValue:
0x00C9	0x0008      	RETURN
; end of _DIO_VidSetPinValue
_DIO_VidSetPortValue:
;DIO_program.c,165 :: 		void DIO_VidSetPortValue(u8 Copy_u8Port, u8 Copy_u8Value)
;DIO_program.c,167 :: 		switch (Copy_u8Port)
0x00CA	0x28DC      	GOTO       L_DIO_VidSetPortValue56
;DIO_program.c,169 :: 		case (PORT_A):
L_DIO_VidSetPortValue58:
;DIO_program.c,170 :: 		PORTA = Copy_u8Value;
0x00CB	0x1283      	BCF        STATUS, 5
0x00CC	0x1303      	BCF        STATUS, 6
0x00CD	0x083B      	MOVF       FARG_DIO_VidSetPortValue_Copy_u8Value, 0
0x00CE	0x0085      	MOVWF      PORTA
;DIO_program.c,171 :: 		break;
0x00CF	0x28F2      	GOTO       L_DIO_VidSetPortValue57
;DIO_program.c,172 :: 		case (PORT_B):
L_DIO_VidSetPortValue59:
;DIO_program.c,173 :: 		PORTB = Copy_u8Value;
0x00D0	0x083B      	MOVF       FARG_DIO_VidSetPortValue_Copy_u8Value, 0
0x00D1	0x0086      	MOVWF      PORTB
;DIO_program.c,174 :: 		break;
0x00D2	0x28F2      	GOTO       L_DIO_VidSetPortValue57
;DIO_program.c,175 :: 		case (PORT_C):
L_DIO_VidSetPortValue60:
;DIO_program.c,176 :: 		PORTC = Copy_u8Value;
0x00D3	0x083B      	MOVF       FARG_DIO_VidSetPortValue_Copy_u8Value, 0
0x00D4	0x0087      	MOVWF      PORTC
;DIO_program.c,177 :: 		break;
0x00D5	0x28F2      	GOTO       L_DIO_VidSetPortValue57
;DIO_program.c,178 :: 		case (PORT_D):
L_DIO_VidSetPortValue61:
;DIO_program.c,179 :: 		PORTD = Copy_u8Value;
0x00D6	0x083B      	MOVF       FARG_DIO_VidSetPortValue_Copy_u8Value, 0
0x00D7	0x0088      	MOVWF      PORTD
;DIO_program.c,180 :: 		break;
0x00D8	0x28F2      	GOTO       L_DIO_VidSetPortValue57
;DIO_program.c,181 :: 		case (PORT_E):
L_DIO_VidSetPortValue62:
;DIO_program.c,182 :: 		PORTE = Copy_u8Value;
0x00D9	0x083B      	MOVF       FARG_DIO_VidSetPortValue_Copy_u8Value, 0
0x00DA	0x0089      	MOVWF      PORTE
;DIO_program.c,183 :: 		break;
0x00DB	0x28F2      	GOTO       L_DIO_VidSetPortValue57
;DIO_program.c,184 :: 		}
L_DIO_VidSetPortValue56:
0x00DC	0x1283      	BCF        STATUS, 5
0x00DD	0x1303      	BCF        STATUS, 6
0x00DE	0x083A      	MOVF       FARG_DIO_VidSetPortValue_Copy_u8Port, 0
0x00DF	0x3A00      	XORLW      0
0x00E0	0x1903      	BTFSC      STATUS, 2
0x00E1	0x28CB      	GOTO       L_DIO_VidSetPortValue58
0x00E2	0x083A      	MOVF       FARG_DIO_VidSetPortValue_Copy_u8Port, 0
0x00E3	0x3A01      	XORLW      1
0x00E4	0x1903      	BTFSC      STATUS, 2
0x00E5	0x28D0      	GOTO       L_DIO_VidSetPortValue59
0x00E6	0x083A      	MOVF       FARG_DIO_VidSetPortValue_Copy_u8Port, 0
0x00E7	0x3A02      	XORLW      2
0x00E8	0x1903      	BTFSC      STATUS, 2
0x00E9	0x28D3      	GOTO       L_DIO_VidSetPortValue60
0x00EA	0x083A      	MOVF       FARG_DIO_VidSetPortValue_Copy_u8Port, 0
0x00EB	0x3A03      	XORLW      3
0x00EC	0x1903      	BTFSC      STATUS, 2
0x00ED	0x28D6      	GOTO       L_DIO_VidSetPortValue61
0x00EE	0x083A      	MOVF       FARG_DIO_VidSetPortValue_Copy_u8Port, 0
0x00EF	0x3A04      	XORLW      4
0x00F0	0x1903      	BTFSC      STATUS, 2
0x00F1	0x28D9      	GOTO       L_DIO_VidSetPortValue62
L_DIO_VidSetPortValue57:
;DIO_program.c,185 :: 		}
L_end_DIO_VidSetPortValue:
0x00F2	0x0008      	RETURN
; end of _DIO_VidSetPortValue
_DIO_VidSetPinMode:
;DIO_program.c,10 :: 		void DIO_VidSetPinMode(u8 Copy_u8Port, u8 Copy_u8Pin, u8 Copy_u8Mode)
;DIO_program.c,12 :: 		if (Copy_u8Mode == INPUT)
0x00F3	0x1283      	BCF        STATUS, 5
0x00F4	0x1303      	BCF        STATUS, 6
0x00F5	0x0839      	MOVF       FARG_DIO_VidSetPinMode_Copy_u8Mode, 0
0x00F6	0x3A01      	XORLW      1
0x00F7	0x1D03      	BTFSS      STATUS, 2
0x00F8	0x2968      	GOTO       L_DIO_VidSetPinMode0
;DIO_program.c,14 :: 		switch (Copy_u8Port)
0x00F9	0x2952      	GOTO       L_DIO_VidSetPinMode1
;DIO_program.c,16 :: 		case (PORT_A):
L_DIO_VidSetPinMode3:
;DIO_program.c,17 :: 		SET_BIT(TRISA, Copy_u8Pin);
0x00FA	0x0838      	MOVF       FARG_DIO_VidSetPinMode_Copy_u8Pin, 0
0x00FB	0x00F1      	MOVWF      R1
0x00FC	0x3001      	MOVLW      1
0x00FD	0x00F0      	MOVWF      R0
0x00FE	0x0871      	MOVF       R1, 0
L__DIO_VidSetPinMode71:
0x00FF	0x1903      	BTFSC      STATUS, 2
0x0100	0x2905      	GOTO       L__DIO_VidSetPinMode72
0x0101	0x0DF0      	RLF        R0, 1
0x0102	0x1070      	BCF        R0, 0
0x0103	0x3EFF      	ADDLW      255
0x0104	0x28FF      	GOTO       L__DIO_VidSetPinMode71
L__DIO_VidSetPinMode72:
0x0105	0x0870      	MOVF       R0, 0
0x0106	0x1683      	BSF        STATUS, 5
0x0107	0x0485      	IORWF      TRISA, 1
;DIO_program.c,18 :: 		break;
0x0108	0x2967      	GOTO       L_DIO_VidSetPinMode2
;DIO_program.c,19 :: 		case (PORT_B):
L_DIO_VidSetPinMode4:
;DIO_program.c,20 :: 		switch (Copy_u8Mode)
0x0109	0x291C      	GOTO       L_DIO_VidSetPinMode5
;DIO_program.c,22 :: 		case (INPUT_PULLUP):
L_DIO_VidSetPinMode7:
0x010A	0x1683      	BSF        STATUS, 5
;DIO_program.c,23 :: 		SET_BIT(OPTION_REG, RBPU);
0x010B	0x1781      	BSF        OPTION_REG, 7
;DIO_program.c,24 :: 		default:
L_DIO_VidSetPinMode8:
;DIO_program.c,25 :: 		SET_BIT(TRISB, Copy_u8Pin);
0x010C	0x1283      	BCF        STATUS, 5
0x010D	0x0838      	MOVF       FARG_DIO_VidSetPinMode_Copy_u8Pin, 0
0x010E	0x00F1      	MOVWF      R1
0x010F	0x3001      	MOVLW      1
0x0110	0x00F0      	MOVWF      R0
0x0111	0x0871      	MOVF       R1, 0
L__DIO_VidSetPinMode73:
0x0112	0x1903      	BTFSC      STATUS, 2
0x0113	0x2918      	GOTO       L__DIO_VidSetPinMode74
0x0114	0x0DF0      	RLF        R0, 1
0x0115	0x1070      	BCF        R0, 0
0x0116	0x3EFF      	ADDLW      255
0x0117	0x2912      	GOTO       L__DIO_VidSetPinMode73
L__DIO_VidSetPinMode74:
0x0118	0x0870      	MOVF       R0, 0
0x0119	0x1683      	BSF        STATUS, 5
0x011A	0x0486      	IORWF      TRISB, 1
;DIO_program.c,26 :: 		break;
0x011B	0x2922      	GOTO       L_DIO_VidSetPinMode6
;DIO_program.c,27 :: 		}
L_DIO_VidSetPinMode5:
0x011C	0x1283      	BCF        STATUS, 5
0x011D	0x0839      	MOVF       FARG_DIO_VidSetPinMode_Copy_u8Mode, 0
0x011E	0x3A02      	XORLW      2
0x011F	0x1903      	BTFSC      STATUS, 2
0x0120	0x290A      	GOTO       L_DIO_VidSetPinMode7
0x0121	0x290C      	GOTO       L_DIO_VidSetPinMode8
L_DIO_VidSetPinMode6:
;DIO_program.c,28 :: 		case (PORT_C):
L_DIO_VidSetPinMode9:
0x0122	0x1283      	BCF        STATUS, 5
;DIO_program.c,29 :: 		SET_BIT(TRISC, Copy_u8Pin);
0x0123	0x0838      	MOVF       FARG_DIO_VidSetPinMode_Copy_u8Pin, 0
0x0124	0x00F1      	MOVWF      R1
0x0125	0x3001      	MOVLW      1
0x0126	0x00F0      	MOVWF      R0
0x0127	0x0871      	MOVF       R1, 0
L__DIO_VidSetPinMode75:
0x0128	0x1903      	BTFSC      STATUS, 2
0x0129	0x292E      	GOTO       L__DIO_VidSetPinMode76
0x012A	0x0DF0      	RLF        R0, 1
0x012B	0x1070      	BCF        R0, 0
0x012C	0x3EFF      	ADDLW      255
0x012D	0x2928      	GOTO       L__DIO_VidSetPinMode75
L__DIO_VidSetPinMode76:
0x012E	0x0870      	MOVF       R0, 0
0x012F	0x1683      	BSF        STATUS, 5
0x0130	0x0487      	IORWF      TRISC, 1
;DIO_program.c,30 :: 		break;
0x0131	0x2967      	GOTO       L_DIO_VidSetPinMode2
;DIO_program.c,31 :: 		case (PORT_D):
L_DIO_VidSetPinMode10:
;DIO_program.c,32 :: 		SET_BIT(TRISD, Copy_u8Pin);
0x0132	0x1283      	BCF        STATUS, 5
0x0133	0x0838      	MOVF       FARG_DIO_VidSetPinMode_Copy_u8Pin, 0
0x0134	0x00F1      	MOVWF      R1
0x0135	0x3001      	MOVLW      1
0x0136	0x00F0      	MOVWF      R0
0x0137	0x0871      	MOVF       R1, 0
L__DIO_VidSetPinMode77:
0x0138	0x1903      	BTFSC      STATUS, 2
0x0139	0x293E      	GOTO       L__DIO_VidSetPinMode78
0x013A	0x0DF0      	RLF        R0, 1
0x013B	0x1070      	BCF        R0, 0
0x013C	0x3EFF      	ADDLW      255
0x013D	0x2938      	GOTO       L__DIO_VidSetPinMode77
L__DIO_VidSetPinMode78:
0x013E	0x0870      	MOVF       R0, 0
0x013F	0x1683      	BSF        STATUS, 5
0x0140	0x0488      	IORWF      TRISD, 1
;DIO_program.c,33 :: 		break;
0x0141	0x2967      	GOTO       L_DIO_VidSetPinMode2
;DIO_program.c,34 :: 		case (PORT_E):
L_DIO_VidSetPinMode11:
;DIO_program.c,35 :: 		SET_BIT(TRISE, Copy_u8Pin);
0x0142	0x1283      	BCF        STATUS, 5
0x0143	0x0838      	MOVF       FARG_DIO_VidSetPinMode_Copy_u8Pin, 0
0x0144	0x00F1      	MOVWF      R1
0x0145	0x3001      	MOVLW      1
0x0146	0x00F0      	MOVWF      R0
0x0147	0x0871      	MOVF       R1, 0
L__DIO_VidSetPinMode79:
0x0148	0x1903      	BTFSC      STATUS, 2
0x0149	0x294E      	GOTO       L__DIO_VidSetPinMode80
0x014A	0x0DF0      	RLF        R0, 1
0x014B	0x1070      	BCF        R0, 0
0x014C	0x3EFF      	ADDLW      255
0x014D	0x2948      	GOTO       L__DIO_VidSetPinMode79
L__DIO_VidSetPinMode80:
0x014E	0x0870      	MOVF       R0, 0
0x014F	0x1683      	BSF        STATUS, 5
0x0150	0x0489      	IORWF      TRISE, 1
;DIO_program.c,36 :: 		break;
0x0151	0x2967      	GOTO       L_DIO_VidSetPinMode2
;DIO_program.c,37 :: 		}
L_DIO_VidSetPinMode1:
0x0152	0x1283      	BCF        STATUS, 5
0x0153	0x0837      	MOVF       FARG_DIO_VidSetPinMode_Copy_u8Port, 0
0x0154	0x3A00      	XORLW      0
0x0155	0x1903      	BTFSC      STATUS, 2
0x0156	0x28FA      	GOTO       L_DIO_VidSetPinMode3
0x0157	0x0837      	MOVF       FARG_DIO_VidSetPinMode_Copy_u8Port, 0
0x0158	0x3A01      	XORLW      1
0x0159	0x1903      	BTFSC      STATUS, 2
0x015A	0x2909      	GOTO       L_DIO_VidSetPinMode4
0x015B	0x0837      	MOVF       FARG_DIO_VidSetPinMode_Copy_u8Port, 0
0x015C	0x3A02      	XORLW      2
0x015D	0x1903      	BTFSC      STATUS, 2
0x015E	0x2922      	GOTO       L_DIO_VidSetPinMode9
0x015F	0x0837      	MOVF       FARG_DIO_VidSetPinMode_Copy_u8Port, 0
0x0160	0x3A03      	XORLW      3
0x0161	0x1903      	BTFSC      STATUS, 2
0x0162	0x2932      	GOTO       L_DIO_VidSetPinMode10
0x0163	0x0837      	MOVF       FARG_DIO_VidSetPinMode_Copy_u8Port, 0
0x0164	0x3A04      	XORLW      4
0x0165	0x1903      	BTFSC      STATUS, 2
0x0166	0x2942      	GOTO       L_DIO_VidSetPinMode11
L_DIO_VidSetPinMode2:
;DIO_program.c,38 :: 		}
0x0167	0x29D7      	GOTO       L_DIO_VidSetPinMode12
L_DIO_VidSetPinMode0:
0x0168	0x1283      	BCF        STATUS, 5
;DIO_program.c,40 :: 		else if (Copy_u8Mode == OUTPUT)
0x0169	0x0839      	MOVF       FARG_DIO_VidSetPinMode_Copy_u8Mode, 0
0x016A	0x3A00      	XORLW      0
0x016B	0x1D03      	BTFSS      STATUS, 2
0x016C	0x29D7      	GOTO       L_DIO_VidSetPinMode13
;DIO_program.c,42 :: 		switch (Copy_u8Port)
0x016D	0x29C2      	GOTO       L_DIO_VidSetPinMode14
;DIO_program.c,44 :: 		case (PORT_A):
L_DIO_VidSetPinMode16:
;DIO_program.c,45 :: 		CLR_BIT(TRISA, Copy_u8Pin);
0x016E	0x0838      	MOVF       FARG_DIO_VidSetPinMode_Copy_u8Pin, 0
0x016F	0x00F1      	MOVWF      R1
0x0170	0x3001      	MOVLW      1
0x0171	0x00F0      	MOVWF      R0
0x0172	0x0871      	MOVF       R1, 0
L__DIO_VidSetPinMode81:
0x0173	0x1903      	BTFSC      STATUS, 2
0x0174	0x2979      	GOTO       L__DIO_VidSetPinMode82
0x0175	0x0DF0      	RLF        R0, 1
0x0176	0x1070      	BCF        R0, 0
0x0177	0x3EFF      	ADDLW      255
0x0178	0x2973      	GOTO       L__DIO_VidSetPinMode81
L__DIO_VidSetPinMode82:
0x0179	0x09F0      	COMF       R0, 1
0x017A	0x0870      	MOVF       R0, 0
0x017B	0x1683      	BSF        STATUS, 5
0x017C	0x0585      	ANDWF      TRISA, 1
;DIO_program.c,46 :: 		break;
0x017D	0x29D7      	GOTO       L_DIO_VidSetPinMode15
;DIO_program.c,47 :: 		case (PORT_B):
L_DIO_VidSetPinMode17:
;DIO_program.c,48 :: 		CLR_BIT(TRISB, Copy_u8Pin);
0x017E	0x1283      	BCF        STATUS, 5
0x017F	0x0838      	MOVF       FARG_DIO_VidSetPinMode_Copy_u8Pin, 0
0x0180	0x00F1      	MOVWF      R1
0x0181	0x3001      	MOVLW      1
0x0182	0x00F0      	MOVWF      R0
0x0183	0x0871      	MOVF       R1, 0
L__DIO_VidSetPinMode83:
0x0184	0x1903      	BTFSC      STATUS, 2
0x0185	0x298A      	GOTO       L__DIO_VidSetPinMode84
0x0186	0x0DF0      	RLF        R0, 1
0x0187	0x1070      	BCF        R0, 0
0x0188	0x3EFF      	ADDLW      255
0x0189	0x2984      	GOTO       L__DIO_VidSetPinMode83
L__DIO_VidSetPinMode84:
0x018A	0x09F0      	COMF       R0, 1
0x018B	0x0870      	MOVF       R0, 0
0x018C	0x1683      	BSF        STATUS, 5
0x018D	0x0586      	ANDWF      TRISB, 1
;DIO_program.c,49 :: 		break;
0x018E	0x29D7      	GOTO       L_DIO_VidSetPinMode15
;DIO_program.c,50 :: 		case (PORT_C):
L_DIO_VidSetPinMode18:
;DIO_program.c,51 :: 		CLR_BIT(TRISC, Copy_u8Pin);
0x018F	0x1283      	BCF        STATUS, 5
0x0190	0x0838      	MOVF       FARG_DIO_VidSetPinMode_Copy_u8Pin, 0
0x0191	0x00F1      	MOVWF      R1
0x0192	0x3001      	MOVLW      1
0x0193	0x00F0      	MOVWF      R0
0x0194	0x0871      	MOVF       R1, 0
L__DIO_VidSetPinMode85:
0x0195	0x1903      	BTFSC      STATUS, 2
0x0196	0x299B      	GOTO       L__DIO_VidSetPinMode86
0x0197	0x0DF0      	RLF        R0, 1
0x0198	0x1070      	BCF        R0, 0
0x0199	0x3EFF      	ADDLW      255
0x019A	0x2995      	GOTO       L__DIO_VidSetPinMode85
L__DIO_VidSetPinMode86:
0x019B	0x09F0      	COMF       R0, 1
0x019C	0x0870      	MOVF       R0, 0
0x019D	0x1683      	BSF        STATUS, 5
0x019E	0x0587      	ANDWF      TRISC, 1
;DIO_program.c,52 :: 		break;
0x019F	0x29D7      	GOTO       L_DIO_VidSetPinMode15
;DIO_program.c,53 :: 		case (PORT_D):
L_DIO_VidSetPinMode19:
;DIO_program.c,54 :: 		CLR_BIT(TRISD, Copy_u8Pin);
0x01A0	0x1283      	BCF        STATUS, 5
0x01A1	0x0838      	MOVF       FARG_DIO_VidSetPinMode_Copy_u8Pin, 0
0x01A2	0x00F1      	MOVWF      R1
0x01A3	0x3001      	MOVLW      1
0x01A4	0x00F0      	MOVWF      R0
0x01A5	0x0871      	MOVF       R1, 0
L__DIO_VidSetPinMode87:
0x01A6	0x1903      	BTFSC      STATUS, 2
0x01A7	0x29AC      	GOTO       L__DIO_VidSetPinMode88
0x01A8	0x0DF0      	RLF        R0, 1
0x01A9	0x1070      	BCF        R0, 0
0x01AA	0x3EFF      	ADDLW      255
0x01AB	0x29A6      	GOTO       L__DIO_VidSetPinMode87
L__DIO_VidSetPinMode88:
0x01AC	0x09F0      	COMF       R0, 1
0x01AD	0x0870      	MOVF       R0, 0
0x01AE	0x1683      	BSF        STATUS, 5
0x01AF	0x0588      	ANDWF      TRISD, 1
;DIO_program.c,55 :: 		break;
0x01B0	0x29D7      	GOTO       L_DIO_VidSetPinMode15
;DIO_program.c,56 :: 		case (PORT_E):
L_DIO_VidSetPinMode20:
;DIO_program.c,57 :: 		CLR_BIT(TRISE, Copy_u8Pin);
0x01B1	0x1283      	BCF        STATUS, 5
0x01B2	0x0838      	MOVF       FARG_DIO_VidSetPinMode_Copy_u8Pin, 0
0x01B3	0x00F1      	MOVWF      R1
0x01B4	0x3001      	MOVLW      1
0x01B5	0x00F0      	MOVWF      R0
0x01B6	0x0871      	MOVF       R1, 0
L__DIO_VidSetPinMode89:
0x01B7	0x1903      	BTFSC      STATUS, 2
0x01B8	0x29BD      	GOTO       L__DIO_VidSetPinMode90
0x01B9	0x0DF0      	RLF        R0, 1
0x01BA	0x1070      	BCF        R0, 0
0x01BB	0x3EFF      	ADDLW      255
0x01BC	0x29B7      	GOTO       L__DIO_VidSetPinMode89
L__DIO_VidSetPinMode90:
0x01BD	0x09F0      	COMF       R0, 1
0x01BE	0x0870      	MOVF       R0, 0
0x01BF	0x1683      	BSF        STATUS, 5
0x01C0	0x0589      	ANDWF      TRISE, 1
;DIO_program.c,58 :: 		break;
0x01C1	0x29D7      	GOTO       L_DIO_VidSetPinMode15
;DIO_program.c,59 :: 		}
L_DIO_VidSetPinMode14:
0x01C2	0x1283      	BCF        STATUS, 5
0x01C3	0x0837      	MOVF       FARG_DIO_VidSetPinMode_Copy_u8Port, 0
0x01C4	0x3A00      	XORLW      0
0x01C5	0x1903      	BTFSC      STATUS, 2
0x01C6	0x296E      	GOTO       L_DIO_VidSetPinMode16
0x01C7	0x0837      	MOVF       FARG_DIO_VidSetPinMode_Copy_u8Port, 0
0x01C8	0x3A01      	XORLW      1
0x01C9	0x1903      	BTFSC      STATUS, 2
0x01CA	0x297E      	GOTO       L_DIO_VidSetPinMode17
0x01CB	0x0837      	MOVF       FARG_DIO_VidSetPinMode_Copy_u8Port, 0
0x01CC	0x3A02      	XORLW      2
0x01CD	0x1903      	BTFSC      STATUS, 2
0x01CE	0x298F      	GOTO       L_DIO_VidSetPinMode18
0x01CF	0x0837      	MOVF       FARG_DIO_VidSetPinMode_Copy_u8Port, 0
0x01D0	0x3A03      	XORLW      3
0x01D1	0x1903      	BTFSC      STATUS, 2
0x01D2	0x29A0      	GOTO       L_DIO_VidSetPinMode19
0x01D3	0x0837      	MOVF       FARG_DIO_VidSetPinMode_Copy_u8Port, 0
0x01D4	0x3A04      	XORLW      4
0x01D5	0x1903      	BTFSC      STATUS, 2
0x01D6	0x29B1      	GOTO       L_DIO_VidSetPinMode20
L_DIO_VidSetPinMode15:
;DIO_program.c,60 :: 		}
L_DIO_VidSetPinMode13:
L_DIO_VidSetPinMode12:
;DIO_program.c,61 :: 		}
L_end_DIO_VidSetPinMode:
0x01D7	0x0008      	RETURN
; end of _DIO_VidSetPinMode
_____DoICP:
;__Lib_System.c,6 :: 		
;__Lib_System.c,9 :: 		
0x01D8	0x1283      	BCF        STATUS, 5
0x01D9	0x1303      	BCF        STATUS, 6
0x01DA	0x0831      	MOVF       ___DoICPAddr+1, 0
0x01DB	0x008A      	MOVWF      PCLATH
;__Lib_System.c,10 :: 		
0x01DC	0x0830      	MOVF       ___DoICPAddr, 0
0x01DD	0x0082      	MOVWF      PCL
;__Lib_System.c,12 :: 		
L_end_____DoICP:
0x01DE	0x0008      	RETURN
; end of _____DoICP
_DIO_VidSetPortMode:
;DIO_program.c,137 :: 		void DIO_VidSetPortMode(u8 Copy_u8Port, u8 Copy_u8Mode)
;DIO_program.c,139 :: 		switch (Copy_u8Port)
0x01DF	0x2A03      	GOTO       L_DIO_VidSetPortMode45
;DIO_program.c,141 :: 		case (PORT_A):
L_DIO_VidSetPortMode47:
;DIO_program.c,142 :: 		TRISA = Copy_u8Mode;
0x01E0	0x1283      	BCF        STATUS, 5
0x01E1	0x1303      	BCF        STATUS, 6
0x01E2	0x0838      	MOVF       FARG_DIO_VidSetPortMode_Copy_u8Mode, 0
0x01E3	0x1683      	BSF        STATUS, 5
0x01E4	0x0085      	MOVWF      TRISA
;DIO_program.c,143 :: 		break;
0x01E5	0x2A19      	GOTO       L_DIO_VidSetPortMode46
;DIO_program.c,144 :: 		case (PORT_B):
L_DIO_VidSetPortMode48:
;DIO_program.c,145 :: 		switch (Copy_u8Mode)
0x01E6	0x29EE      	GOTO       L_DIO_VidSetPortMode49
;DIO_program.c,147 :: 		case (PORT_INPUT_PULLUP):
L_DIO_VidSetPortMode51:
0x01E7	0x1683      	BSF        STATUS, 5
;DIO_program.c,148 :: 		SET_BIT(OPTION_REG, RBPU);
0x01E8	0x1781      	BSF        OPTION_REG, 7
;DIO_program.c,149 :: 		default:
L_DIO_VidSetPortMode52:
;DIO_program.c,150 :: 		TRISB = Copy_u8Mode;
0x01E9	0x1283      	BCF        STATUS, 5
0x01EA	0x0838      	MOVF       FARG_DIO_VidSetPortMode_Copy_u8Mode, 0
0x01EB	0x1683      	BSF        STATUS, 5
0x01EC	0x0086      	MOVWF      TRISB
;DIO_program.c,151 :: 		break;
0x01ED	0x29F4      	GOTO       L_DIO_VidSetPortMode50
;DIO_program.c,152 :: 		}
L_DIO_VidSetPortMode49:
0x01EE	0x1283      	BCF        STATUS, 5
0x01EF	0x0838      	MOVF       FARG_DIO_VidSetPortMode_Copy_u8Mode, 0
0x01F0	0x3AFF      	XORLW      255
0x01F1	0x1903      	BTFSC      STATUS, 2
0x01F2	0x29E7      	GOTO       L_DIO_VidSetPortMode51
0x01F3	0x29E9      	GOTO       L_DIO_VidSetPortMode52
L_DIO_VidSetPortMode50:
;DIO_program.c,153 :: 		case (PORT_C):
L_DIO_VidSetPortMode53:
0x01F4	0x1283      	BCF        STATUS, 5
;DIO_program.c,154 :: 		TRISC = Copy_u8Mode;
0x01F5	0x0838      	MOVF       FARG_DIO_VidSetPortMode_Copy_u8Mode, 0
0x01F6	0x1683      	BSF        STATUS, 5
0x01F7	0x0087      	MOVWF      TRISC
;DIO_program.c,155 :: 		break;
0x01F8	0x2A19      	GOTO       L_DIO_VidSetPortMode46
;DIO_program.c,156 :: 		case (PORT_D):
L_DIO_VidSetPortMode54:
;DIO_program.c,157 :: 		TRISD = Copy_u8Mode;
0x01F9	0x1283      	BCF        STATUS, 5
0x01FA	0x0838      	MOVF       FARG_DIO_VidSetPortMode_Copy_u8Mode, 0
0x01FB	0x1683      	BSF        STATUS, 5
0x01FC	0x0088      	MOVWF      TRISD
;DIO_program.c,158 :: 		break;
0x01FD	0x2A19      	GOTO       L_DIO_VidSetPortMode46
;DIO_program.c,159 :: 		case (PORT_E):
L_DIO_VidSetPortMode55:
;DIO_program.c,160 :: 		TRISE = Copy_u8Mode;
0x01FE	0x1283      	BCF        STATUS, 5
0x01FF	0x0838      	MOVF       FARG_DIO_VidSetPortMode_Copy_u8Mode, 0
0x0200	0x1683      	BSF        STATUS, 5
0x0201	0x0089      	MOVWF      TRISE
;DIO_program.c,161 :: 		break;
0x0202	0x2A19      	GOTO       L_DIO_VidSetPortMode46
;DIO_program.c,162 :: 		}
L_DIO_VidSetPortMode45:
0x0203	0x1283      	BCF        STATUS, 5
0x0204	0x1303      	BCF        STATUS, 6
0x0205	0x0837      	MOVF       FARG_DIO_VidSetPortMode_Copy_u8Port, 0
0x0206	0x3A00      	XORLW      0
0x0207	0x1903      	BTFSC      STATUS, 2
0x0208	0x29E0      	GOTO       L_DIO_VidSetPortMode47
0x0209	0x0837      	MOVF       FARG_DIO_VidSetPortMode_Copy_u8Port, 0
0x020A	0x3A01      	XORLW      1
0x020B	0x1903      	BTFSC      STATUS, 2
0x020C	0x29E6      	GOTO       L_DIO_VidSetPortMode48
0x020D	0x0837      	MOVF       FARG_DIO_VidSetPortMode_Copy_u8Port, 0
0x020E	0x3A02      	XORLW      2
0x020F	0x1903      	BTFSC      STATUS, 2
0x0210	0x29F4      	GOTO       L_DIO_VidSetPortMode53
0x0211	0x0837      	MOVF       FARG_DIO_VidSetPortMode_Copy_u8Port, 0
0x0212	0x3A03      	XORLW      3
0x0213	0x1903      	BTFSC      STATUS, 2
0x0214	0x29F9      	GOTO       L_DIO_VidSetPortMode54
0x0215	0x0837      	MOVF       FARG_DIO_VidSetPortMode_Copy_u8Port, 0
0x0216	0x3A04      	XORLW      4
0x0217	0x1903      	BTFSC      STATUS, 2
0x0218	0x29FE      	GOTO       L_DIO_VidSetPortMode55
L_DIO_VidSetPortMode46:
;DIO_program.c,163 :: 		}
L_end_DIO_VidSetPortMode:
0x0219	0x0008      	RETURN
; end of _DIO_VidSetPortMode
_CLCD_VidSendCommand:
;CLCD_program.c,5 :: 		void CLCD_VidSendCommand(u8 Copy_u8Command) /* Function to send commands to CLCD */
;CLCD_program.c,8 :: 		DIO_VidSetPinValue(CLCD_CTRL_PORT, CLCD_RS_PIN, LOW);
0x021A	0x3001      	MOVLW      1
0x021B	0x1283      	BCF        STATUS, 5
0x021C	0x1303      	BCF        STATUS, 6
0x021D	0x00BA      	MOVWF      FARG_DIO_VidSetPinValue_Copy_u8Port
0x021E	0x01BB      	CLRF       FARG_DIO_VidSetPinValue_Copy_u8Pin
0x021F	0x01BC      	CLRF       FARG_DIO_VidSetPinValue_Copy_u8Value
0x0220	0x2003      	CALL       _DIO_VidSetPinValue
;CLCD_program.c,11 :: 		DIO_VidSetPinValue(CLCD_CTRL_PORT, CLCD_RW_PIN, LOW);
0x0221	0x3001      	MOVLW      1
0x0222	0x00BA      	MOVWF      FARG_DIO_VidSetPinValue_Copy_u8Port
0x0223	0x3001      	MOVLW      1
0x0224	0x00BB      	MOVWF      FARG_DIO_VidSetPinValue_Copy_u8Pin
0x0225	0x01BC      	CLRF       FARG_DIO_VidSetPinValue_Copy_u8Value
0x0226	0x2003      	CALL       _DIO_VidSetPinValue
;CLCD_program.c,14 :: 		DIO_VidSetPortValue(CLCD_DATA_PORT, Copy_u8Command);
0x0227	0x3003      	MOVLW      3
0x0228	0x00BA      	MOVWF      FARG_DIO_VidSetPortValue_Copy_u8Port
0x0229	0x0837      	MOVF       FARG_CLCD_VidSendCommand_Copy_u8Command, 0
0x022A	0x00BB      	MOVWF      FARG_DIO_VidSetPortValue_Copy_u8Value
0x022B	0x20CA      	CALL       _DIO_VidSetPortValue
;CLCD_program.c,17 :: 		DIO_VidSetPinValue(CLCD_CTRL_PORT, CLCD_EN_PIN, HIGH);
0x022C	0x3001      	MOVLW      1
0x022D	0x00BA      	MOVWF      FARG_DIO_VidSetPinValue_Copy_u8Port
0x022E	0x3002      	MOVLW      2
0x022F	0x00BB      	MOVWF      FARG_DIO_VidSetPinValue_Copy_u8Pin
0x0230	0x3001      	MOVLW      1
0x0231	0x00BC      	MOVWF      FARG_DIO_VidSetPinValue_Copy_u8Value
0x0232	0x2003      	CALL       _DIO_VidSetPinValue
;CLCD_program.c,20 :: 		delay_ms(2);
0x0233	0x300B      	MOVLW      11
0x0234	0x00FC      	MOVWF      R12
0x0235	0x3062      	MOVLW      98
0x0236	0x00FD      	MOVWF      R13
L_CLCD_VidSendCommand0:
0x0237	0x0BFD      	DECFSZ     R13, 1
0x0238	0x2A37      	GOTO       L_CLCD_VidSendCommand0
0x0239	0x0BFC      	DECFSZ     R12, 1
0x023A	0x2A37      	GOTO       L_CLCD_VidSendCommand0
0x023B	0x0000      	NOP
;CLCD_program.c,23 :: 		DIO_VidSetPinValue(CLCD_CTRL_PORT, CLCD_EN_PIN, LOW);
0x023C	0x3001      	MOVLW      1
0x023D	0x00BA      	MOVWF      FARG_DIO_VidSetPinValue_Copy_u8Port
0x023E	0x3002      	MOVLW      2
0x023F	0x00BB      	MOVWF      FARG_DIO_VidSetPinValue_Copy_u8Pin
0x0240	0x01BC      	CLRF       FARG_DIO_VidSetPinValue_Copy_u8Value
0x0241	0x2003      	CALL       _DIO_VidSetPinValue
;CLCD_program.c,24 :: 		}
L_end_CLCD_VidSendCommand:
0x0242	0x0008      	RETURN
; end of _CLCD_VidSendCommand
_CLCD_VidSendData:
;CLCD_program.c,26 :: 		void CLCD_VidSendData(u8 Copy_u8Data) /* Function to send data to CLCD */
;CLCD_program.c,29 :: 		DIO_VidSetPinValue(CLCD_CTRL_PORT, CLCD_RS_PIN, HIGH);
0x0243	0x3001      	MOVLW      1
0x0244	0x1283      	BCF        STATUS, 5
0x0245	0x1303      	BCF        STATUS, 6
0x0246	0x00BA      	MOVWF      FARG_DIO_VidSetPinValue_Copy_u8Port
0x0247	0x01BB      	CLRF       FARG_DIO_VidSetPinValue_Copy_u8Pin
0x0248	0x3001      	MOVLW      1
0x0249	0x00BC      	MOVWF      FARG_DIO_VidSetPinValue_Copy_u8Value
0x024A	0x2003      	CALL       _DIO_VidSetPinValue
;CLCD_program.c,32 :: 		DIO_VidSetPinValue(CLCD_CTRL_PORT, CLCD_RW_PIN, LOW);
0x024B	0x3001      	MOVLW      1
0x024C	0x00BA      	MOVWF      FARG_DIO_VidSetPinValue_Copy_u8Port
0x024D	0x3001      	MOVLW      1
0x024E	0x00BB      	MOVWF      FARG_DIO_VidSetPinValue_Copy_u8Pin
0x024F	0x01BC      	CLRF       FARG_DIO_VidSetPinValue_Copy_u8Value
0x0250	0x2003      	CALL       _DIO_VidSetPinValue
;CLCD_program.c,35 :: 		DIO_VidSetPortValue(CLCD_DATA_PORT, Copy_u8Data);
0x0251	0x3003      	MOVLW      3
0x0252	0x00BA      	MOVWF      FARG_DIO_VidSetPortValue_Copy_u8Port
0x0253	0x0837      	MOVF       FARG_CLCD_VidSendData_Copy_u8Data, 0
0x0254	0x00BB      	MOVWF      FARG_DIO_VidSetPortValue_Copy_u8Value
0x0255	0x20CA      	CALL       _DIO_VidSetPortValue
;CLCD_program.c,38 :: 		DIO_VidSetPinValue(CLCD_CTRL_PORT, CLCD_EN_PIN, HIGH);
0x0256	0x3001      	MOVLW      1
0x0257	0x00BA      	MOVWF      FARG_DIO_VidSetPinValue_Copy_u8Port
0x0258	0x3002      	MOVLW      2
0x0259	0x00BB      	MOVWF      FARG_DIO_VidSetPinValue_Copy_u8Pin
0x025A	0x3001      	MOVLW      1
0x025B	0x00BC      	MOVWF      FARG_DIO_VidSetPinValue_Copy_u8Value
0x025C	0x2003      	CALL       _DIO_VidSetPinValue
;CLCD_program.c,41 :: 		delay_ms(2);
0x025D	0x300B      	MOVLW      11
0x025E	0x00FC      	MOVWF      R12
0x025F	0x3062      	MOVLW      98
0x0260	0x00FD      	MOVWF      R13
L_CLCD_VidSendData1:
0x0261	0x0BFD      	DECFSZ     R13, 1
0x0262	0x2A61      	GOTO       L_CLCD_VidSendData1
0x0263	0x0BFC      	DECFSZ     R12, 1
0x0264	0x2A61      	GOTO       L_CLCD_VidSendData1
0x0265	0x0000      	NOP
;CLCD_program.c,44 :: 		DIO_VidSetPinValue(CLCD_CTRL_PORT, CLCD_EN_PIN, LOW);
0x0266	0x3001      	MOVLW      1
0x0267	0x00BA      	MOVWF      FARG_DIO_VidSetPinValue_Copy_u8Port
0x0268	0x3002      	MOVLW      2
0x0269	0x00BB      	MOVWF      FARG_DIO_VidSetPinValue_Copy_u8Pin
0x026A	0x01BC      	CLRF       FARG_DIO_VidSetPinValue_Copy_u8Value
0x026B	0x2003      	CALL       _DIO_VidSetPinValue
;CLCD_program.c,45 :: 		}
L_end_CLCD_VidSendData:
0x026C	0x0008      	RETURN
; end of _CLCD_VidSendData
_CLCD_VidDisplayClear:
;CLCD_program.c,79 :: 		void CLCD_VidDisplayClear() /* Function to clear display */
;CLCD_program.c,81 :: 		CLCD_VidSendCommand(0b00000001);
0x026D	0x3001      	MOVLW      1
0x026E	0x1283      	BCF        STATUS, 5
0x026F	0x1303      	BCF        STATUS, 6
0x0270	0x00B7      	MOVWF      FARG_CLCD_VidSendCommand_Copy_u8Command
0x0271	0x221A      	CALL       _CLCD_VidSendCommand
;CLCD_program.c,83 :: 		delay_ms(2);
0x0272	0x300B      	MOVLW      11
0x0273	0x00FC      	MOVWF      R12
0x0274	0x3062      	MOVLW      98
0x0275	0x00FD      	MOVWF      R13
L_CLCD_VidDisplayClear6:
0x0276	0x0BFD      	DECFSZ     R13, 1
0x0277	0x2A76      	GOTO       L_CLCD_VidDisplayClear6
0x0278	0x0BFC      	DECFSZ     R12, 1
0x0279	0x2A76      	GOTO       L_CLCD_VidDisplayClear6
0x027A	0x0000      	NOP
;CLCD_program.c,84 :: 		}
L_end_CLCD_VidDisplayClear:
0x027B	0x0008      	RETURN
; end of _CLCD_VidDisplayClear
_CLCD_VidGotoXY:
;CLCD_program.c,86 :: 		void CLCD_VidGotoXY(u8 Copy_u8XPos, u8 Copy_u8YPos) /* Function to go to certain position on CLCD */
;CLCD_program.c,89 :: 		u8 Local_u8Address = 0;
0x027C	0x1283      	BCF        STATUS, 5
0x027D	0x1303      	BCF        STATUS, 6
0x027E	0x01B6      	CLRF       CLCD_VidGotoXY_Local_u8Address_L0
;CLCD_program.c,91 :: 		if (Copy_u8XPos == 0)
0x027F	0x0834      	MOVF       FARG_CLCD_VidGotoXY_Copy_u8XPos, 0
0x0280	0x3A00      	XORLW      0
0x0281	0x1D03      	BTFSS      STATUS, 2
0x0282	0x2A86      	GOTO       L_CLCD_VidGotoXY7
;CLCD_program.c,93 :: 		Local_u8Address = Copy_u8YPos;
0x0283	0x0835      	MOVF       FARG_CLCD_VidGotoXY_Copy_u8YPos, 0
0x0284	0x00B6      	MOVWF      CLCD_VidGotoXY_Local_u8Address_L0
;CLCD_program.c,94 :: 		}
0x0285	0x2A8D      	GOTO       L_CLCD_VidGotoXY8
L_CLCD_VidGotoXY7:
;CLCD_program.c,96 :: 		else if (Copy_u8XPos == 1)
0x0286	0x0834      	MOVF       FARG_CLCD_VidGotoXY_Copy_u8XPos, 0
0x0287	0x3A01      	XORLW      1
0x0288	0x1D03      	BTFSS      STATUS, 2
0x0289	0x2A8D      	GOTO       L_CLCD_VidGotoXY9
;CLCD_program.c,99 :: 		Local_u8Address = 0x40 + Copy_u8YPos;
0x028A	0x0835      	MOVF       FARG_CLCD_VidGotoXY_Copy_u8YPos, 0
0x028B	0x3E40      	ADDLW      64
0x028C	0x00B6      	MOVWF      CLCD_VidGotoXY_Local_u8Address_L0
;CLCD_program.c,100 :: 		}
L_CLCD_VidGotoXY9:
L_CLCD_VidGotoXY8:
;CLCD_program.c,104 :: 		CLCD_VidSendCommand(0b010000000 + Local_u8Address);
0x028D	0x0836      	MOVF       CLCD_VidGotoXY_Local_u8Address_L0, 0
0x028E	0x3E80      	ADDLW      128
0x028F	0x00B7      	MOVWF      FARG_CLCD_VidSendCommand_Copy_u8Command
0x0290	0x221A      	CALL       _CLCD_VidSendCommand
;CLCD_program.c,105 :: 		}
L_end_CLCD_VidGotoXY:
0x0291	0x0008      	RETURN
; end of _CLCD_VidGotoXY
_CLCD_VidInit:
;CLCD_program.c,47 :: 		void CLCD_VidInit() /* Function to initialize CLCD */
;CLCD_program.c,50 :: 		DIO_VidSetPortMode(CLCD_DATA_PORT, PORT_OUTPUT);
0x0292	0x3003      	MOVLW      3
0x0293	0x1283      	BCF        STATUS, 5
0x0294	0x1303      	BCF        STATUS, 6
0x0295	0x00B7      	MOVWF      FARG_DIO_VidSetPortMode_Copy_u8Port
0x0296	0x01B8      	CLRF       FARG_DIO_VidSetPortMode_Copy_u8Mode
0x0297	0x21DF      	CALL       _DIO_VidSetPortMode
;CLCD_program.c,53 :: 		DIO_VidSetPinMode(CLCD_CTRL_PORT, PIN_0, OUTPUT);
0x0298	0x3001      	MOVLW      1
0x0299	0x1283      	BCF        STATUS, 5
0x029A	0x1303      	BCF        STATUS, 6
0x029B	0x00B7      	MOVWF      FARG_DIO_VidSetPinMode_Copy_u8Port
0x029C	0x01B8      	CLRF       FARG_DIO_VidSetPinMode_Copy_u8Pin
0x029D	0x01B9      	CLRF       FARG_DIO_VidSetPinMode_Copy_u8Mode
0x029E	0x20F3      	CALL       _DIO_VidSetPinMode
;CLCD_program.c,54 :: 		DIO_VidSetPinMode(CLCD_CTRL_PORT, PIN_1, OUTPUT);
0x029F	0x3001      	MOVLW      1
0x02A0	0x1283      	BCF        STATUS, 5
0x02A1	0x1303      	BCF        STATUS, 6
0x02A2	0x00B7      	MOVWF      FARG_DIO_VidSetPinMode_Copy_u8Port
0x02A3	0x3001      	MOVLW      1
0x02A4	0x00B8      	MOVWF      FARG_DIO_VidSetPinMode_Copy_u8Pin
0x02A5	0x01B9      	CLRF       FARG_DIO_VidSetPinMode_Copy_u8Mode
0x02A6	0x20F3      	CALL       _DIO_VidSetPinMode
;CLCD_program.c,55 :: 		DIO_VidSetPinMode(CLCD_CTRL_PORT, PIN_2, OUTPUT);
0x02A7	0x3001      	MOVLW      1
0x02A8	0x1283      	BCF        STATUS, 5
0x02A9	0x1303      	BCF        STATUS, 6
0x02AA	0x00B7      	MOVWF      FARG_DIO_VidSetPinMode_Copy_u8Port
0x02AB	0x3002      	MOVLW      2
0x02AC	0x00B8      	MOVWF      FARG_DIO_VidSetPinMode_Copy_u8Pin
0x02AD	0x01B9      	CLRF       FARG_DIO_VidSetPinMode_Copy_u8Mode
0x02AE	0x20F3      	CALL       _DIO_VidSetPinMode
;CLCD_program.c,58 :: 		delay_ms(40);
0x02AF	0x30D0      	MOVLW      208
0x02B0	0x1283      	BCF        STATUS, 5
0x02B1	0x1303      	BCF        STATUS, 6
0x02B2	0x00FC      	MOVWF      R12
0x02B3	0x30C9      	MOVLW      201
0x02B4	0x00FD      	MOVWF      R13
L_CLCD_VidInit2:
0x02B5	0x0BFD      	DECFSZ     R13, 1
0x02B6	0x2AB5      	GOTO       L_CLCD_VidInit2
0x02B7	0x0BFC      	DECFSZ     R12, 1
0x02B8	0x2AB5      	GOTO       L_CLCD_VidInit2
0x02B9	0x0000      	NOP
0x02BA	0x0000      	NOP
;CLCD_program.c,61 :: 		CLCD_VidSendCommand(0b00111111);
0x02BB	0x303F      	MOVLW      63
0x02BC	0x00B7      	MOVWF      FARG_CLCD_VidSendCommand_Copy_u8Command
0x02BD	0x221A      	CALL       _CLCD_VidSendCommand
;CLCD_program.c,64 :: 		delay_us(49);
0x02BE	0x3041      	MOVLW      65
0x02BF	0x00FD      	MOVWF      R13
L_CLCD_VidInit3:
0x02C0	0x0BFD      	DECFSZ     R13, 1
0x02C1	0x2AC0      	GOTO       L_CLCD_VidInit3
;CLCD_program.c,67 :: 		CLCD_VidSendCommand(0b00001100);
0x02C2	0x300C      	MOVLW      12
0x02C3	0x00B7      	MOVWF      FARG_CLCD_VidSendCommand_Copy_u8Command
0x02C4	0x221A      	CALL       _CLCD_VidSendCommand
;CLCD_program.c,70 :: 		delay_us(49);
0x02C5	0x3041      	MOVLW      65
0x02C6	0x00FD      	MOVWF      R13
L_CLCD_VidInit4:
0x02C7	0x0BFD      	DECFSZ     R13, 1
0x02C8	0x2AC7      	GOTO       L_CLCD_VidInit4
;CLCD_program.c,73 :: 		CLCD_VidSendCommand(0b00000001);
0x02C9	0x3001      	MOVLW      1
0x02CA	0x00B7      	MOVWF      FARG_CLCD_VidSendCommand_Copy_u8Command
0x02CB	0x221A      	CALL       _CLCD_VidSendCommand
;CLCD_program.c,76 :: 		delay_ms(2);
0x02CC	0x300B      	MOVLW      11
0x02CD	0x00FC      	MOVWF      R12
0x02CE	0x3062      	MOVLW      98
0x02CF	0x00FD      	MOVWF      R13
L_CLCD_VidInit5:
0x02D0	0x0BFD      	DECFSZ     R13, 1
0x02D1	0x2AD0      	GOTO       L_CLCD_VidInit5
0x02D2	0x0BFC      	DECFSZ     R12, 1
0x02D3	0x2AD0      	GOTO       L_CLCD_VidInit5
0x02D4	0x0000      	NOP
;CLCD_program.c,77 :: 		}
L_end_CLCD_VidInit:
0x02D5	0x0008      	RETURN
; end of _CLCD_VidInit
_CLCD_VidCreatSpecialChar:
;CLCD_program.c,107 :: 		void CLCD_VidCreatSpecialChar(u8 *Copy_u8Pattern, u8 Copy_u8PatternNumber) //Function to write special character on CLCD
;CLCD_program.c,110 :: 		u8 Local_u8CGRAMAddress = 0;
;CLCD_program.c,113 :: 		Local_u8CGRAMAddress = Copy_u8PatternNumber * 8;
0x02D6	0x1283      	BCF        STATUS, 5
0x02D7	0x1303      	BCF        STATUS, 6
0x02D8	0x0835      	MOVF       FARG_CLCD_VidCreatSpecialChar_Copy_u8PatternNumber, 0
0x02D9	0x00B7      	MOVWF      FARG_CLCD_VidSendCommand_Copy_u8Command
0x02DA	0x0DB7      	RLF        FARG_CLCD_VidSendCommand_Copy_u8Command, 1
0x02DB	0x1037      	BCF        FARG_CLCD_VidSendCommand_Copy_u8Command, 0
0x02DC	0x0DB7      	RLF        FARG_CLCD_VidSendCommand_Copy_u8Command, 1
0x02DD	0x1037      	BCF        FARG_CLCD_VidSendCommand_Copy_u8Command, 0
0x02DE	0x0DB7      	RLF        FARG_CLCD_VidSendCommand_Copy_u8Command, 1
0x02DF	0x1037      	BCF        FARG_CLCD_VidSendCommand_Copy_u8Command, 0
;CLCD_program.c,116 :: 		CLCD_VidSendCommand(Local_u8CGRAMAddress + 64);
0x02E0	0x3040      	MOVLW      64
0x02E1	0x07B7      	ADDWF      FARG_CLCD_VidSendCommand_Copy_u8Command, 1
0x02E2	0x221A      	CALL       _CLCD_VidSendCommand
;CLCD_program.c,119 :: 		for (i = 0; i < 8; i++)
0x02E3	0x01B6      	CLRF       CLCD_VidCreatSpecialChar_i_L0
L_CLCD_VidCreatSpecialChar10:
0x02E4	0x3008      	MOVLW      8
0x02E5	0x0236      	SUBWF      CLCD_VidCreatSpecialChar_i_L0, 0
0x02E6	0x1803      	BTFSC      STATUS, 0
0x02E7	0x2AF0      	GOTO       L_CLCD_VidCreatSpecialChar11
;CLCD_program.c,121 :: 		CLCD_VidSendData(Copy_u8Pattern[i]);
0x02E8	0x0836      	MOVF       CLCD_VidCreatSpecialChar_i_L0, 0
0x02E9	0x0734      	ADDWF      FARG_CLCD_VidCreatSpecialChar_Copy_u8Pattern, 0
0x02EA	0x0084      	MOVWF      FSR
0x02EB	0x0800      	MOVF       INDF, 0
0x02EC	0x00B7      	MOVWF      FARG_CLCD_VidSendData_Copy_u8Data
0x02ED	0x2243      	CALL       _CLCD_VidSendData
;CLCD_program.c,119 :: 		for (i = 0; i < 8; i++)
0x02EE	0x0AB6      	INCF       CLCD_VidCreatSpecialChar_i_L0, 1
;CLCD_program.c,122 :: 		}
0x02EF	0x2AE4      	GOTO       L_CLCD_VidCreatSpecialChar10
L_CLCD_VidCreatSpecialChar11:
;CLCD_program.c,123 :: 		}
L_end_CLCD_VidCreatSpecialChar:
0x02F0	0x0008      	RETURN
; end of _CLCD_VidCreatSpecialChar
___CC2DW:
;__Lib_System.c,134 :: 		
;__Lib_System.c,137 :: 		
_CC2D_Loop1:
;__Lib_System.c,139 :: 		
0x02F1	0x21D8      	CALL       _____DoICP
0x02F2	0x118A      	BCF        PCLATH, 3
0x02F3	0x120A      	BCF        PCLATH, 4
;__Lib_System.c,141 :: 		
0x02F4	0x0080      	MOVWF      INDF
;__Lib_System.c,142 :: 		
0x02F5	0x0A84      	INCF       FSR, 1
;__Lib_System.c,143 :: 		
0x02F6	0x0AB0      	INCF       ___DoICPAddr, 1
;__Lib_System.c,145 :: 		
0x02F7	0x1903      	BTFSC      STATUS, 2
;__Lib_System.c,146 :: 		
0x02F8	0x0AB1      	INCF       ___DoICPAddr+1, 1
;__Lib_System.c,147 :: 		
0x02F9	0x03F0      	DECF       R0, 1
;__Lib_System.c,149 :: 		
0x02FA	0x1D03      	BTFSS      STATUS, 2
;__Lib_System.c,150 :: 		
0x02FB	0x2AF1      	GOTO       _CC2D_Loop1
;__Lib_System.c,152 :: 		
L_end___CC2DW:
0x02FC	0x0008      	RETURN
; end of ___CC2DW
_main:
0x02FD	0x300E      	MOVLW      14
0x02FE	0x1283      	BCF        STATUS, 5
0x02FF	0x1303      	BCF        STATUS, 6
0x0300	0x00A0      	MOVWF      _stickyMan
0x0301	0x300A      	MOVLW      10
0x0302	0x00A1      	MOVWF      33
0x0303	0x300E      	MOVLW      14
0x0304	0x00A2      	MOVWF      34
0x0305	0x3005      	MOVLW      5
0x0306	0x00A3      	MOVWF      35
0x0307	0x300E      	MOVLW      14
0x0308	0x00A4      	MOVWF      36
0x0309	0x3014      	MOVLW      20
0x030A	0x00A5      	MOVWF      37
0x030B	0x3004      	MOVLW      4
0x030C	0x00A6      	MOVWF      38
0x030D	0x300A      	MOVLW      10
0x030E	0x00A7      	MOVWF      39
0x030F	0x300E      	MOVLW      14
0x0310	0x00A8      	MOVWF      _stickyMan_handsInverted
0x0311	0x300A      	MOVLW      10
0x0312	0x00A9      	MOVWF      41
0x0313	0x300E      	MOVLW      14
0x0314	0x00AA      	MOVWF      42
0x0315	0x3014      	MOVLW      20
0x0316	0x00AB      	MOVWF      43
0x0317	0x300E      	MOVLW      14
0x0318	0x00AC      	MOVWF      44
0x0319	0x3005      	MOVLW      5
0x031A	0x00AD      	MOVWF      45
0x031B	0x3004      	MOVLW      4
0x031C	0x00AE      	MOVWF      46
0x031D	0x300A      	MOVLW      10
0x031E	0x00AF      	MOVWF      47
;LCD.c,7 :: 		void main()
;LCD.c,10 :: 		CLCD_VidCreatSpecialChar(stickyMan, 1);
0x031F	0x3020      	MOVLW      _stickyMan
0x0320	0x00B4      	MOVWF      FARG_CLCD_VidCreatSpecialChar_Copy_u8Pattern
0x0321	0x3001      	MOVLW      1
0x0322	0x00B5      	MOVWF      FARG_CLCD_VidCreatSpecialChar_Copy_u8PatternNumber
0x0323	0x22D6      	CALL       _CLCD_VidCreatSpecialChar
;LCD.c,11 :: 		CLCD_VidCreatSpecialChar(stickyMan_handsInverted, 2);
0x0324	0x3028      	MOVLW      _stickyMan_handsInverted
0x0325	0x00B4      	MOVWF      FARG_CLCD_VidCreatSpecialChar_Copy_u8Pattern
0x0326	0x3002      	MOVLW      2
0x0327	0x00B5      	MOVWF      FARG_CLCD_VidCreatSpecialChar_Copy_u8PatternNumber
0x0328	0x22D6      	CALL       _CLCD_VidCreatSpecialChar
;LCD.c,13 :: 		CLCD_VidInit();
0x0329	0x2292      	CALL       _CLCD_VidInit
;LCD.c,14 :: 		while (1)
L_main0:
;LCD.c,16 :: 		u8 i = 0;
0x032A	0x01B2      	CLRF       main_i_L1
0x032B	0x300C      	MOVLW      12
0x032C	0x00B3      	MOVWF      main_j_L1
;LCD.c,18 :: 		for (i = 0; i < 12; i += 2)
0x032D	0x01B2      	CLRF       main_i_L1
L_main2:
0x032E	0x300C      	MOVLW      12
0x032F	0x0232      	SUBWF      main_i_L1, 0
0x0330	0x1803      	BTFSC      STATUS, 0
0x0331	0x2B5D      	GOTO       L_main3
;LCD.c,20 :: 		CLCD_VidDisplayClear();
0x0332	0x226D      	CALL       _CLCD_VidDisplayClear
;LCD.c,21 :: 		CLCD_VidGotoXY(0, i);
0x0333	0x01B4      	CLRF       FARG_CLCD_VidGotoXY_Copy_u8XPos
0x0334	0x0832      	MOVF       main_i_L1, 0
0x0335	0x00B5      	MOVWF      FARG_CLCD_VidGotoXY_Copy_u8YPos
0x0336	0x227C      	CALL       _CLCD_VidGotoXY
;LCD.c,22 :: 		CLCD_VidSendData(1);
0x0337	0x3001      	MOVLW      1
0x0338	0x00B7      	MOVWF      FARG_CLCD_VidSendData_Copy_u8Data
0x0339	0x2243      	CALL       _CLCD_VidSendData
;LCD.c,23 :: 		delay_ms(200);
0x033A	0x3005      	MOVLW      5
0x033B	0x00FB      	MOVWF      R11
0x033C	0x300F      	MOVLW      15
0x033D	0x00FC      	MOVWF      R12
0x033E	0x30F1      	MOVLW      241
0x033F	0x00FD      	MOVWF      R13
L_main5:
0x0340	0x0BFD      	DECFSZ     R13, 1
0x0341	0x2B40      	GOTO       L_main5
0x0342	0x0BFC      	DECFSZ     R12, 1
0x0343	0x2B40      	GOTO       L_main5
0x0344	0x0BFB      	DECFSZ     R11, 1
0x0345	0x2B40      	GOTO       L_main5
;LCD.c,24 :: 		CLCD_VidDisplayClear();
0x0346	0x226D      	CALL       _CLCD_VidDisplayClear
;LCD.c,25 :: 		CLCD_VidGotoXY(0, i + 1);
0x0347	0x01B4      	CLRF       FARG_CLCD_VidGotoXY_Copy_u8XPos
0x0348	0x0A32      	INCF       main_i_L1, 0
0x0349	0x00B5      	MOVWF      FARG_CLCD_VidGotoXY_Copy_u8YPos
0x034A	0x227C      	CALL       _CLCD_VidGotoXY
;LCD.c,26 :: 		CLCD_VidSendData(2);
0x034B	0x3002      	MOVLW      2
0x034C	0x00B7      	MOVWF      FARG_CLCD_VidSendData_Copy_u8Data
0x034D	0x2243      	CALL       _CLCD_VidSendData
;LCD.c,27 :: 		delay_ms(200);
0x034E	0x3005      	MOVLW      5
0x034F	0x00FB      	MOVWF      R11
0x0350	0x300F      	MOVLW      15
0x0351	0x00FC      	MOVWF      R12
0x0352	0x30F1      	MOVLW      241
0x0353	0x00FD      	MOVWF      R13
L_main6:
0x0354	0x0BFD      	DECFSZ     R13, 1
0x0355	0x2B54      	GOTO       L_main6
0x0356	0x0BFC      	DECFSZ     R12, 1
0x0357	0x2B54      	GOTO       L_main6
0x0358	0x0BFB      	DECFSZ     R11, 1
0x0359	0x2B54      	GOTO       L_main6
;LCD.c,18 :: 		for (i = 0; i < 12; i += 2)
0x035A	0x3002      	MOVLW      2
0x035B	0x07B2      	ADDWF      main_i_L1, 1
;LCD.c,28 :: 		}
0x035C	0x2B2E      	GOTO       L_main2
L_main3:
;LCD.c,29 :: 		for (j = 12; j > 0; j -= 2)
0x035D	0x300C      	MOVLW      12
0x035E	0x00B3      	MOVWF      main_j_L1
L_main7:
0x035F	0x3080      	MOVLW      128
0x0360	0x3A00      	XORLW      0
0x0361	0x00F0      	MOVWF      R0
0x0362	0x3080      	MOVLW      128
0x0363	0x0633      	XORWF      main_j_L1, 0
0x0364	0x0270      	SUBWF      R0, 0
0x0365	0x1803      	BTFSC      STATUS, 0
0x0366	0x2B94      	GOTO       L_main8
;LCD.c,31 :: 		CLCD_VidDisplayClear();
0x0367	0x226D      	CALL       _CLCD_VidDisplayClear
;LCD.c,32 :: 		CLCD_VidGotoXY(1, j);
0x0368	0x3001      	MOVLW      1
0x0369	0x00B4      	MOVWF      FARG_CLCD_VidGotoXY_Copy_u8XPos
0x036A	0x0833      	MOVF       main_j_L1, 0
0x036B	0x00B5      	MOVWF      FARG_CLCD_VidGotoXY_Copy_u8YPos
0x036C	0x227C      	CALL       _CLCD_VidGotoXY
;LCD.c,33 :: 		CLCD_VidSendData(1);
0x036D	0x3001      	MOVLW      1
0x036E	0x00B7      	MOVWF      FARG_CLCD_VidSendData_Copy_u8Data
0x036F	0x2243      	CALL       _CLCD_VidSendData
;LCD.c,34 :: 		delay_ms(200);
0x0370	0x3005      	MOVLW      5
0x0371	0x00FB      	MOVWF      R11
0x0372	0x300F      	MOVLW      15
0x0373	0x00FC      	MOVWF      R12
0x0374	0x30F1      	MOVLW      241
0x0375	0x00FD      	MOVWF      R13
L_main10:
0x0376	0x0BFD      	DECFSZ     R13, 1
0x0377	0x2B76      	GOTO       L_main10
0x0378	0x0BFC      	DECFSZ     R12, 1
0x0379	0x2B76      	GOTO       L_main10
0x037A	0x0BFB      	DECFSZ     R11, 1
0x037B	0x2B76      	GOTO       L_main10
;LCD.c,35 :: 		CLCD_VidDisplayClear();
0x037C	0x226D      	CALL       _CLCD_VidDisplayClear
;LCD.c,36 :: 		CLCD_VidGotoXY(1, j - 1);
0x037D	0x3001      	MOVLW      1
0x037E	0x00B4      	MOVWF      FARG_CLCD_VidGotoXY_Copy_u8XPos
0x037F	0x0333      	DECF       main_j_L1, 0
0x0380	0x00B5      	MOVWF      FARG_CLCD_VidGotoXY_Copy_u8YPos
0x0381	0x227C      	CALL       _CLCD_VidGotoXY
;LCD.c,37 :: 		CLCD_VidSendData(2);
0x0382	0x3002      	MOVLW      2
0x0383	0x00B7      	MOVWF      FARG_CLCD_VidSendData_Copy_u8Data
0x0384	0x2243      	CALL       _CLCD_VidSendData
;LCD.c,38 :: 		delay_ms(200);
0x0385	0x3005      	MOVLW      5
0x0386	0x00FB      	MOVWF      R11
0x0387	0x300F      	MOVLW      15
0x0388	0x00FC      	MOVWF      R12
0x0389	0x30F1      	MOVLW      241
0x038A	0x00FD      	MOVWF      R13
L_main11:
0x038B	0x0BFD      	DECFSZ     R13, 1
0x038C	0x2B8B      	GOTO       L_main11
0x038D	0x0BFC      	DECFSZ     R12, 1
0x038E	0x2B8B      	GOTO       L_main11
0x038F	0x0BFB      	DECFSZ     R11, 1
0x0390	0x2B8B      	GOTO       L_main11
;LCD.c,29 :: 		for (j = 12; j > 0; j -= 2)
0x0391	0x3002      	MOVLW      2
0x0392	0x02B3      	SUBWF      main_j_L1, 1
;LCD.c,39 :: 		}
0x0393	0x2B5F      	GOTO       L_main7
L_main8:
;LCD.c,40 :: 		}
0x0394	0x2B2A      	GOTO       L_main0
;LCD.c,41 :: 		}
L_end_main:
0x0395	0x2B95      	GOTO       $+0
; end of _main
Symbol List:
//** Routines locations **
//ADDRESS    SIZE    PROCEDURE
//----------------------------------------------
0x0003     [199]    _DIO_VidSetPinValue
0x00CA      [41]    _DIO_VidSetPortValue
0x00F3     [229]    _DIO_VidSetPinMode
0x01D8       [7]    _____DoICP
0x01DF      [59]    _DIO_VidSetPortMode
0x021A      [41]    _CLCD_VidSendCommand
0x0243      [42]    _CLCD_VidSendData
0x026D      [15]    _CLCD_VidDisplayClear
0x027C      [22]    _CLCD_VidGotoXY
0x0292      [68]    _CLCD_VidInit
0x02D6      [27]    _CLCD_VidCreatSpecialChar
0x02F1      [12]    ___CC2DW
0x02FD     [153]    _main
//** Variables locations ** 
//ADDRESS    SIZE    VARIABLE
//----------------------------------------------
0x0000       [1]    INDF
0x0002       [1]    PCL
0x0003       [1]    STATUS
0x0004       [1]    FSR
0x000A       [1]    PCLATH
0x0020       [8]    _stickyMan
0x0028       [8]    _stickyMan_handsInverted
0x0030       [2]    ___DoICPAddr
0x0032       [1]    main_i_L1
0x0033       [1]    main_j_L1
0x0034       [1]    FARG_CLCD_VidCreatSpecialChar_Copy_u8Pattern
0x0034       [1]    FARG_CLCD_VidGotoXY_Copy_u8XPos
0x0035       [1]    FARG_CLCD_VidCreatSpecialChar_Copy_u8PatternNumber
0x0035       [1]    FARG_CLCD_VidGotoXY_Copy_u8YPos
0x0036       [1]    CLCD_VidGotoXY_Local_u8Address_L0
0x0036       [1]    CLCD_VidCreatSpecialChar_i_L0
0x0037       [1]    FARG_CLCD_VidSendCommand_Copy_u8Command
0x0037       [1]    FARG_DIO_VidSetPinMode_Copy_u8Port
0x0037       [1]    FARG_CLCD_VidSendData_Copy_u8Data
0x0037       [1]    FARG_DIO_VidSetPortMode_Copy_u8Port
0x0038       [1]    FARG_DIO_VidSetPortMode_Copy_u8Mode
0x0038       [1]    FARG_DIO_VidSetPinMode_Copy_u8Pin
0x0039       [1]    FARG_DIO_VidSetPinMode_Copy_u8Mode
0x003A       [1]    FARG_DIO_VidSetPinValue_Copy_u8Port
0x003A       [1]    FARG_DIO_VidSetPortValue_Copy_u8Port
0x003B       [1]    FARG_DIO_VidSetPortValue_Copy_u8Value
0x003B       [1]    FARG_DIO_VidSetPinValue_Copy_u8Pin
0x003C       [1]    FARG_DIO_VidSetPinValue_Copy_u8Value
0x0070       [1]    R0
0x0071       [1]    R1
0x0072       [1]    R2
0x0073       [1]    R3
0x0074       [1]    R4
0x0075       [1]    R5
0x0076       [1]    R6
0x0077       [1]    R7
0x0078       [1]    R8
0x0079       [1]    R9
0x007A       [1]    R10
0x007B       [1]    R11
0x007C       [1]    R12
0x007D       [1]    R13
0x007E       [1]    R14
0x007F       [1]    R15
