;  LST file generated by mikroListExporter - v.2.0 
; Date/Time: 12/5/2022 2:16:22 AM
;----------------------------------------------

;Address Opcode 	ASM
0x0000	0x2B3B      	GOTO       827
_interrupt:
0x0004	0x00FF      	MOVWF      R15
0x0005	0x0E03      	SWAPF      STATUS, 0
0x0006	0x0183      	CLRF       STATUS
0x0007	0x00AE      	MOVWF      ___saveSTATUS
0x0008	0x080A      	MOVF       PCLATH, 0
0x0009	0x00AB      	MOVWF      ___savePCLATH
0x000A	0x018A      	CLRF       PCLATH
0x000B	0x0870      	MOVF       R0, 0
0x000C	0x00A4      	MOVWF      36
0x000D	0x0871      	MOVF       R1, 0
0x000E	0x00A3      	MOVWF      35
0x000F	0x087B      	MOVF       R11, 0
0x0010	0x00A2      	MOVWF      34
0x0011	0x087C      	MOVF       R12, 0
0x0012	0x00A1      	MOVWF      33
0x0013	0x087D      	MOVF       R13, 0
0x0014	0x00A0      	MOVWF      32
;EXTI_program.c,62 :: 		void interrupt (void)
;EXTI_program.c,64 :: 		if ((GET_BIT(INTCON, INTF) == 1) && (GET_BIT(INTCON, INTE) == 1))
0x0015	0x080B      	MOVF       INTCON, 0
0x0016	0x00F0      	MOVWF      R0
0x0017	0x0CF0      	RRF        R0, 1
0x0018	0x13F0      	BCF        R0, 7
0x0019	0x3001      	MOVLW      1
0x001A	0x0570      	ANDWF      R0, 0
0x001B	0x00F1      	MOVWF      R1
0x001C	0x0871      	MOVF       R1, 0
0x001D	0x3A01      	XORLW      1
0x001E	0x1D03      	BTFSS      STATUS, 2
0x001F	0x2860      	GOTO       L_interrupt2
0x0020	0x080B      	MOVF       INTCON, 0
0x0021	0x00F0      	MOVWF      R0
0x0022	0x0CF0      	RRF        R0, 1
0x0023	0x13F0      	BCF        R0, 7
0x0024	0x0CF0      	RRF        R0, 1
0x0025	0x13F0      	BCF        R0, 7
0x0026	0x0CF0      	RRF        R0, 1
0x0027	0x13F0      	BCF        R0, 7
0x0028	0x0CF0      	RRF        R0, 1
0x0029	0x13F0      	BCF        R0, 7
0x002A	0x3001      	MOVLW      1
0x002B	0x0570      	ANDWF      R0, 0
0x002C	0x00F1      	MOVWF      R1
0x002D	0x0871      	MOVF       R1, 0
0x002E	0x3A01      	XORLW      1
0x002F	0x1D03      	BTFSS      STATUS, 2
0x0030	0x2860      	GOTO       L_interrupt2
L__interrupt11:
;EXTI_program.c,66 :: 		delay_ms(300); /* Debounce */
0x0031	0x3007      	MOVLW      7
0x0032	0x00FB      	MOVWF      R11
0x0033	0x3017      	MOVLW      23
0x0034	0x00FC      	MOVWF      R12
0x0035	0x306A      	MOVLW      106
0x0036	0x00FD      	MOVWF      R13
L_interrupt3:
0x0037	0x0BFD      	DECFSZ     R13, 1
0x0038	0x2837      	GOTO       L_interrupt3
0x0039	0x0BFC      	DECFSZ     R12, 1
0x003A	0x2837      	GOTO       L_interrupt3
0x003B	0x0BFB      	DECFSZ     R11, 1
0x003C	0x2837      	GOTO       L_interrupt3
0x003D	0x0000      	NOP
;EXTI_program.c,67 :: 		CLR_BIT(INTCON, INTF);
0x003E	0x108B      	BCF        INTCON, 1
;EXTI_program.c,68 :: 		if (PVINTCallBack != NULL)
0x003F	0x0825      	MOVF       EXTI_program_PVINTCallBack, 0
0x0040	0x00F1      	MOVWF      R1
0x0041	0x0826      	MOVF       EXTI_program_PVINTCallBack+1, 0
0x0042	0x00F2      	MOVWF      R1+1
0x0043	0x0827      	MOVF       EXTI_program_PVINTCallBack+2, 0
0x0044	0x00F3      	MOVWF      R1+2
0x0045	0x0828      	MOVF       EXTI_program_PVINTCallBack+3, 0
0x0046	0x00F4      	MOVWF      R1+3
0x0047	0x3000      	MOVLW      0
0x0048	0x00F0      	MOVWF      R0
0x0049	0x0674      	XORWF      R1+3, 0
0x004A	0x1D03      	BTFSS      STATUS, 2
0x004B	0x2856      	GOTO       L__interrupt21
0x004C	0x0870      	MOVF       R0, 0
0x004D	0x0673      	XORWF      R1+2, 0
0x004E	0x1D03      	BTFSS      STATUS, 2
0x004F	0x2856      	GOTO       L__interrupt21
0x0050	0x0870      	MOVF       R0, 0
0x0051	0x0672      	XORWF      R1+1, 0
0x0052	0x1D03      	BTFSS      STATUS, 2
0x0053	0x2856      	GOTO       L__interrupt21
0x0054	0x0871      	MOVF       R1, 0
0x0055	0x3A00      	XORLW      0
L__interrupt21:
0x0056	0x1903      	BTFSC      STATUS, 2
0x0057	0x285F      	GOTO       L_interrupt4
;EXTI_program.c,70 :: 		PVINTCallBack();
0x0058	0x0825      	MOVF       EXTI_program_PVINTCallBack, 0
0x0059	0x00AC      	MOVWF      ___DoICPAddr
0x005A	0x0826      	MOVF       EXTI_program_PVINTCallBack+1, 0
0x005B	0x00AD      	MOVWF      ___DoICPAddr+1
0x005C	0x22FB      	CALL       _____DoIFC
0x005D	0x118A      	BCF        PCLATH, 3
0x005E	0x120A      	BCF        PCLATH, 4
;EXTI_program.c,71 :: 		}
L_interrupt4:
;EXTI_program.c,72 :: 		}
0x005F	0x289D      	GOTO       L_interrupt5
L_interrupt2:
;EXTI_program.c,74 :: 		else if ((GET_BIT(INTCON, RBIF) == 1) && (GET_BIT(INTCON, RBIE) == 1))
0x0060	0x080B      	MOVF       INTCON, 0
0x0061	0x1283      	BCF        STATUS, 5
0x0062	0x1303      	BCF        STATUS, 6
0x0063	0x00F0      	MOVWF      R0
0x0064	0x3001      	MOVLW      1
0x0065	0x0570      	ANDWF      R0, 0
0x0066	0x00F1      	MOVWF      R1
0x0067	0x0871      	MOVF       R1, 0
0x0068	0x3A01      	XORLW      1
0x0069	0x1D03      	BTFSS      STATUS, 2
0x006A	0x289D      	GOTO       L_interrupt8
0x006B	0x080B      	MOVF       INTCON, 0
0x006C	0x00F0      	MOVWF      R0
0x006D	0x0CF0      	RRF        R0, 1
0x006E	0x13F0      	BCF        R0, 7
0x006F	0x0CF0      	RRF        R0, 1
0x0070	0x13F0      	BCF        R0, 7
0x0071	0x0CF0      	RRF        R0, 1
0x0072	0x13F0      	BCF        R0, 7
0x0073	0x3001      	MOVLW      1
0x0074	0x0570      	ANDWF      R0, 0
0x0075	0x00F1      	MOVWF      R1
0x0076	0x0871      	MOVF       R1, 0
0x0077	0x3A01      	XORLW      1
0x0078	0x1D03      	BTFSS      STATUS, 2
0x0079	0x289D      	GOTO       L_interrupt8
L__interrupt10:
;EXTI_program.c,76 :: 		CLR_BIT(INTCON, RBIF);
0x007A	0x100B      	BCF        INTCON, 0
;EXTI_program.c,77 :: 		if (PVRBICallBack != NULL)
0x007B	0x0828      	MOVF       EXTI_program_PVRBICallBack, 0
0x007C	0x00F1      	MOVWF      R1
0x007D	0x0829      	MOVF       EXTI_program_PVRBICallBack+1, 0
0x007E	0x00F2      	MOVWF      R1+1
0x007F	0x082A      	MOVF       EXTI_program_PVRBICallBack+2, 0
0x0080	0x00F3      	MOVWF      R1+2
0x0081	0x082B      	MOVF       EXTI_program_PVRBICallBack+3, 0
0x0082	0x00F4      	MOVWF      R1+3
0x0083	0x3000      	MOVLW      0
0x0084	0x00F0      	MOVWF      R0
0x0085	0x0674      	XORWF      R1+3, 0
0x0086	0x1D03      	BTFSS      STATUS, 2
0x0087	0x2892      	GOTO       L__interrupt22
0x0088	0x0870      	MOVF       R0, 0
0x0089	0x0673      	XORWF      R1+2, 0
0x008A	0x1D03      	BTFSS      STATUS, 2
0x008B	0x2892      	GOTO       L__interrupt22
0x008C	0x0870      	MOVF       R0, 0
0x008D	0x0672      	XORWF      R1+1, 0
0x008E	0x1D03      	BTFSS      STATUS, 2
0x008F	0x2892      	GOTO       L__interrupt22
0x0090	0x0871      	MOVF       R1, 0
0x0091	0x3A00      	XORLW      0
L__interrupt22:
0x0092	0x1903      	BTFSC      STATUS, 2
0x0093	0x289D      	GOTO       L_interrupt9
;EXTI_program.c,79 :: 		PVRBICallBack();
0x0094	0x1283      	BCF        STATUS, 5
0x0095	0x1303      	BCF        STATUS, 6
0x0096	0x0828      	MOVF       EXTI_program_PVRBICallBack, 0
0x0097	0x00AC      	MOVWF      ___DoICPAddr
0x0098	0x0829      	MOVF       EXTI_program_PVRBICallBack+1, 0
0x0099	0x00AD      	MOVWF      ___DoICPAddr+1
0x009A	0x22FB      	CALL       _____DoIFC
0x009B	0x118A      	BCF        PCLATH, 3
0x009C	0x120A      	BCF        PCLATH, 4
;EXTI_program.c,80 :: 		}
L_interrupt9:
;EXTI_program.c,81 :: 		}
L_interrupt8:
L_interrupt5:
;EXTI_program.c,82 :: 		}
L_end_interrupt:
L__interrupt20:
0x009D	0x1283      	BCF        STATUS, 5
0x009E	0x1303      	BCF        STATUS, 6
0x009F	0x0824      	MOVF       36, 0
0x00A0	0x00F0      	MOVWF      R0
0x00A1	0x0823      	MOVF       35, 0
0x00A2	0x00F1      	MOVWF      R1
0x00A3	0x0822      	MOVF       34, 0
0x00A4	0x00FB      	MOVWF      R11
0x00A5	0x0821      	MOVF       33, 0
0x00A6	0x00FC      	MOVWF      R12
0x00A7	0x0820      	MOVF       32, 0
0x00A8	0x00FD      	MOVWF      R13
0x00A9	0x082B      	MOVF       ___savePCLATH, 0
0x00AA	0x008A      	MOVWF      PCLATH
0x00AB	0x0E2E      	SWAPF      ___saveSTATUS, 0
0x00AC	0x0083      	MOVWF      STATUS
0x00AD	0x0EFF      	SWAPF      R15, 1
0x00AE	0x0E7F      	SWAPF      R15, 0
0x00AF	0x0009      	RETFIE
; end of _interrupt
_DIO_VidSetPortValue:
;DIO_program.c,173 :: 		void DIO_VidSetPortValue(u8 Copy_u8Port, u8 Copy_u8Value)
;DIO_program.c,175 :: 		switch (Copy_u8Port)
0x00B0	0x28C2      	GOTO       L_DIO_VidSetPortValue58
;DIO_program.c,177 :: 		case (PORT_A):
L_DIO_VidSetPortValue60:
;DIO_program.c,178 :: 		PORTA = Copy_u8Value;
0x00B1	0x1283      	BCF        STATUS, 5
0x00B2	0x1303      	BCF        STATUS, 6
0x00B3	0x0834      	MOVF       FARG_DIO_VidSetPortValue_Copy_u8Value, 0
0x00B4	0x0085      	MOVWF      PORTA
;DIO_program.c,179 :: 		break;
0x00B5	0x28D8      	GOTO       L_DIO_VidSetPortValue59
;DIO_program.c,180 :: 		case (PORT_B):
L_DIO_VidSetPortValue61:
;DIO_program.c,181 :: 		PORTB = Copy_u8Value;
0x00B6	0x0834      	MOVF       FARG_DIO_VidSetPortValue_Copy_u8Value, 0
0x00B7	0x0086      	MOVWF      PORTB
;DIO_program.c,182 :: 		break;
0x00B8	0x28D8      	GOTO       L_DIO_VidSetPortValue59
;DIO_program.c,183 :: 		case (PORT_C):
L_DIO_VidSetPortValue62:
;DIO_program.c,184 :: 		PORTC = Copy_u8Value;
0x00B9	0x0834      	MOVF       FARG_DIO_VidSetPortValue_Copy_u8Value, 0
0x00BA	0x0087      	MOVWF      PORTC
;DIO_program.c,185 :: 		break;
0x00BB	0x28D8      	GOTO       L_DIO_VidSetPortValue59
;DIO_program.c,186 :: 		case (PORT_D):
L_DIO_VidSetPortValue63:
;DIO_program.c,187 :: 		PORTD = Copy_u8Value;
0x00BC	0x0834      	MOVF       FARG_DIO_VidSetPortValue_Copy_u8Value, 0
0x00BD	0x0088      	MOVWF      PORTD
;DIO_program.c,188 :: 		break;
0x00BE	0x28D8      	GOTO       L_DIO_VidSetPortValue59
;DIO_program.c,189 :: 		case (PORT_E):
L_DIO_VidSetPortValue64:
;DIO_program.c,190 :: 		PORTE = Copy_u8Value;
0x00BF	0x0834      	MOVF       FARG_DIO_VidSetPortValue_Copy_u8Value, 0
0x00C0	0x0089      	MOVWF      PORTE
;DIO_program.c,191 :: 		break;
0x00C1	0x28D8      	GOTO       L_DIO_VidSetPortValue59
;DIO_program.c,192 :: 		}
L_DIO_VidSetPortValue58:
0x00C2	0x1283      	BCF        STATUS, 5
0x00C3	0x1303      	BCF        STATUS, 6
0x00C4	0x0833      	MOVF       FARG_DIO_VidSetPortValue_Copy_u8Port, 0
0x00C5	0x3A00      	XORLW      0
0x00C6	0x1903      	BTFSC      STATUS, 2
0x00C7	0x28B1      	GOTO       L_DIO_VidSetPortValue60
0x00C8	0x0833      	MOVF       FARG_DIO_VidSetPortValue_Copy_u8Port, 0
0x00C9	0x3A01      	XORLW      1
0x00CA	0x1903      	BTFSC      STATUS, 2
0x00CB	0x28B6      	GOTO       L_DIO_VidSetPortValue61
0x00CC	0x0833      	MOVF       FARG_DIO_VidSetPortValue_Copy_u8Port, 0
0x00CD	0x3A02      	XORLW      2
0x00CE	0x1903      	BTFSC      STATUS, 2
0x00CF	0x28B9      	GOTO       L_DIO_VidSetPortValue62
0x00D0	0x0833      	MOVF       FARG_DIO_VidSetPortValue_Copy_u8Port, 0
0x00D1	0x3A03      	XORLW      3
0x00D2	0x1903      	BTFSC      STATUS, 2
0x00D3	0x28BC      	GOTO       L_DIO_VidSetPortValue63
0x00D4	0x0833      	MOVF       FARG_DIO_VidSetPortValue_Copy_u8Port, 0
0x00D5	0x3A04      	XORLW      4
0x00D6	0x1903      	BTFSC      STATUS, 2
0x00D7	0x28BF      	GOTO       L_DIO_VidSetPortValue64
L_DIO_VidSetPortValue59:
;DIO_program.c,193 :: 		}
L_end_DIO_VidSetPortValue:
0x00D8	0x0008      	RETURN
; end of _DIO_VidSetPortValue
_____DoICP:
;__Lib_System.c,6 :: 		
;__Lib_System.c,9 :: 		
0x00D9	0x1283      	BCF        STATUS, 5
0x00DA	0x1303      	BCF        STATUS, 6
0x00DB	0x082D      	MOVF       ___DoICPAddr+1, 0
0x00DC	0x008A      	MOVWF      PCLATH
;__Lib_System.c,10 :: 		
0x00DD	0x082C      	MOVF       ___DoICPAddr, 0
0x00DE	0x0082      	MOVWF      PCL
;__Lib_System.c,12 :: 		
L_end_____DoICP:
0x00DF	0x0008      	RETURN
; end of _____DoICP
_DIO_VidSetPinMode:
;DIO_program.c,11 :: 		void DIO_VidSetPinMode(u8 Copy_u8Port, u8 Copy_u8Pin, u8 Copy_u8Mode)
;DIO_program.c,13 :: 		if (Copy_u8Mode == INPUT || Copy_u8Mode == INPUT_PULLUP)
0x00E0	0x1283      	BCF        STATUS, 5
0x00E1	0x1303      	BCF        STATUS, 6
0x00E2	0x0831      	MOVF       FARG_DIO_VidSetPinMode_Copy_u8Mode, 0
0x00E3	0x3A01      	XORLW      1
0x00E4	0x1903      	BTFSC      STATUS, 2
0x00E5	0x28EB      	GOTO       L__DIO_VidSetPinMode72
0x00E6	0x0831      	MOVF       FARG_DIO_VidSetPinMode_Copy_u8Mode, 0
0x00E7	0x3A02      	XORLW      2
0x00E8	0x1903      	BTFSC      STATUS, 2
0x00E9	0x28EB      	GOTO       L__DIO_VidSetPinMode72
0x00EA	0x296D      	GOTO       L_DIO_VidSetPinMode2
L__DIO_VidSetPinMode72:
;DIO_program.c,15 :: 		switch (Copy_u8Port)
0x00EB	0x2957      	GOTO       L_DIO_VidSetPinMode3
;DIO_program.c,17 :: 		case (PORT_A):
L_DIO_VidSetPinMode5:
;DIO_program.c,18 :: 		SET_BIT(TRISA, Copy_u8Pin);
0x00EC	0x0830      	MOVF       FARG_DIO_VidSetPinMode_Copy_u8Pin, 0
0x00ED	0x00F1      	MOVWF      R1
0x00EE	0x3001      	MOVLW      1
0x00EF	0x00F0      	MOVWF      R0
0x00F0	0x0871      	MOVF       R1, 0
L__DIO_VidSetPinMode74:
0x00F1	0x1903      	BTFSC      STATUS, 2
0x00F2	0x28F7      	GOTO       L__DIO_VidSetPinMode75
0x00F3	0x0DF0      	RLF        R0, 1
0x00F4	0x1070      	BCF        R0, 0
0x00F5	0x3EFF      	ADDLW      255
0x00F6	0x28F1      	GOTO       L__DIO_VidSetPinMode74
L__DIO_VidSetPinMode75:
0x00F7	0x0870      	MOVF       R0, 0
0x00F8	0x1683      	BSF        STATUS, 5
0x00F9	0x0485      	IORWF      TRISA, 1
;DIO_program.c,19 :: 		break;
0x00FA	0x296C      	GOTO       L_DIO_VidSetPinMode4
;DIO_program.c,20 :: 		case (PORT_B):
L_DIO_VidSetPinMode6:
;DIO_program.c,21 :: 		switch (Copy_u8Mode)
0x00FB	0x2920      	GOTO       L_DIO_VidSetPinMode7
;DIO_program.c,23 :: 		case (INPUT_PULLUP):
L_DIO_VidSetPinMode9:
0x00FC	0x1683      	BSF        STATUS, 5
;DIO_program.c,24 :: 		CLR_BIT(OPTION_REG, RBPU);
0x00FD	0x1381      	BCF        OPTION_REG, 7
;DIO_program.c,25 :: 		SET_BIT(TRISB, Copy_u8Pin);
0x00FE	0x1283      	BCF        STATUS, 5
0x00FF	0x0830      	MOVF       FARG_DIO_VidSetPinMode_Copy_u8Pin, 0
0x0100	0x00F1      	MOVWF      R1
0x0101	0x3001      	MOVLW      1
0x0102	0x00F0      	MOVWF      R0
0x0103	0x0871      	MOVF       R1, 0
L__DIO_VidSetPinMode76:
0x0104	0x1903      	BTFSC      STATUS, 2
0x0105	0x290A      	GOTO       L__DIO_VidSetPinMode77
0x0106	0x0DF0      	RLF        R0, 1
0x0107	0x1070      	BCF        R0, 0
0x0108	0x3EFF      	ADDLW      255
0x0109	0x2904      	GOTO       L__DIO_VidSetPinMode76
L__DIO_VidSetPinMode77:
0x010A	0x0870      	MOVF       R0, 0
0x010B	0x1683      	BSF        STATUS, 5
0x010C	0x0486      	IORWF      TRISB, 1
;DIO_program.c,26 :: 		break;
0x010D	0x2926      	GOTO       L_DIO_VidSetPinMode8
;DIO_program.c,27 :: 		default:
L_DIO_VidSetPinMode10:
0x010E	0x1683      	BSF        STATUS, 5
;DIO_program.c,28 :: 		SET_BIT(OPTION_REG, RBPU);
0x010F	0x1781      	BSF        OPTION_REG, 7
;DIO_program.c,29 :: 		SET_BIT(TRISB, Copy_u8Pin);
0x0110	0x1283      	BCF        STATUS, 5
0x0111	0x0830      	MOVF       FARG_DIO_VidSetPinMode_Copy_u8Pin, 0
0x0112	0x00F1      	MOVWF      R1
0x0113	0x3001      	MOVLW      1
0x0114	0x00F0      	MOVWF      R0
0x0115	0x0871      	MOVF       R1, 0
L__DIO_VidSetPinMode78:
0x0116	0x1903      	BTFSC      STATUS, 2
0x0117	0x291C      	GOTO       L__DIO_VidSetPinMode79
0x0118	0x0DF0      	RLF        R0, 1
0x0119	0x1070      	BCF        R0, 0
0x011A	0x3EFF      	ADDLW      255
0x011B	0x2916      	GOTO       L__DIO_VidSetPinMode78
L__DIO_VidSetPinMode79:
0x011C	0x0870      	MOVF       R0, 0
0x011D	0x1683      	BSF        STATUS, 5
0x011E	0x0486      	IORWF      TRISB, 1
;DIO_program.c,30 :: 		}
0x011F	0x2926      	GOTO       L_DIO_VidSetPinMode8
L_DIO_VidSetPinMode7:
0x0120	0x1283      	BCF        STATUS, 5
0x0121	0x0831      	MOVF       FARG_DIO_VidSetPinMode_Copy_u8Mode, 0
0x0122	0x3A02      	XORLW      2
0x0123	0x1903      	BTFSC      STATUS, 2
0x0124	0x28FC      	GOTO       L_DIO_VidSetPinMode9
0x0125	0x290E      	GOTO       L_DIO_VidSetPinMode10
L_DIO_VidSetPinMode8:
;DIO_program.c,31 :: 		break;
0x0126	0x296C      	GOTO       L_DIO_VidSetPinMode4
;DIO_program.c,32 :: 		case (PORT_C):
L_DIO_VidSetPinMode11:
0x0127	0x1283      	BCF        STATUS, 5
;DIO_program.c,33 :: 		SET_BIT(TRISC, Copy_u8Pin);
0x0128	0x0830      	MOVF       FARG_DIO_VidSetPinMode_Copy_u8Pin, 0
0x0129	0x00F1      	MOVWF      R1
0x012A	0x3001      	MOVLW      1
0x012B	0x00F0      	MOVWF      R0
0x012C	0x0871      	MOVF       R1, 0
L__DIO_VidSetPinMode80:
0x012D	0x1903      	BTFSC      STATUS, 2
0x012E	0x2933      	GOTO       L__DIO_VidSetPinMode81
0x012F	0x0DF0      	RLF        R0, 1
0x0130	0x1070      	BCF        R0, 0
0x0131	0x3EFF      	ADDLW      255
0x0132	0x292D      	GOTO       L__DIO_VidSetPinMode80
L__DIO_VidSetPinMode81:
0x0133	0x0870      	MOVF       R0, 0
0x0134	0x1683      	BSF        STATUS, 5
0x0135	0x0487      	IORWF      TRISC, 1
;DIO_program.c,34 :: 		break;
0x0136	0x296C      	GOTO       L_DIO_VidSetPinMode4
;DIO_program.c,35 :: 		case (PORT_D):
L_DIO_VidSetPinMode12:
;DIO_program.c,36 :: 		SET_BIT(TRISD, Copy_u8Pin);
0x0137	0x1283      	BCF        STATUS, 5
0x0138	0x0830      	MOVF       FARG_DIO_VidSetPinMode_Copy_u8Pin, 0
0x0139	0x00F1      	MOVWF      R1
0x013A	0x3001      	MOVLW      1
0x013B	0x00F0      	MOVWF      R0
0x013C	0x0871      	MOVF       R1, 0
L__DIO_VidSetPinMode82:
0x013D	0x1903      	BTFSC      STATUS, 2
0x013E	0x2943      	GOTO       L__DIO_VidSetPinMode83
0x013F	0x0DF0      	RLF        R0, 1
0x0140	0x1070      	BCF        R0, 0
0x0141	0x3EFF      	ADDLW      255
0x0142	0x293D      	GOTO       L__DIO_VidSetPinMode82
L__DIO_VidSetPinMode83:
0x0143	0x0870      	MOVF       R0, 0
0x0144	0x1683      	BSF        STATUS, 5
0x0145	0x0488      	IORWF      TRISD, 1
;DIO_program.c,37 :: 		break;
0x0146	0x296C      	GOTO       L_DIO_VidSetPinMode4
;DIO_program.c,38 :: 		case (PORT_E):
L_DIO_VidSetPinMode13:
;DIO_program.c,39 :: 		SET_BIT(TRISE, Copy_u8Pin);
0x0147	0x1283      	BCF        STATUS, 5
0x0148	0x0830      	MOVF       FARG_DIO_VidSetPinMode_Copy_u8Pin, 0
0x0149	0x00F1      	MOVWF      R1
0x014A	0x3001      	MOVLW      1
0x014B	0x00F0      	MOVWF      R0
0x014C	0x0871      	MOVF       R1, 0
L__DIO_VidSetPinMode84:
0x014D	0x1903      	BTFSC      STATUS, 2
0x014E	0x2953      	GOTO       L__DIO_VidSetPinMode85
0x014F	0x0DF0      	RLF        R0, 1
0x0150	0x1070      	BCF        R0, 0
0x0151	0x3EFF      	ADDLW      255
0x0152	0x294D      	GOTO       L__DIO_VidSetPinMode84
L__DIO_VidSetPinMode85:
0x0153	0x0870      	MOVF       R0, 0
0x0154	0x1683      	BSF        STATUS, 5
0x0155	0x0489      	IORWF      TRISE, 1
;DIO_program.c,40 :: 		break;
0x0156	0x296C      	GOTO       L_DIO_VidSetPinMode4
;DIO_program.c,41 :: 		}
L_DIO_VidSetPinMode3:
0x0157	0x1283      	BCF        STATUS, 5
0x0158	0x082F      	MOVF       FARG_DIO_VidSetPinMode_Copy_u8Port, 0
0x0159	0x3A00      	XORLW      0
0x015A	0x1903      	BTFSC      STATUS, 2
0x015B	0x28EC      	GOTO       L_DIO_VidSetPinMode5
0x015C	0x082F      	MOVF       FARG_DIO_VidSetPinMode_Copy_u8Port, 0
0x015D	0x3A01      	XORLW      1
0x015E	0x1903      	BTFSC      STATUS, 2
0x015F	0x28FB      	GOTO       L_DIO_VidSetPinMode6
0x0160	0x082F      	MOVF       FARG_DIO_VidSetPinMode_Copy_u8Port, 0
0x0161	0x3A02      	XORLW      2
0x0162	0x1903      	BTFSC      STATUS, 2
0x0163	0x2927      	GOTO       L_DIO_VidSetPinMode11
0x0164	0x082F      	MOVF       FARG_DIO_VidSetPinMode_Copy_u8Port, 0
0x0165	0x3A03      	XORLW      3
0x0166	0x1903      	BTFSC      STATUS, 2
0x0167	0x2937      	GOTO       L_DIO_VidSetPinMode12
0x0168	0x082F      	MOVF       FARG_DIO_VidSetPinMode_Copy_u8Port, 0
0x0169	0x3A04      	XORLW      4
0x016A	0x1903      	BTFSC      STATUS, 2
0x016B	0x2947      	GOTO       L_DIO_VidSetPinMode13
L_DIO_VidSetPinMode4:
;DIO_program.c,42 :: 		}
0x016C	0x29DC      	GOTO       L_DIO_VidSetPinMode14
L_DIO_VidSetPinMode2:
0x016D	0x1283      	BCF        STATUS, 5
;DIO_program.c,44 :: 		else if (Copy_u8Mode == OUTPUT)
0x016E	0x0831      	MOVF       FARG_DIO_VidSetPinMode_Copy_u8Mode, 0
0x016F	0x3A00      	XORLW      0
0x0170	0x1D03      	BTFSS      STATUS, 2
0x0171	0x29DC      	GOTO       L_DIO_VidSetPinMode15
;DIO_program.c,46 :: 		switch (Copy_u8Port)
0x0172	0x29C7      	GOTO       L_DIO_VidSetPinMode16
;DIO_program.c,48 :: 		case (PORT_A):
L_DIO_VidSetPinMode18:
;DIO_program.c,49 :: 		CLR_BIT(TRISA, Copy_u8Pin);
0x0173	0x0830      	MOVF       FARG_DIO_VidSetPinMode_Copy_u8Pin, 0
0x0174	0x00F1      	MOVWF      R1
0x0175	0x3001      	MOVLW      1
0x0176	0x00F0      	MOVWF      R0
0x0177	0x0871      	MOVF       R1, 0
L__DIO_VidSetPinMode86:
0x0178	0x1903      	BTFSC      STATUS, 2
0x0179	0x297E      	GOTO       L__DIO_VidSetPinMode87
0x017A	0x0DF0      	RLF        R0, 1
0x017B	0x1070      	BCF        R0, 0
0x017C	0x3EFF      	ADDLW      255
0x017D	0x2978      	GOTO       L__DIO_VidSetPinMode86
L__DIO_VidSetPinMode87:
0x017E	0x09F0      	COMF       R0, 1
0x017F	0x0870      	MOVF       R0, 0
0x0180	0x1683      	BSF        STATUS, 5
0x0181	0x0585      	ANDWF      TRISA, 1
;DIO_program.c,50 :: 		break;
0x0182	0x29DC      	GOTO       L_DIO_VidSetPinMode17
;DIO_program.c,51 :: 		case (PORT_B):
L_DIO_VidSetPinMode19:
;DIO_program.c,52 :: 		CLR_BIT(TRISB, Copy_u8Pin);
0x0183	0x1283      	BCF        STATUS, 5
0x0184	0x0830      	MOVF       FARG_DIO_VidSetPinMode_Copy_u8Pin, 0
0x0185	0x00F1      	MOVWF      R1
0x0186	0x3001      	MOVLW      1
0x0187	0x00F0      	MOVWF      R0
0x0188	0x0871      	MOVF       R1, 0
L__DIO_VidSetPinMode88:
0x0189	0x1903      	BTFSC      STATUS, 2
0x018A	0x298F      	GOTO       L__DIO_VidSetPinMode89
0x018B	0x0DF0      	RLF        R0, 1
0x018C	0x1070      	BCF        R0, 0
0x018D	0x3EFF      	ADDLW      255
0x018E	0x2989      	GOTO       L__DIO_VidSetPinMode88
L__DIO_VidSetPinMode89:
0x018F	0x09F0      	COMF       R0, 1
0x0190	0x0870      	MOVF       R0, 0
0x0191	0x1683      	BSF        STATUS, 5
0x0192	0x0586      	ANDWF      TRISB, 1
;DIO_program.c,53 :: 		break;
0x0193	0x29DC      	GOTO       L_DIO_VidSetPinMode17
;DIO_program.c,54 :: 		case (PORT_C):
L_DIO_VidSetPinMode20:
;DIO_program.c,55 :: 		CLR_BIT(TRISC, Copy_u8Pin);
0x0194	0x1283      	BCF        STATUS, 5
0x0195	0x0830      	MOVF       FARG_DIO_VidSetPinMode_Copy_u8Pin, 0
0x0196	0x00F1      	MOVWF      R1
0x0197	0x3001      	MOVLW      1
0x0198	0x00F0      	MOVWF      R0
0x0199	0x0871      	MOVF       R1, 0
L__DIO_VidSetPinMode90:
0x019A	0x1903      	BTFSC      STATUS, 2
0x019B	0x29A0      	GOTO       L__DIO_VidSetPinMode91
0x019C	0x0DF0      	RLF        R0, 1
0x019D	0x1070      	BCF        R0, 0
0x019E	0x3EFF      	ADDLW      255
0x019F	0x299A      	GOTO       L__DIO_VidSetPinMode90
L__DIO_VidSetPinMode91:
0x01A0	0x09F0      	COMF       R0, 1
0x01A1	0x0870      	MOVF       R0, 0
0x01A2	0x1683      	BSF        STATUS, 5
0x01A3	0x0587      	ANDWF      TRISC, 1
;DIO_program.c,56 :: 		break;
0x01A4	0x29DC      	GOTO       L_DIO_VidSetPinMode17
;DIO_program.c,57 :: 		case (PORT_D):
L_DIO_VidSetPinMode21:
;DIO_program.c,58 :: 		CLR_BIT(TRISD, Copy_u8Pin);
0x01A5	0x1283      	BCF        STATUS, 5
0x01A6	0x0830      	MOVF       FARG_DIO_VidSetPinMode_Copy_u8Pin, 0
0x01A7	0x00F1      	MOVWF      R1
0x01A8	0x3001      	MOVLW      1
0x01A9	0x00F0      	MOVWF      R0
0x01AA	0x0871      	MOVF       R1, 0
L__DIO_VidSetPinMode92:
0x01AB	0x1903      	BTFSC      STATUS, 2
0x01AC	0x29B1      	GOTO       L__DIO_VidSetPinMode93
0x01AD	0x0DF0      	RLF        R0, 1
0x01AE	0x1070      	BCF        R0, 0
0x01AF	0x3EFF      	ADDLW      255
0x01B0	0x29AB      	GOTO       L__DIO_VidSetPinMode92
L__DIO_VidSetPinMode93:
0x01B1	0x09F0      	COMF       R0, 1
0x01B2	0x0870      	MOVF       R0, 0
0x01B3	0x1683      	BSF        STATUS, 5
0x01B4	0x0588      	ANDWF      TRISD, 1
;DIO_program.c,59 :: 		break;
0x01B5	0x29DC      	GOTO       L_DIO_VidSetPinMode17
;DIO_program.c,60 :: 		case (PORT_E):
L_DIO_VidSetPinMode22:
;DIO_program.c,61 :: 		CLR_BIT(TRISE, Copy_u8Pin);
0x01B6	0x1283      	BCF        STATUS, 5
0x01B7	0x0830      	MOVF       FARG_DIO_VidSetPinMode_Copy_u8Pin, 0
0x01B8	0x00F1      	MOVWF      R1
0x01B9	0x3001      	MOVLW      1
0x01BA	0x00F0      	MOVWF      R0
0x01BB	0x0871      	MOVF       R1, 0
L__DIO_VidSetPinMode94:
0x01BC	0x1903      	BTFSC      STATUS, 2
0x01BD	0x29C2      	GOTO       L__DIO_VidSetPinMode95
0x01BE	0x0DF0      	RLF        R0, 1
0x01BF	0x1070      	BCF        R0, 0
0x01C0	0x3EFF      	ADDLW      255
0x01C1	0x29BC      	GOTO       L__DIO_VidSetPinMode94
L__DIO_VidSetPinMode95:
0x01C2	0x09F0      	COMF       R0, 1
0x01C3	0x0870      	MOVF       R0, 0
0x01C4	0x1683      	BSF        STATUS, 5
0x01C5	0x0589      	ANDWF      TRISE, 1
;DIO_program.c,62 :: 		break;
0x01C6	0x29DC      	GOTO       L_DIO_VidSetPinMode17
;DIO_program.c,63 :: 		}
L_DIO_VidSetPinMode16:
0x01C7	0x1283      	BCF        STATUS, 5
0x01C8	0x082F      	MOVF       FARG_DIO_VidSetPinMode_Copy_u8Port, 0
0x01C9	0x3A00      	XORLW      0
0x01CA	0x1903      	BTFSC      STATUS, 2
0x01CB	0x2973      	GOTO       L_DIO_VidSetPinMode18
0x01CC	0x082F      	MOVF       FARG_DIO_VidSetPinMode_Copy_u8Port, 0
0x01CD	0x3A01      	XORLW      1
0x01CE	0x1903      	BTFSC      STATUS, 2
0x01CF	0x2983      	GOTO       L_DIO_VidSetPinMode19
0x01D0	0x082F      	MOVF       FARG_DIO_VidSetPinMode_Copy_u8Port, 0
0x01D1	0x3A02      	XORLW      2
0x01D2	0x1903      	BTFSC      STATUS, 2
0x01D3	0x2994      	GOTO       L_DIO_VidSetPinMode20
0x01D4	0x082F      	MOVF       FARG_DIO_VidSetPinMode_Copy_u8Port, 0
0x01D5	0x3A03      	XORLW      3
0x01D6	0x1903      	BTFSC      STATUS, 2
0x01D7	0x29A5      	GOTO       L_DIO_VidSetPinMode21
0x01D8	0x082F      	MOVF       FARG_DIO_VidSetPinMode_Copy_u8Port, 0
0x01D9	0x3A04      	XORLW      4
0x01DA	0x1903      	BTFSC      STATUS, 2
0x01DB	0x29B6      	GOTO       L_DIO_VidSetPinMode22
L_DIO_VidSetPinMode17:
;DIO_program.c,64 :: 		}
L_DIO_VidSetPinMode15:
L_DIO_VidSetPinMode14:
;DIO_program.c,65 :: 		}
L_end_DIO_VidSetPinMode:
0x01DC	0x0008      	RETURN
; end of _DIO_VidSetPinMode
_DIO_VidSetPortMode:
;DIO_program.c,141 :: 		void DIO_VidSetPortMode(u8 Copy_u8Port, u8 Copy_u8Mode)
;DIO_program.c,143 :: 		switch (Copy_u8Port)
0x01DD	0x2A09      	GOTO       L_DIO_VidSetPortMode47
;DIO_program.c,145 :: 		case (PORT_A):
L_DIO_VidSetPortMode49:
;DIO_program.c,146 :: 		TRISA = Copy_u8Mode;
0x01DE	0x1283      	BCF        STATUS, 5
0x01DF	0x1303      	BCF        STATUS, 6
0x01E0	0x0830      	MOVF       FARG_DIO_VidSetPortMode_Copy_u8Mode, 0
0x01E1	0x1683      	BSF        STATUS, 5
0x01E2	0x0085      	MOVWF      TRISA
;DIO_program.c,147 :: 		break;
0x01E3	0x2A1F      	GOTO       L_DIO_VidSetPortMode48
;DIO_program.c,148 :: 		case (PORT_B):
L_DIO_VidSetPortMode50:
;DIO_program.c,149 :: 		switch (Copy_u8Mode)
0x01E4	0x29F3      	GOTO       L_DIO_VidSetPortMode51
;DIO_program.c,151 :: 		case (PORT_INPUT_PULLUP):
L_DIO_VidSetPortMode53:
0x01E5	0x1683      	BSF        STATUS, 5
;DIO_program.c,152 :: 		CLR_BIT(OPTION_REG, RBPU);
0x01E6	0x1381      	BCF        OPTION_REG, 7
;DIO_program.c,153 :: 		TRISB = Copy_u8Mode;
0x01E7	0x1283      	BCF        STATUS, 5
0x01E8	0x0830      	MOVF       FARG_DIO_VidSetPortMode_Copy_u8Mode, 0
0x01E9	0x1683      	BSF        STATUS, 5
0x01EA	0x0086      	MOVWF      TRISB
;DIO_program.c,154 :: 		break;
0x01EB	0x29F9      	GOTO       L_DIO_VidSetPortMode52
;DIO_program.c,155 :: 		default:
L_DIO_VidSetPortMode54:
0x01EC	0x1683      	BSF        STATUS, 5
;DIO_program.c,156 :: 		SET_BIT(OPTION_REG, RBPU);
0x01ED	0x1781      	BSF        OPTION_REG, 7
;DIO_program.c,157 :: 		TRISB = Copy_u8Mode;
0x01EE	0x1283      	BCF        STATUS, 5
0x01EF	0x0830      	MOVF       FARG_DIO_VidSetPortMode_Copy_u8Mode, 0
0x01F0	0x1683      	BSF        STATUS, 5
0x01F1	0x0086      	MOVWF      TRISB
;DIO_program.c,158 :: 		break;
0x01F2	0x29F9      	GOTO       L_DIO_VidSetPortMode52
;DIO_program.c,159 :: 		}
L_DIO_VidSetPortMode51:
0x01F3	0x1283      	BCF        STATUS, 5
0x01F4	0x0830      	MOVF       FARG_DIO_VidSetPortMode_Copy_u8Mode, 0
0x01F5	0x3AFF      	XORLW      255
0x01F6	0x1903      	BTFSC      STATUS, 2
0x01F7	0x29E5      	GOTO       L_DIO_VidSetPortMode53
0x01F8	0x29EC      	GOTO       L_DIO_VidSetPortMode54
L_DIO_VidSetPortMode52:
;DIO_program.c,160 :: 		break;
0x01F9	0x2A1F      	GOTO       L_DIO_VidSetPortMode48
;DIO_program.c,161 :: 		case (PORT_C):
L_DIO_VidSetPortMode55:
0x01FA	0x1283      	BCF        STATUS, 5
;DIO_program.c,162 :: 		TRISC = Copy_u8Mode;
0x01FB	0x0830      	MOVF       FARG_DIO_VidSetPortMode_Copy_u8Mode, 0
0x01FC	0x1683      	BSF        STATUS, 5
0x01FD	0x0087      	MOVWF      TRISC
;DIO_program.c,163 :: 		break;
0x01FE	0x2A1F      	GOTO       L_DIO_VidSetPortMode48
;DIO_program.c,164 :: 		case (PORT_D):
L_DIO_VidSetPortMode56:
;DIO_program.c,165 :: 		TRISD = Copy_u8Mode;
0x01FF	0x1283      	BCF        STATUS, 5
0x0200	0x0830      	MOVF       FARG_DIO_VidSetPortMode_Copy_u8Mode, 0
0x0201	0x1683      	BSF        STATUS, 5
0x0202	0x0088      	MOVWF      TRISD
;DIO_program.c,166 :: 		break;
0x0203	0x2A1F      	GOTO       L_DIO_VidSetPortMode48
;DIO_program.c,167 :: 		case (PORT_E):
L_DIO_VidSetPortMode57:
;DIO_program.c,168 :: 		TRISE = Copy_u8Mode;
0x0204	0x1283      	BCF        STATUS, 5
0x0205	0x0830      	MOVF       FARG_DIO_VidSetPortMode_Copy_u8Mode, 0
0x0206	0x1683      	BSF        STATUS, 5
0x0207	0x0089      	MOVWF      TRISE
;DIO_program.c,169 :: 		break;
0x0208	0x2A1F      	GOTO       L_DIO_VidSetPortMode48
;DIO_program.c,170 :: 		}
L_DIO_VidSetPortMode47:
0x0209	0x1283      	BCF        STATUS, 5
0x020A	0x1303      	BCF        STATUS, 6
0x020B	0x082F      	MOVF       FARG_DIO_VidSetPortMode_Copy_u8Port, 0
0x020C	0x3A00      	XORLW      0
0x020D	0x1903      	BTFSC      STATUS, 2
0x020E	0x29DE      	GOTO       L_DIO_VidSetPortMode49
0x020F	0x082F      	MOVF       FARG_DIO_VidSetPortMode_Copy_u8Port, 0
0x0210	0x3A01      	XORLW      1
0x0211	0x1903      	BTFSC      STATUS, 2
0x0212	0x29E4      	GOTO       L_DIO_VidSetPortMode50
0x0213	0x082F      	MOVF       FARG_DIO_VidSetPortMode_Copy_u8Port, 0
0x0214	0x3A02      	XORLW      2
0x0215	0x1903      	BTFSC      STATUS, 2
0x0216	0x29FA      	GOTO       L_DIO_VidSetPortMode55
0x0217	0x082F      	MOVF       FARG_DIO_VidSetPortMode_Copy_u8Port, 0
0x0218	0x3A03      	XORLW      3
0x0219	0x1903      	BTFSC      STATUS, 2
0x021A	0x29FF      	GOTO       L_DIO_VidSetPortMode56
0x021B	0x082F      	MOVF       FARG_DIO_VidSetPortMode_Copy_u8Port, 0
0x021C	0x3A04      	XORLW      4
0x021D	0x1903      	BTFSC      STATUS, 2
0x021E	0x2A04      	GOTO       L_DIO_VidSetPortMode57
L_DIO_VidSetPortMode48:
;DIO_program.c,171 :: 		}
L_end_DIO_VidSetPortMode:
0x021F	0x0008      	RETURN
; end of _DIO_VidSetPortMode
_GIE_VidEnable:
;GIE_program.c,7 :: 		void GIE_VidEnable()
;GIE_program.c,9 :: 		SET_BIT(INTCON, GIE);
0x0220	0x178B      	BSF        INTCON, 7
;GIE_program.c,10 :: 		}
L_end_GIE_VidEnable:
0x0221	0x0008      	RETURN
; end of _GIE_VidEnable
_EXTI_VidINTInit:
;EXTI_program.c,11 :: 		void EXTI_VidINTInit(void)
;EXTI_program.c,17 :: 		CLR_BIT(OPTION_REG, INTEDG);
0x0222	0x1683      	BSF        STATUS, 5
0x0223	0x1303      	BCF        STATUS, 6
0x0224	0x1301      	BCF        OPTION_REG, 6
;EXTI_program.c,24 :: 		}
L_end_EXTI_VidINTInit:
0x0225	0x0008      	RETURN
; end of _EXTI_VidINTInit
_EXTI_VidINTEnable:
;EXTI_program.c,27 :: 		void EXTI_VidINTEnable(void)
;EXTI_program.c,29 :: 		SET_BIT(INTCON, INTE);
0x0226	0x160B      	BSF        INTCON, 4
;EXTI_program.c,30 :: 		}
L_end_EXTI_VidINTEnable:
0x0227	0x0008      	RETURN
; end of _EXTI_VidINTEnable
_DIO_VidSetPinValue:
;DIO_program.c,68 :: 		void DIO_VidSetPinValue(u8 Copy_u8Port, u8 Copy_u8Pin, u8 Copy_u8Value)
;DIO_program.c,71 :: 		if (Copy_u8Value == LOW)
0x0228	0x1283      	BCF        STATUS, 5
0x0229	0x1303      	BCF        STATUS, 6
0x022A	0x0831      	MOVF       FARG_DIO_VidSetPinValue_Copy_u8Value, 0
0x022B	0x3A00      	XORLW      0
0x022C	0x1D03      	BTFSS      STATUS, 2
0x022D	0x2A8F      	GOTO       L_DIO_VidSetPinValue23
;DIO_program.c,73 :: 		switch (Copy_u8Port)
0x022E	0x2A7A      	GOTO       L_DIO_VidSetPinValue24
;DIO_program.c,75 :: 		case (PORT_A):
L_DIO_VidSetPinValue26:
;DIO_program.c,76 :: 		CLR_BIT(PORTA, Copy_u8Pin);
0x022F	0x0830      	MOVF       FARG_DIO_VidSetPinValue_Copy_u8Pin, 0
0x0230	0x00F1      	MOVWF      R1
0x0231	0x3001      	MOVLW      1
0x0232	0x00F0      	MOVWF      R0
0x0233	0x0871      	MOVF       R1, 0
L__DIO_VidSetPinValue97:
0x0234	0x1903      	BTFSC      STATUS, 2
0x0235	0x2A3A      	GOTO       L__DIO_VidSetPinValue98
0x0236	0x0DF0      	RLF        R0, 1
0x0237	0x1070      	BCF        R0, 0
0x0238	0x3EFF      	ADDLW      255
0x0239	0x2A34      	GOTO       L__DIO_VidSetPinValue97
L__DIO_VidSetPinValue98:
0x023A	0x09F0      	COMF       R0, 1
0x023B	0x0870      	MOVF       R0, 0
0x023C	0x0585      	ANDWF      PORTA, 1
;DIO_program.c,77 :: 		break;
0x023D	0x2A8E      	GOTO       L_DIO_VidSetPinValue25
;DIO_program.c,78 :: 		case (PORT_B):
L_DIO_VidSetPinValue27:
;DIO_program.c,79 :: 		CLR_BIT(PORTB, Copy_u8Pin);
0x023E	0x0830      	MOVF       FARG_DIO_VidSetPinValue_Copy_u8Pin, 0
0x023F	0x00F1      	MOVWF      R1
0x0240	0x3001      	MOVLW      1
0x0241	0x00F0      	MOVWF      R0
0x0242	0x0871      	MOVF       R1, 0
L__DIO_VidSetPinValue99:
0x0243	0x1903      	BTFSC      STATUS, 2
0x0244	0x2A49      	GOTO       L__DIO_VidSetPinValue100
0x0245	0x0DF0      	RLF        R0, 1
0x0246	0x1070      	BCF        R0, 0
0x0247	0x3EFF      	ADDLW      255
0x0248	0x2A43      	GOTO       L__DIO_VidSetPinValue99
L__DIO_VidSetPinValue100:
0x0249	0x09F0      	COMF       R0, 1
0x024A	0x0870      	MOVF       R0, 0
0x024B	0x0586      	ANDWF      PORTB, 1
;DIO_program.c,80 :: 		break;
0x024C	0x2A8E      	GOTO       L_DIO_VidSetPinValue25
;DIO_program.c,81 :: 		case (PORT_C):
L_DIO_VidSetPinValue28:
;DIO_program.c,82 :: 		CLR_BIT(PORTC, Copy_u8Pin);
0x024D	0x0830      	MOVF       FARG_DIO_VidSetPinValue_Copy_u8Pin, 0
0x024E	0x00F1      	MOVWF      R1
0x024F	0x3001      	MOVLW      1
0x0250	0x00F0      	MOVWF      R0
0x0251	0x0871      	MOVF       R1, 0
L__DIO_VidSetPinValue101:
0x0252	0x1903      	BTFSC      STATUS, 2
0x0253	0x2A58      	GOTO       L__DIO_VidSetPinValue102
0x0254	0x0DF0      	RLF        R0, 1
0x0255	0x1070      	BCF        R0, 0
0x0256	0x3EFF      	ADDLW      255
0x0257	0x2A52      	GOTO       L__DIO_VidSetPinValue101
L__DIO_VidSetPinValue102:
0x0258	0x09F0      	COMF       R0, 1
0x0259	0x0870      	MOVF       R0, 0
0x025A	0x0587      	ANDWF      PORTC, 1
;DIO_program.c,83 :: 		break;
0x025B	0x2A8E      	GOTO       L_DIO_VidSetPinValue25
;DIO_program.c,84 :: 		case (PORT_D):
L_DIO_VidSetPinValue29:
;DIO_program.c,85 :: 		CLR_BIT(PORTD, Copy_u8Pin);
0x025C	0x0830      	MOVF       FARG_DIO_VidSetPinValue_Copy_u8Pin, 0
0x025D	0x00F1      	MOVWF      R1
0x025E	0x3001      	MOVLW      1
0x025F	0x00F0      	MOVWF      R0
0x0260	0x0871      	MOVF       R1, 0
L__DIO_VidSetPinValue103:
0x0261	0x1903      	BTFSC      STATUS, 2
0x0262	0x2A67      	GOTO       L__DIO_VidSetPinValue104
0x0263	0x0DF0      	RLF        R0, 1
0x0264	0x1070      	BCF        R0, 0
0x0265	0x3EFF      	ADDLW      255
0x0266	0x2A61      	GOTO       L__DIO_VidSetPinValue103
L__DIO_VidSetPinValue104:
0x0267	0x09F0      	COMF       R0, 1
0x0268	0x0870      	MOVF       R0, 0
0x0269	0x0588      	ANDWF      PORTD, 1
;DIO_program.c,87 :: 		break;
0x026A	0x2A8E      	GOTO       L_DIO_VidSetPinValue25
;DIO_program.c,88 :: 		case (PORT_E):
L_DIO_VidSetPinValue30:
;DIO_program.c,89 :: 		CLR_BIT(PORTE, Copy_u8Pin);
0x026B	0x0830      	MOVF       FARG_DIO_VidSetPinValue_Copy_u8Pin, 0
0x026C	0x00F1      	MOVWF      R1
0x026D	0x3001      	MOVLW      1
0x026E	0x00F0      	MOVWF      R0
0x026F	0x0871      	MOVF       R1, 0
L__DIO_VidSetPinValue105:
0x0270	0x1903      	BTFSC      STATUS, 2
0x0271	0x2A76      	GOTO       L__DIO_VidSetPinValue106
0x0272	0x0DF0      	RLF        R0, 1
0x0273	0x1070      	BCF        R0, 0
0x0274	0x3EFF      	ADDLW      255
0x0275	0x2A70      	GOTO       L__DIO_VidSetPinValue105
L__DIO_VidSetPinValue106:
0x0276	0x09F0      	COMF       R0, 1
0x0277	0x0870      	MOVF       R0, 0
0x0278	0x0589      	ANDWF      PORTE, 1
;DIO_program.c,90 :: 		break;
0x0279	0x2A8E      	GOTO       L_DIO_VidSetPinValue25
;DIO_program.c,91 :: 		}
L_DIO_VidSetPinValue24:
0x027A	0x082F      	MOVF       FARG_DIO_VidSetPinValue_Copy_u8Port, 0
0x027B	0x3A00      	XORLW      0
0x027C	0x1903      	BTFSC      STATUS, 2
0x027D	0x2A2F      	GOTO       L_DIO_VidSetPinValue26
0x027E	0x082F      	MOVF       FARG_DIO_VidSetPinValue_Copy_u8Port, 0
0x027F	0x3A01      	XORLW      1
0x0280	0x1903      	BTFSC      STATUS, 2
0x0281	0x2A3E      	GOTO       L_DIO_VidSetPinValue27
0x0282	0x082F      	MOVF       FARG_DIO_VidSetPinValue_Copy_u8Port, 0
0x0283	0x3A02      	XORLW      2
0x0284	0x1903      	BTFSC      STATUS, 2
0x0285	0x2A4D      	GOTO       L_DIO_VidSetPinValue28
0x0286	0x082F      	MOVF       FARG_DIO_VidSetPinValue_Copy_u8Port, 0
0x0287	0x3A03      	XORLW      3
0x0288	0x1903      	BTFSC      STATUS, 2
0x0289	0x2A5C      	GOTO       L_DIO_VidSetPinValue29
0x028A	0x082F      	MOVF       FARG_DIO_VidSetPinValue_Copy_u8Port, 0
0x028B	0x3A04      	XORLW      4
0x028C	0x1903      	BTFSC      STATUS, 2
0x028D	0x2A6B      	GOTO       L_DIO_VidSetPinValue30
L_DIO_VidSetPinValue25:
;DIO_program.c,92 :: 		}
0x028E	0x2AEE      	GOTO       L_DIO_VidSetPinValue31
L_DIO_VidSetPinValue23:
;DIO_program.c,94 :: 		else if (Copy_u8Value == HIGH)
0x028F	0x0831      	MOVF       FARG_DIO_VidSetPinValue_Copy_u8Value, 0
0x0290	0x3A01      	XORLW      1
0x0291	0x1D03      	BTFSS      STATUS, 2
0x0292	0x2AEE      	GOTO       L_DIO_VidSetPinValue32
;DIO_program.c,96 :: 		switch (Copy_u8Port)
0x0293	0x2ADA      	GOTO       L_DIO_VidSetPinValue33
;DIO_program.c,98 :: 		case (PORT_A):
L_DIO_VidSetPinValue35:
;DIO_program.c,99 :: 		SET_BIT(PORTA, Copy_u8Pin);
0x0294	0x0830      	MOVF       FARG_DIO_VidSetPinValue_Copy_u8Pin, 0
0x0295	0x00F1      	MOVWF      R1
0x0296	0x3001      	MOVLW      1
0x0297	0x00F0      	MOVWF      R0
0x0298	0x0871      	MOVF       R1, 0
L__DIO_VidSetPinValue107:
0x0299	0x1903      	BTFSC      STATUS, 2
0x029A	0x2A9F      	GOTO       L__DIO_VidSetPinValue108
0x029B	0x0DF0      	RLF        R0, 1
0x029C	0x1070      	BCF        R0, 0
0x029D	0x3EFF      	ADDLW      255
0x029E	0x2A99      	GOTO       L__DIO_VidSetPinValue107
L__DIO_VidSetPinValue108:
0x029F	0x0870      	MOVF       R0, 0
0x02A0	0x0485      	IORWF      PORTA, 1
;DIO_program.c,100 :: 		break;
0x02A1	0x2AEE      	GOTO       L_DIO_VidSetPinValue34
;DIO_program.c,101 :: 		case (PORT_B):
L_DIO_VidSetPinValue36:
;DIO_program.c,102 :: 		SET_BIT(PORTB, Copy_u8Pin);
0x02A2	0x0830      	MOVF       FARG_DIO_VidSetPinValue_Copy_u8Pin, 0
0x02A3	0x00F1      	MOVWF      R1
0x02A4	0x3001      	MOVLW      1
0x02A5	0x00F0      	MOVWF      R0
0x02A6	0x0871      	MOVF       R1, 0
L__DIO_VidSetPinValue109:
0x02A7	0x1903      	BTFSC      STATUS, 2
0x02A8	0x2AAD      	GOTO       L__DIO_VidSetPinValue110
0x02A9	0x0DF0      	RLF        R0, 1
0x02AA	0x1070      	BCF        R0, 0
0x02AB	0x3EFF      	ADDLW      255
0x02AC	0x2AA7      	GOTO       L__DIO_VidSetPinValue109
L__DIO_VidSetPinValue110:
0x02AD	0x0870      	MOVF       R0, 0
0x02AE	0x0486      	IORWF      PORTB, 1
;DIO_program.c,103 :: 		break;
0x02AF	0x2AEE      	GOTO       L_DIO_VidSetPinValue34
;DIO_program.c,104 :: 		case (PORT_C):
L_DIO_VidSetPinValue37:
;DIO_program.c,105 :: 		SET_BIT(PORTC, Copy_u8Pin);
0x02B0	0x0830      	MOVF       FARG_DIO_VidSetPinValue_Copy_u8Pin, 0
0x02B1	0x00F1      	MOVWF      R1
0x02B2	0x3001      	MOVLW      1
0x02B3	0x00F0      	MOVWF      R0
0x02B4	0x0871      	MOVF       R1, 0
L__DIO_VidSetPinValue111:
0x02B5	0x1903      	BTFSC      STATUS, 2
0x02B6	0x2ABB      	GOTO       L__DIO_VidSetPinValue112
0x02B7	0x0DF0      	RLF        R0, 1
0x02B8	0x1070      	BCF        R0, 0
0x02B9	0x3EFF      	ADDLW      255
0x02BA	0x2AB5      	GOTO       L__DIO_VidSetPinValue111
L__DIO_VidSetPinValue112:
0x02BB	0x0870      	MOVF       R0, 0
0x02BC	0x0487      	IORWF      PORTC, 1
;DIO_program.c,106 :: 		break;
0x02BD	0x2AEE      	GOTO       L_DIO_VidSetPinValue34
;DIO_program.c,107 :: 		case (PORT_D):
L_DIO_VidSetPinValue38:
;DIO_program.c,108 :: 		SET_BIT(PORTD, Copy_u8Pin);
0x02BE	0x0830      	MOVF       FARG_DIO_VidSetPinValue_Copy_u8Pin, 0
0x02BF	0x00F1      	MOVWF      R1
0x02C0	0x3001      	MOVLW      1
0x02C1	0x00F0      	MOVWF      R0
0x02C2	0x0871      	MOVF       R1, 0
L__DIO_VidSetPinValue113:
0x02C3	0x1903      	BTFSC      STATUS, 2
0x02C4	0x2AC9      	GOTO       L__DIO_VidSetPinValue114
0x02C5	0x0DF0      	RLF        R0, 1
0x02C6	0x1070      	BCF        R0, 0
0x02C7	0x3EFF      	ADDLW      255
0x02C8	0x2AC3      	GOTO       L__DIO_VidSetPinValue113
L__DIO_VidSetPinValue114:
0x02C9	0x0870      	MOVF       R0, 0
0x02CA	0x0488      	IORWF      PORTD, 1
;DIO_program.c,109 :: 		break;
0x02CB	0x2AEE      	GOTO       L_DIO_VidSetPinValue34
;DIO_program.c,110 :: 		case (PORT_E):
L_DIO_VidSetPinValue39:
;DIO_program.c,111 :: 		SET_BIT(PORTE, Copy_u8Pin);
0x02CC	0x0830      	MOVF       FARG_DIO_VidSetPinValue_Copy_u8Pin, 0
0x02CD	0x00F1      	MOVWF      R1
0x02CE	0x3001      	MOVLW      1
0x02CF	0x00F0      	MOVWF      R0
0x02D0	0x0871      	MOVF       R1, 0
L__DIO_VidSetPinValue115:
0x02D1	0x1903      	BTFSC      STATUS, 2
0x02D2	0x2AD7      	GOTO       L__DIO_VidSetPinValue116
0x02D3	0x0DF0      	RLF        R0, 1
0x02D4	0x1070      	BCF        R0, 0
0x02D5	0x3EFF      	ADDLW      255
0x02D6	0x2AD1      	GOTO       L__DIO_VidSetPinValue115
L__DIO_VidSetPinValue116:
0x02D7	0x0870      	MOVF       R0, 0
0x02D8	0x0489      	IORWF      PORTE, 1
;DIO_program.c,112 :: 		break;
0x02D9	0x2AEE      	GOTO       L_DIO_VidSetPinValue34
;DIO_program.c,113 :: 		}
L_DIO_VidSetPinValue33:
0x02DA	0x082F      	MOVF       FARG_DIO_VidSetPinValue_Copy_u8Port, 0
0x02DB	0x3A00      	XORLW      0
0x02DC	0x1903      	BTFSC      STATUS, 2
0x02DD	0x2A94      	GOTO       L_DIO_VidSetPinValue35
0x02DE	0x082F      	MOVF       FARG_DIO_VidSetPinValue_Copy_u8Port, 0
0x02DF	0x3A01      	XORLW      1
0x02E0	0x1903      	BTFSC      STATUS, 2
0x02E1	0x2AA2      	GOTO       L_DIO_VidSetPinValue36
0x02E2	0x082F      	MOVF       FARG_DIO_VidSetPinValue_Copy_u8Port, 0
0x02E3	0x3A02      	XORLW      2
0x02E4	0x1903      	BTFSC      STATUS, 2
0x02E5	0x2AB0      	GOTO       L_DIO_VidSetPinValue37
0x02E6	0x082F      	MOVF       FARG_DIO_VidSetPinValue_Copy_u8Port, 0
0x02E7	0x3A03      	XORLW      3
0x02E8	0x1903      	BTFSC      STATUS, 2
0x02E9	0x2ABE      	GOTO       L_DIO_VidSetPinValue38
0x02EA	0x082F      	MOVF       FARG_DIO_VidSetPinValue_Copy_u8Port, 0
0x02EB	0x3A04      	XORLW      4
0x02EC	0x1903      	BTFSC      STATUS, 2
0x02ED	0x2ACC      	GOTO       L_DIO_VidSetPinValue39
L_DIO_VidSetPinValue34:
;DIO_program.c,114 :: 		}
L_DIO_VidSetPinValue32:
L_DIO_VidSetPinValue31:
;DIO_program.c,115 :: 		}
L_end_DIO_VidSetPinValue:
0x02EE	0x0008      	RETURN
; end of _DIO_VidSetPinValue
___CC2DW:
;__Lib_System.c,134 :: 		
;__Lib_System.c,137 :: 		
_CC2D_Loop1:
;__Lib_System.c,139 :: 		
0x02EF	0x20D9      	CALL       _____DoICP
0x02F0	0x118A      	BCF        PCLATH, 3
0x02F1	0x120A      	BCF        PCLATH, 4
;__Lib_System.c,141 :: 		
0x02F2	0x0080      	MOVWF      INDF
;__Lib_System.c,142 :: 		
0x02F3	0x0A84      	INCF       FSR, 1
;__Lib_System.c,143 :: 		
0x02F4	0x0AAC      	INCF       ___DoICPAddr, 1
;__Lib_System.c,145 :: 		
0x02F5	0x1903      	BTFSC      STATUS, 2
;__Lib_System.c,146 :: 		
0x02F6	0x0AAD      	INCF       ___DoICPAddr+1, 1
;__Lib_System.c,147 :: 		
0x02F7	0x03F0      	DECF       R0, 1
;__Lib_System.c,149 :: 		
0x02F8	0x1D03      	BTFSS      STATUS, 2
;__Lib_System.c,150 :: 		
0x02F9	0x2AEF      	GOTO       _CC2D_Loop1
;__Lib_System.c,152 :: 		
L_end___CC2DW:
0x02FA	0x0008      	RETURN
; end of ___CC2DW
_____DoIFC:
;__Lib_System.c,15 :: 		
;__Lib_System.c,18 :: 		
0x02FB	0x1283      	BCF        STATUS, 5
0x02FC	0x1303      	BCF        STATUS, 6
0x02FD	0x082D      	MOVF       ___DoICPAddr+1, 0
0x02FE	0x008A      	MOVWF      PCLATH
;__Lib_System.c,19 :: 		
0x02FF	0x082C      	MOVF       ___DoICPAddr, 0
0x0300	0x0082      	MOVWF      PCL
;__Lib_System.c,21 :: 		
L_end_____DoIFC:
0x0301	0x0008      	RETURN
; end of _____DoIFC
_EXTI_VidINTSetCallBack:
;EXTI_program.c,51 :: 		void EXTI_VidINTSetCallBack(void (*Copy_PVCallBack)(void))
;EXTI_program.c,53 :: 		PVINTCallBack = Copy_PVCallBack;
0x0302	0x1283      	BCF        STATUS, 5
0x0303	0x1303      	BCF        STATUS, 6
0x0304	0x082F      	MOVF       FARG_EXTI_VidINTSetCallBack_Copy_PVCallBack, 0
0x0305	0x00A5      	MOVWF      EXTI_program_PVINTCallBack
0x0306	0x0830      	MOVF       FARG_EXTI_VidINTSetCallBack_Copy_PVCallBack+1, 0
0x0307	0x00A6      	MOVWF      EXTI_program_PVINTCallBack+1
0x0308	0x0831      	MOVF       FARG_EXTI_VidINTSetCallBack_Copy_PVCallBack+2, 0
0x0309	0x00A7      	MOVWF      EXTI_program_PVINTCallBack+2
0x030A	0x0832      	MOVF       FARG_EXTI_VidINTSetCallBack_Copy_PVCallBack+3, 0
;EXTI_program.c,54 :: 		}
L_end_EXTI_VidINTSetCallBack:
0x030B	0x0008      	RETURN
; end of _EXTI_VidINTSetCallBack
_Blink:
;EXTI.c,7 :: 		void Blink(void)
;EXTI.c,10 :: 		for (i = 0; i < 3; i++)
0x030C	0x1283      	BCF        STATUS, 5
0x030D	0x1303      	BCF        STATUS, 6
0x030E	0x01B2      	CLRF       Blink_i_L0
L_Blink0:
0x030F	0x3003      	MOVLW      3
0x0310	0x0232      	SUBWF      Blink_i_L0, 0
0x0311	0x1803      	BTFSC      STATUS, 0
0x0312	0x2B3A      	GOTO       L_Blink1
;EXTI.c,12 :: 		DIO_VidSetPortValue(PORT_D, PORT_HIGH);
0x0313	0x3003      	MOVLW      3
0x0314	0x00B3      	MOVWF      FARG_DIO_VidSetPortValue_Copy_u8Port
0x0315	0x30FF      	MOVLW      255
0x0316	0x00B4      	MOVWF      FARG_DIO_VidSetPortValue_Copy_u8Value
0x0317	0x20B0      	CALL       _DIO_VidSetPortValue
;EXTI.c,13 :: 		delay_ms(250);
0x0318	0x3006      	MOVLW      6
0x0319	0x00FB      	MOVWF      R11
0x031A	0x3013      	MOVLW      19
0x031B	0x00FC      	MOVWF      R12
0x031C	0x30AD      	MOVLW      173
0x031D	0x00FD      	MOVWF      R13
L_Blink3:
0x031E	0x0BFD      	DECFSZ     R13, 1
0x031F	0x2B1E      	GOTO       L_Blink3
0x0320	0x0BFC      	DECFSZ     R12, 1
0x0321	0x2B1E      	GOTO       L_Blink3
0x0322	0x0BFB      	DECFSZ     R11, 1
0x0323	0x2B1E      	GOTO       L_Blink3
0x0324	0x0000      	NOP
0x0325	0x0000      	NOP
;EXTI.c,14 :: 		DIO_VidSetPortValue(PORT_D, PORT_LOW);
0x0326	0x3003      	MOVLW      3
0x0327	0x00B3      	MOVWF      FARG_DIO_VidSetPortValue_Copy_u8Port
0x0328	0x01B4      	CLRF       FARG_DIO_VidSetPortValue_Copy_u8Value
0x0329	0x20B0      	CALL       _DIO_VidSetPortValue
;EXTI.c,15 :: 		delay_ms(250);
0x032A	0x3006      	MOVLW      6
0x032B	0x00FB      	MOVWF      R11
0x032C	0x3013      	MOVLW      19
0x032D	0x00FC      	MOVWF      R12
0x032E	0x30AD      	MOVLW      173
0x032F	0x00FD      	MOVWF      R13
L_Blink4:
0x0330	0x0BFD      	DECFSZ     R13, 1
0x0331	0x2B30      	GOTO       L_Blink4
0x0332	0x0BFC      	DECFSZ     R12, 1
0x0333	0x2B30      	GOTO       L_Blink4
0x0334	0x0BFB      	DECFSZ     R11, 1
0x0335	0x2B30      	GOTO       L_Blink4
0x0336	0x0000      	NOP
0x0337	0x0000      	NOP
;EXTI.c,10 :: 		for (i = 0; i < 3; i++)
0x0338	0x0AB2      	INCF       Blink_i_L0, 1
;EXTI.c,16 :: 		}
0x0339	0x2B0F      	GOTO       L_Blink0
L_Blink1:
;EXTI.c,17 :: 		}
L_end_Blink:
0x033A	0x0008      	RETURN
; end of _Blink
_main:
0x033B	0x23E2      	CALL       994
;EXTI.c,19 :: 		void main()
;EXTI.c,21 :: 		DIO_VidSetPinMode(PORT_B, PIN_0, INPUT_PULLUP);
0x033C	0x3001      	MOVLW      1
0x033D	0x1283      	BCF        STATUS, 5
0x033E	0x1303      	BCF        STATUS, 6
0x033F	0x00AF      	MOVWF      FARG_DIO_VidSetPinMode_Copy_u8Port
0x0340	0x01B0      	CLRF       FARG_DIO_VidSetPinMode_Copy_u8Pin
0x0341	0x3002      	MOVLW      2
0x0342	0x00B1      	MOVWF      FARG_DIO_VidSetPinMode_Copy_u8Mode
0x0343	0x20E0      	CALL       _DIO_VidSetPinMode
;EXTI.c,22 :: 		DIO_VidSetPortMode(PORT_D, PORT_OUTPUT);
0x0344	0x3003      	MOVLW      3
0x0345	0x1283      	BCF        STATUS, 5
0x0346	0x1303      	BCF        STATUS, 6
0x0347	0x00AF      	MOVWF      FARG_DIO_VidSetPortMode_Copy_u8Port
0x0348	0x01B0      	CLRF       FARG_DIO_VidSetPortMode_Copy_u8Mode
0x0349	0x21DD      	CALL       _DIO_VidSetPortMode
;EXTI.c,23 :: 		PORTD = 0x00;
0x034A	0x1283      	BCF        STATUS, 5
0x034B	0x1303      	BCF        STATUS, 6
0x034C	0x0188      	CLRF       PORTD
;EXTI.c,24 :: 		GIE_VidEnable();
0x034D	0x2220      	CALL       _GIE_VidEnable
;EXTI.c,25 :: 		EXTI_VidINTInit();
0x034E	0x2222      	CALL       _EXTI_VidINTInit
;EXTI.c,26 :: 		EXTI_VidINTEnable();
0x034F	0x2226      	CALL       _EXTI_VidINTEnable
;EXTI.c,27 :: 		EXTI_VidINTSetCallBack(Blink);
0x0350	0x300C      	MOVLW      _Blink
0x0351	0x1283      	BCF        STATUS, 5
0x0352	0x00AF      	MOVWF      FARG_EXTI_VidINTSetCallBack_Copy_PVCallBack
0x0353	0x3003      	MOVLW      hi_addr(_Blink)
0x0354	0x00B0      	MOVWF      FARG_EXTI_VidINTSetCallBack_Copy_PVCallBack+1
0x0355	0x3000      	MOVLW      0
0x0356	0x00B1      	MOVWF      FARG_EXTI_VidINTSetCallBack_Copy_PVCallBack+2
0x0357	0x3000      	MOVLW      0
0x0358	0x2302      	CALL       _EXTI_VidINTSetCallBack
;EXTI.c,29 :: 		while (1)
L_main5:
;EXTI.c,31 :: 		DIO_VidSetPinValue(PORT_D, PIN_6, HIGH);
0x0359	0x3003      	MOVLW      3
0x035A	0x00AF      	MOVWF      FARG_DIO_VidSetPinValue_Copy_u8Port
0x035B	0x3006      	MOVLW      6
0x035C	0x00B0      	MOVWF      FARG_DIO_VidSetPinValue_Copy_u8Pin
0x035D	0x3001      	MOVLW      1
0x035E	0x00B1      	MOVWF      FARG_DIO_VidSetPinValue_Copy_u8Value
0x035F	0x2228      	CALL       _DIO_VidSetPinValue
;EXTI.c,32 :: 		delay_ms(250);
0x0360	0x3006      	MOVLW      6
0x0361	0x00FB      	MOVWF      R11
0x0362	0x3013      	MOVLW      19
0x0363	0x00FC      	MOVWF      R12
0x0364	0x30AD      	MOVLW      173
0x0365	0x00FD      	MOVWF      R13
L_main7:
0x0366	0x0BFD      	DECFSZ     R13, 1
0x0367	0x2B66      	GOTO       L_main7
0x0368	0x0BFC      	DECFSZ     R12, 1
0x0369	0x2B66      	GOTO       L_main7
0x036A	0x0BFB      	DECFSZ     R11, 1
0x036B	0x2B66      	GOTO       L_main7
0x036C	0x0000      	NOP
0x036D	0x0000      	NOP
;EXTI.c,33 :: 		DIO_VidSetPinValue(PORT_D, PIN_6, LOW);
0x036E	0x3003      	MOVLW      3
0x036F	0x00AF      	MOVWF      FARG_DIO_VidSetPinValue_Copy_u8Port
0x0370	0x3006      	MOVLW      6
0x0371	0x00B0      	MOVWF      FARG_DIO_VidSetPinValue_Copy_u8Pin
0x0372	0x01B1      	CLRF       FARG_DIO_VidSetPinValue_Copy_u8Value
0x0373	0x2228      	CALL       _DIO_VidSetPinValue
;EXTI.c,34 :: 		delay_ms(250);
0x0374	0x3006      	MOVLW      6
0x0375	0x00FB      	MOVWF      R11
0x0376	0x3013      	MOVLW      19
0x0377	0x00FC      	MOVWF      R12
0x0378	0x30AD      	MOVLW      173
0x0379	0x00FD      	MOVWF      R13
L_main8:
0x037A	0x0BFD      	DECFSZ     R13, 1
0x037B	0x2B7A      	GOTO       L_main8
0x037C	0x0BFC      	DECFSZ     R12, 1
0x037D	0x2B7A      	GOTO       L_main8
0x037E	0x0BFB      	DECFSZ     R11, 1
0x037F	0x2B7A      	GOTO       L_main8
0x0380	0x0000      	NOP
0x0381	0x0000      	NOP
;EXTI.c,35 :: 		DIO_VidSetPinValue(PORT_D, PIN_5, HIGH);
0x0382	0x3003      	MOVLW      3
0x0383	0x00AF      	MOVWF      FARG_DIO_VidSetPinValue_Copy_u8Port
0x0384	0x3005      	MOVLW      5
0x0385	0x00B0      	MOVWF      FARG_DIO_VidSetPinValue_Copy_u8Pin
0x0386	0x3001      	MOVLW      1
0x0387	0x00B1      	MOVWF      FARG_DIO_VidSetPinValue_Copy_u8Value
0x0388	0x2228      	CALL       _DIO_VidSetPinValue
;EXTI.c,36 :: 		delay_ms(250);
0x0389	0x3006      	MOVLW      6
0x038A	0x00FB      	MOVWF      R11
0x038B	0x3013      	MOVLW      19
0x038C	0x00FC      	MOVWF      R12
0x038D	0x30AD      	MOVLW      173
0x038E	0x00FD      	MOVWF      R13
L_main9:
0x038F	0x0BFD      	DECFSZ     R13, 1
0x0390	0x2B8F      	GOTO       L_main9
0x0391	0x0BFC      	DECFSZ     R12, 1
0x0392	0x2B8F      	GOTO       L_main9
0x0393	0x0BFB      	DECFSZ     R11, 1
0x0394	0x2B8F      	GOTO       L_main9
0x0395	0x0000      	NOP
0x0396	0x0000      	NOP
;EXTI.c,37 :: 		DIO_VidSetPinValue(PORT_D, PIN_5, LOW);
0x0397	0x3003      	MOVLW      3
0x0398	0x00AF      	MOVWF      FARG_DIO_VidSetPinValue_Copy_u8Port
0x0399	0x3005      	MOVLW      5
0x039A	0x00B0      	MOVWF      FARG_DIO_VidSetPinValue_Copy_u8Pin
0x039B	0x01B1      	CLRF       FARG_DIO_VidSetPinValue_Copy_u8Value
0x039C	0x2228      	CALL       _DIO_VidSetPinValue
;EXTI.c,38 :: 		delay_ms(250);
0x039D	0x3006      	MOVLW      6
0x039E	0x00FB      	MOVWF      R11
0x039F	0x3013      	MOVLW      19
0x03A0	0x00FC      	MOVWF      R12
0x03A1	0x30AD      	MOVLW      173
0x03A2	0x00FD      	MOVWF      R13
L_main10:
0x03A3	0x0BFD      	DECFSZ     R13, 1
0x03A4	0x2BA3      	GOTO       L_main10
0x03A5	0x0BFC      	DECFSZ     R12, 1
0x03A6	0x2BA3      	GOTO       L_main10
0x03A7	0x0BFB      	DECFSZ     R11, 1
0x03A8	0x2BA3      	GOTO       L_main10
0x03A9	0x0000      	NOP
0x03AA	0x0000      	NOP
;EXTI.c,39 :: 		DIO_VidSetPinValue(PORT_D, PIN_4, HIGH);
0x03AB	0x3003      	MOVLW      3
0x03AC	0x00AF      	MOVWF      FARG_DIO_VidSetPinValue_Copy_u8Port
0x03AD	0x3004      	MOVLW      4
0x03AE	0x00B0      	MOVWF      FARG_DIO_VidSetPinValue_Copy_u8Pin
0x03AF	0x3001      	MOVLW      1
0x03B0	0x00B1      	MOVWF      FARG_DIO_VidSetPinValue_Copy_u8Value
0x03B1	0x2228      	CALL       _DIO_VidSetPinValue
;EXTI.c,40 :: 		delay_ms(250);
0x03B2	0x3006      	MOVLW      6
0x03B3	0x00FB      	MOVWF      R11
0x03B4	0x3013      	MOVLW      19
0x03B5	0x00FC      	MOVWF      R12
0x03B6	0x30AD      	MOVLW      173
0x03B7	0x00FD      	MOVWF      R13
L_main11:
0x03B8	0x0BFD      	DECFSZ     R13, 1
0x03B9	0x2BB8      	GOTO       L_main11
0x03BA	0x0BFC      	DECFSZ     R12, 1
0x03BB	0x2BB8      	GOTO       L_main11
0x03BC	0x0BFB      	DECFSZ     R11, 1
0x03BD	0x2BB8      	GOTO       L_main11
0x03BE	0x0000      	NOP
0x03BF	0x0000      	NOP
;EXTI.c,41 :: 		DIO_VidSetPinValue(PORT_D, PIN_4, LOW);
0x03C0	0x3003      	MOVLW      3
0x03C1	0x00AF      	MOVWF      FARG_DIO_VidSetPinValue_Copy_u8Port
0x03C2	0x3004      	MOVLW      4
0x03C3	0x00B0      	MOVWF      FARG_DIO_VidSetPinValue_Copy_u8Pin
0x03C4	0x01B1      	CLRF       FARG_DIO_VidSetPinValue_Copy_u8Value
0x03C5	0x2228      	CALL       _DIO_VidSetPinValue
;EXTI.c,42 :: 		delay_ms(250);
0x03C6	0x3006      	MOVLW      6
0x03C7	0x00FB      	MOVWF      R11
0x03C8	0x3013      	MOVLW      19
0x03C9	0x00FC      	MOVWF      R12
0x03CA	0x30AD      	MOVLW      173
0x03CB	0x00FD      	MOVWF      R13
L_main12:
0x03CC	0x0BFD      	DECFSZ     R13, 1
0x03CD	0x2BCC      	GOTO       L_main12
0x03CE	0x0BFC      	DECFSZ     R12, 1
0x03CF	0x2BCC      	GOTO       L_main12
0x03D0	0x0BFB      	DECFSZ     R11, 1
0x03D1	0x2BCC      	GOTO       L_main12
0x03D2	0x0000      	NOP
0x03D3	0x0000      	NOP
;EXTI.c,43 :: 		}
0x03D4	0x2B59      	GOTO       L_main5
;EXTI.c,44 :: 		}
L_end_main:
0x03D5	0x2BD5      	GOTO       $+0
; end of _main
0x03E2	0x3025      	MOVLW      37
0x03E3	0x0084      	MOVWF      FSR
0x03E4	0x3006      	MOVLW      6
0x03E5	0x1283      	BCF        STATUS, 5
0x03E6	0x1303      	BCF        STATUS, 6
0x03E7	0x00F0      	MOVWF      R0
0x03E8	0x30DB      	MOVLW      219
0x03E9	0x00AC      	MOVWF      ___DoICPAddr
0x03EA	0x3003      	MOVLW      3
0x03EB	0x00AD      	MOVWF      45
0x03EC	0x22EF      	CALL       751
0x03ED	0x0008      	RETURN
;EXTI_program.c,0 :: ?ICSEXTI_program_PVINTCallBack
0x03DB	0x3400 ;?ICSEXTI_program_PVINTCallBack+0
0x03DC	0x3400 ;?ICSEXTI_program_PVINTCallBack+1
0x03DD	0x3400 ;?ICSEXTI_program_PVINTCallBack+2
; end of ?ICSEXTI_program_PVINTCallBack
;EXTI_program.c,0 :: ?ICSEXTI_program_PVRBICallBack
0x03DE	0x3400 ;?ICSEXTI_program_PVRBICallBack+0
0x03DF	0x3400 ;?ICSEXTI_program_PVRBICallBack+1
0x03E0	0x3400 ;?ICSEXTI_program_PVRBICallBack+2
; end of ?ICSEXTI_program_PVRBICallBack
Symbol List:
//** Routines locations **
//ADDRESS    SIZE    PROCEDURE
//----------------------------------------------
0x0004     [172]    _interrupt
0x00B0      [41]    _DIO_VidSetPortValue
0x00D9       [7]    _____DoICP
0x00E0     [253]    _DIO_VidSetPinMode
0x01DD      [67]    _DIO_VidSetPortMode
0x0220       [2]    _GIE_VidEnable
0x0222       [4]    _EXTI_VidINTInit
0x0226       [2]    _EXTI_VidINTEnable
0x0228     [199]    _DIO_VidSetPinValue
0x02EF      [12]    ___CC2DW
0x02FB       [7]    _____DoIFC
0x0302      [10]    _EXTI_VidINTSetCallBack
0x030C      [47]    _Blink
0x033B     [154]    _main
//** Variables locations ** 
//ADDRESS    SIZE    VARIABLE
//----------------------------------------------
0x0000       [1]    INDF
0x0002       [1]    PCL
0x0003       [1]    STATUS
0x0004       [1]    FSR
0x0008       [1]    PORTD
0x000A       [1]    PCLATH
0x0025       [3]    EXTI_program_PVINTCallBack
0x0028       [3]    EXTI_program_PVRBICallBack
0x002B       [1]    ___savePCLATH
0x002C       [2]    ___DoICPAddr
0x002E       [1]    ___saveSTATUS
0x002F       [3]    FARG_EXTI_VidINTSetCallBack_Copy_PVCallBack
0x002F       [1]    FARG_DIO_VidSetPinMode_Copy_u8Port
0x002F       [1]    FARG_DIO_VidSetPinValue_Copy_u8Port
0x002F       [1]    FARG_DIO_VidSetPortMode_Copy_u8Port
0x0030       [1]    FARG_DIO_VidSetPinMode_Copy_u8Pin
0x0030       [1]    FARG_DIO_VidSetPinValue_Copy_u8Pin
0x0030       [1]    FARG_DIO_VidSetPortMode_Copy_u8Mode
0x0031       [1]    FARG_DIO_VidSetPinMode_Copy_u8Mode
0x0031       [1]    FARG_DIO_VidSetPinValue_Copy_u8Value
0x0032       [1]    Blink_i_L0
0x0033       [1]    FARG_DIO_VidSetPortValue_Copy_u8Port
0x0034       [1]    FARG_DIO_VidSetPortValue_Copy_u8Value
0x0070       [1]    R0
0x0071       [1]    R1
0x0072       [1]    R2
0x0073       [1]    R3
0x0074       [1]    R4
0x0075       [1]    R5
0x0076       [1]    R6
0x0077       [1]    R7
0x0078       [1]    R8
0x0079       [1]    R9
0x007A       [1]    R10
0x007B       [1]    R11
0x007C       [1]    R12
0x007D       [1]    R13
0x007E       [1]    R14
0x007F       [1]    R15
//** Constants locations ** 
//ADDRESS    SIZE    CONSTANT
//----------------------------------------------
0x03DB       [3]    ?ICSEXTI_program_PVINTCallBack
0x03DE       [3]    ?ICSEXTI_program_PVRBICallBack
