;  LST file generated by mikroListExporter - v.2.0 
; Date/Time: 10/28/2022 7:06:47 PM
;----------------------------------------------

;Address Opcode 	ASM
0x0000	0x2893      	GOTO       147
_DIO_VidSetPortValue:
;DIO_program.c,165 :: 		void DIO_VidSetPortValue(u8 Copy_u8Port, u8 Copy_u8Value)
;DIO_program.c,167 :: 		switch (Copy_u8Port)
0x0003	0x2815      	GOTO       L_DIO_VidSetPortValue56
;DIO_program.c,169 :: 		case (PORT_A):
L_DIO_VidSetPortValue58:
;DIO_program.c,170 :: 		PORTA = Copy_u8Value;
0x0004	0x1283      	BCF        STATUS, 5
0x0005	0x1303      	BCF        STATUS, 6
0x0006	0x0826      	MOVF       FARG_DIO_VidSetPortValue_Copy_u8Value, 0
0x0007	0x0085      	MOVWF      PORTA
;DIO_program.c,171 :: 		break;
0x0008	0x282B      	GOTO       L_DIO_VidSetPortValue57
;DIO_program.c,172 :: 		case (PORT_B):
L_DIO_VidSetPortValue59:
;DIO_program.c,173 :: 		PORTB = Copy_u8Value;
0x0009	0x0826      	MOVF       FARG_DIO_VidSetPortValue_Copy_u8Value, 0
0x000A	0x0086      	MOVWF      PORTB
;DIO_program.c,174 :: 		break;
0x000B	0x282B      	GOTO       L_DIO_VidSetPortValue57
;DIO_program.c,175 :: 		case (PORT_C):
L_DIO_VidSetPortValue60:
;DIO_program.c,176 :: 		PORTC = Copy_u8Value;
0x000C	0x0826      	MOVF       FARG_DIO_VidSetPortValue_Copy_u8Value, 0
0x000D	0x0087      	MOVWF      PORTC
;DIO_program.c,177 :: 		break;
0x000E	0x282B      	GOTO       L_DIO_VidSetPortValue57
;DIO_program.c,178 :: 		case (PORT_D):
L_DIO_VidSetPortValue61:
;DIO_program.c,179 :: 		PORTD = Copy_u8Value;
0x000F	0x0826      	MOVF       FARG_DIO_VidSetPortValue_Copy_u8Value, 0
0x0010	0x0088      	MOVWF      PORTD
;DIO_program.c,180 :: 		break;
0x0011	0x282B      	GOTO       L_DIO_VidSetPortValue57
;DIO_program.c,181 :: 		case (PORT_E):
L_DIO_VidSetPortValue62:
;DIO_program.c,182 :: 		PORTE = Copy_u8Value;
0x0012	0x0826      	MOVF       FARG_DIO_VidSetPortValue_Copy_u8Value, 0
0x0013	0x0089      	MOVWF      PORTE
;DIO_program.c,183 :: 		break;
0x0014	0x282B      	GOTO       L_DIO_VidSetPortValue57
;DIO_program.c,184 :: 		}
L_DIO_VidSetPortValue56:
0x0015	0x1283      	BCF        STATUS, 5
0x0016	0x1303      	BCF        STATUS, 6
0x0017	0x0825      	MOVF       FARG_DIO_VidSetPortValue_Copy_u8Port, 0
0x0018	0x3A00      	XORLW      0
0x0019	0x1903      	BTFSC      STATUS, 2
0x001A	0x2804      	GOTO       L_DIO_VidSetPortValue58
0x001B	0x0825      	MOVF       FARG_DIO_VidSetPortValue_Copy_u8Port, 0
0x001C	0x3A01      	XORLW      1
0x001D	0x1903      	BTFSC      STATUS, 2
0x001E	0x2809      	GOTO       L_DIO_VidSetPortValue59
0x001F	0x0825      	MOVF       FARG_DIO_VidSetPortValue_Copy_u8Port, 0
0x0020	0x3A02      	XORLW      2
0x0021	0x1903      	BTFSC      STATUS, 2
0x0022	0x280C      	GOTO       L_DIO_VidSetPortValue60
0x0023	0x0825      	MOVF       FARG_DIO_VidSetPortValue_Copy_u8Port, 0
0x0024	0x3A03      	XORLW      3
0x0025	0x1903      	BTFSC      STATUS, 2
0x0026	0x280F      	GOTO       L_DIO_VidSetPortValue61
0x0027	0x0825      	MOVF       FARG_DIO_VidSetPortValue_Copy_u8Port, 0
0x0028	0x3A04      	XORLW      4
0x0029	0x1903      	BTFSC      STATUS, 2
0x002A	0x2812      	GOTO       L_DIO_VidSetPortValue62
L_DIO_VidSetPortValue57:
;DIO_program.c,185 :: 		}
L_end_DIO_VidSetPortValue:
0x002B	0x0008      	RETURN
; end of _DIO_VidSetPortValue
_____DoICP:
;__Lib_System.c,6 :: 		
;__Lib_System.c,9 :: 		
0x002C	0x1283      	BCF        STATUS, 5
0x002D	0x1303      	BCF        STATUS, 6
0x002E	0x0821      	MOVF       ___DoICPAddr+1, 0
0x002F	0x008A      	MOVWF      PCLATH
;__Lib_System.c,10 :: 		
0x0030	0x0820      	MOVF       ___DoICPAddr, 0
0x0031	0x0082      	MOVWF      PCL
;__Lib_System.c,12 :: 		
L_end_____DoICP:
0x0032	0x0008      	RETURN
; end of _____DoICP
_DIO_VidSetPortMode:
;DIO_program.c,137 :: 		void DIO_VidSetPortMode(u8 Copy_u8Port, u8 Copy_u8Mode)
;DIO_program.c,139 :: 		switch (Copy_u8Port)
0x0033	0x2857      	GOTO       L_DIO_VidSetPortMode45
;DIO_program.c,141 :: 		case (PORT_A):
L_DIO_VidSetPortMode47:
;DIO_program.c,142 :: 		TRISA = Copy_u8Mode;
0x0034	0x1283      	BCF        STATUS, 5
0x0035	0x1303      	BCF        STATUS, 6
0x0036	0x0826      	MOVF       FARG_DIO_VidSetPortMode_Copy_u8Mode, 0
0x0037	0x1683      	BSF        STATUS, 5
0x0038	0x0085      	MOVWF      TRISA
;DIO_program.c,143 :: 		break;
0x0039	0x286D      	GOTO       L_DIO_VidSetPortMode46
;DIO_program.c,144 :: 		case (PORT_B):
L_DIO_VidSetPortMode48:
;DIO_program.c,145 :: 		switch (Copy_u8Mode)
0x003A	0x2842      	GOTO       L_DIO_VidSetPortMode49
;DIO_program.c,147 :: 		case (PORT_INPUT_PULLUP):
L_DIO_VidSetPortMode51:
0x003B	0x1683      	BSF        STATUS, 5
;DIO_program.c,148 :: 		SET_BIT(OPTION_REG, RBPU);
0x003C	0x1781      	BSF        OPTION_REG, 7
;DIO_program.c,149 :: 		default:
L_DIO_VidSetPortMode52:
;DIO_program.c,150 :: 		TRISB = Copy_u8Mode;
0x003D	0x1283      	BCF        STATUS, 5
0x003E	0x0826      	MOVF       FARG_DIO_VidSetPortMode_Copy_u8Mode, 0
0x003F	0x1683      	BSF        STATUS, 5
0x0040	0x0086      	MOVWF      TRISB
;DIO_program.c,151 :: 		break;
0x0041	0x2848      	GOTO       L_DIO_VidSetPortMode50
;DIO_program.c,152 :: 		}
L_DIO_VidSetPortMode49:
0x0042	0x1283      	BCF        STATUS, 5
0x0043	0x0826      	MOVF       FARG_DIO_VidSetPortMode_Copy_u8Mode, 0
0x0044	0x3AFF      	XORLW      255
0x0045	0x1903      	BTFSC      STATUS, 2
0x0046	0x283B      	GOTO       L_DIO_VidSetPortMode51
0x0047	0x283D      	GOTO       L_DIO_VidSetPortMode52
L_DIO_VidSetPortMode50:
;DIO_program.c,153 :: 		case (PORT_C):
L_DIO_VidSetPortMode53:
0x0048	0x1283      	BCF        STATUS, 5
;DIO_program.c,154 :: 		TRISC = Copy_u8Mode;
0x0049	0x0826      	MOVF       FARG_DIO_VidSetPortMode_Copy_u8Mode, 0
0x004A	0x1683      	BSF        STATUS, 5
0x004B	0x0087      	MOVWF      TRISC
;DIO_program.c,155 :: 		break;
0x004C	0x286D      	GOTO       L_DIO_VidSetPortMode46
;DIO_program.c,156 :: 		case (PORT_D):
L_DIO_VidSetPortMode54:
;DIO_program.c,157 :: 		TRISD = Copy_u8Mode;
0x004D	0x1283      	BCF        STATUS, 5
0x004E	0x0826      	MOVF       FARG_DIO_VidSetPortMode_Copy_u8Mode, 0
0x004F	0x1683      	BSF        STATUS, 5
0x0050	0x0088      	MOVWF      TRISD
;DIO_program.c,158 :: 		break;
0x0051	0x286D      	GOTO       L_DIO_VidSetPortMode46
;DIO_program.c,159 :: 		case (PORT_E):
L_DIO_VidSetPortMode55:
;DIO_program.c,160 :: 		TRISE = Copy_u8Mode;
0x0052	0x1283      	BCF        STATUS, 5
0x0053	0x0826      	MOVF       FARG_DIO_VidSetPortMode_Copy_u8Mode, 0
0x0054	0x1683      	BSF        STATUS, 5
0x0055	0x0089      	MOVWF      TRISE
;DIO_program.c,161 :: 		break;
0x0056	0x286D      	GOTO       L_DIO_VidSetPortMode46
;DIO_program.c,162 :: 		}
L_DIO_VidSetPortMode45:
0x0057	0x1283      	BCF        STATUS, 5
0x0058	0x1303      	BCF        STATUS, 6
0x0059	0x0825      	MOVF       FARG_DIO_VidSetPortMode_Copy_u8Port, 0
0x005A	0x3A00      	XORLW      0
0x005B	0x1903      	BTFSC      STATUS, 2
0x005C	0x2834      	GOTO       L_DIO_VidSetPortMode47
0x005D	0x0825      	MOVF       FARG_DIO_VidSetPortMode_Copy_u8Port, 0
0x005E	0x3A01      	XORLW      1
0x005F	0x1903      	BTFSC      STATUS, 2
0x0060	0x283A      	GOTO       L_DIO_VidSetPortMode48
0x0061	0x0825      	MOVF       FARG_DIO_VidSetPortMode_Copy_u8Port, 0
0x0062	0x3A02      	XORLW      2
0x0063	0x1903      	BTFSC      STATUS, 2
0x0064	0x2848      	GOTO       L_DIO_VidSetPortMode53
0x0065	0x0825      	MOVF       FARG_DIO_VidSetPortMode_Copy_u8Port, 0
0x0066	0x3A03      	XORLW      3
0x0067	0x1903      	BTFSC      STATUS, 2
0x0068	0x284D      	GOTO       L_DIO_VidSetPortMode54
0x0069	0x0825      	MOVF       FARG_DIO_VidSetPortMode_Copy_u8Port, 0
0x006A	0x3A04      	XORLW      4
0x006B	0x1903      	BTFSC      STATUS, 2
0x006C	0x2852      	GOTO       L_DIO_VidSetPortMode55
L_DIO_VidSetPortMode46:
;DIO_program.c,163 :: 		}
L_end_DIO_VidSetPortMode:
0x006D	0x0008      	RETURN
; end of _DIO_VidSetPortMode
_SevenSeg_VidDisplayNumber:
;SevenSeg_program.c,12 :: 		void SevenSeg_VidDisplayNumber(u8 Copy_u8Port, u8 Copy_u8Number)
;SevenSeg_program.c,15 :: 		if ((Copy_u8Number >= 0) || (Copy_u8Number < 10))
0x006E	0x3000      	MOVLW      0
0x006F	0x1283      	BCF        STATUS, 5
0x0070	0x1303      	BCF        STATUS, 6
0x0071	0x0224      	SUBWF      FARG_SevenSeg_VidDisplayNumber_Copy_u8Number, 0
0x0072	0x1803      	BTFSC      STATUS, 0
0x0073	0x2879      	GOTO       L__SevenSeg_VidDisplayNumber3
0x0074	0x300A      	MOVLW      10
0x0075	0x0224      	SUBWF      FARG_SevenSeg_VidDisplayNumber_Copy_u8Number, 0
0x0076	0x1C03      	BTFSS      STATUS, 0
0x0077	0x2879      	GOTO       L__SevenSeg_VidDisplayNumber3
0x0078	0x288B      	GOTO       L_SevenSeg_VidDisplayNumber2
L__SevenSeg_VidDisplayNumber3:
;SevenSeg_program.c,18 :: 		DIO_VidSetPortValue(Copy_u8Port, SevenSeg_u87SegArray[Copy_u8Number]);
0x0079	0x0823      	MOVF       FARG_SevenSeg_VidDisplayNumber_Copy_u8Port, 0
0x007A	0x00A5      	MOVWF      FARG_DIO_VidSetPortValue_Copy_u8Port
0x007B	0x0824      	MOVF       FARG_SevenSeg_VidDisplayNumber_Copy_u8Number, 0
0x007C	0x3E18      	ADDLW      _SevenSeg_u87SegArray
0x007D	0x00F0      	MOVWF      R0
0x007E	0x3001      	MOVLW      hi_addr(_SevenSeg_u87SegArray)
0x007F	0x1803      	BTFSC      STATUS, 0
0x0080	0x3E01      	ADDLW      1
0x0081	0x00F1      	MOVWF      R0+1
0x0082	0x0870      	MOVF       R0, 0
0x0083	0x00A0      	MOVWF      ___DoICPAddr
0x0084	0x0871      	MOVF       R0+1, 0
0x0085	0x00A1      	MOVWF      ___DoICPAddr+1
0x0086	0x202C      	CALL       _____DoICP
0x0087	0x118A      	BCF        PCLATH, 3
0x0088	0x120A      	BCF        PCLATH, 4
0x0089	0x00A6      	MOVWF      FARG_DIO_VidSetPortValue_Copy_u8Value
0x008A	0x2003      	CALL       _DIO_VidSetPortValue
;SevenSeg_program.c,19 :: 		}
L_SevenSeg_VidDisplayNumber2:
;SevenSeg_program.c,20 :: 		}
L_end_SevenSeg_VidDisplayNumber:
0x008B	0x0008      	RETURN
; end of _SevenSeg_VidDisplayNumber
_SevenSeg_VidInit:
;SevenSeg_program.c,6 :: 		void SevenSeg_VidInit(u8 Copy_u8Port)
;SevenSeg_program.c,9 :: 		DIO_VidSetPortMode(Copy_u8Port, Port_OUTPUT);
0x008C	0x1283      	BCF        STATUS, 5
0x008D	0x1303      	BCF        STATUS, 6
0x008E	0x0823      	MOVF       FARG_SevenSeg_VidInit_Copy_u8Port, 0
0x008F	0x00A5      	MOVWF      FARG_DIO_VidSetPortMode_Copy_u8Port
0x0090	0x01A6      	CLRF       FARG_DIO_VidSetPortMode_Copy_u8Mode
0x0091	0x2033      	CALL       _DIO_VidSetPortMode
;SevenSeg_program.c,10 :: 		}
L_end_SevenSeg_VidInit:
0x0092	0x0008      	RETURN
; end of _SevenSeg_VidInit
_main:
;SevenSeg.c,6 :: 		void main()
;SevenSeg.c,8 :: 		u8 i = 0;
0x0093	0x1283      	BCF        STATUS, 5
0x0094	0x1303      	BCF        STATUS, 6
0x0095	0x01A2      	CLRF       main_i_L0
;SevenSeg.c,9 :: 		SevenSeg_VidInit(PORT_D);
0x0096	0x3003      	MOVLW      3
0x0097	0x00A3      	MOVWF      FARG_SevenSeg_VidInit_Copy_u8Port
0x0098	0x208C      	CALL       _SevenSeg_VidInit
;SevenSeg.c,11 :: 		while (1)
L_main0:
;SevenSeg.c,13 :: 		for (i = 0; i <= 8; i++)
0x0099	0x1283      	BCF        STATUS, 5
0x009A	0x1303      	BCF        STATUS, 6
0x009B	0x01A2      	CLRF       main_i_L0
L_main2:
0x009C	0x0822      	MOVF       main_i_L0, 0
0x009D	0x3C08      	SUBLW      8
0x009E	0x1C03      	BTFSS      STATUS, 0
0x009F	0x28B4      	GOTO       L_main3
;SevenSeg.c,15 :: 		SevenSeg_VidDisplayNumber(PORT_D, i);
0x00A0	0x3003      	MOVLW      3
0x00A1	0x00A3      	MOVWF      FARG_SevenSeg_VidDisplayNumber_Copy_u8Port
0x00A2	0x0822      	MOVF       main_i_L0, 0
0x00A3	0x00A4      	MOVWF      FARG_SevenSeg_VidDisplayNumber_Copy_u8Number
0x00A4	0x206E      	CALL       _SevenSeg_VidDisplayNumber
;SevenSeg.c,16 :: 		delay_ms(1000);
0x00A5	0x3015      	MOVLW      21
0x00A6	0x00FB      	MOVWF      R11
0x00A7	0x304B      	MOVLW      75
0x00A8	0x00FC      	MOVWF      R12
0x00A9	0x30BE      	MOVLW      190
0x00AA	0x00FD      	MOVWF      R13
L_main5:
0x00AB	0x0BFD      	DECFSZ     R13, 1
0x00AC	0x28AB      	GOTO       L_main5
0x00AD	0x0BFC      	DECFSZ     R12, 1
0x00AE	0x28AB      	GOTO       L_main5
0x00AF	0x0BFB      	DECFSZ     R11, 1
0x00B0	0x28AB      	GOTO       L_main5
0x00B1	0x0000      	NOP
;SevenSeg.c,13 :: 		for (i = 0; i <= 8; i++)
0x00B2	0x0AA2      	INCF       main_i_L0, 1
;SevenSeg.c,17 :: 		}
0x00B3	0x289C      	GOTO       L_main2
L_main3:
;SevenSeg.c,19 :: 		DIO_VidSetPortValue(PORT_D, 0x40);
0x00B4	0x3003      	MOVLW      3
0x00B5	0x00A5      	MOVWF      FARG_DIO_VidSetPortValue_Copy_u8Port
0x00B6	0x3040      	MOVLW      64
0x00B7	0x00A6      	MOVWF      FARG_DIO_VidSetPortValue_Copy_u8Value
0x00B8	0x2003      	CALL       _DIO_VidSetPortValue
;SevenSeg.c,20 :: 		delay_ms(200);
0x00B9	0x3005      	MOVLW      5
0x00BA	0x00FB      	MOVWF      R11
0x00BB	0x300F      	MOVLW      15
0x00BC	0x00FC      	MOVWF      R12
0x00BD	0x30F1      	MOVLW      241
0x00BE	0x00FD      	MOVWF      R13
L_main6:
0x00BF	0x0BFD      	DECFSZ     R13, 1
0x00C0	0x28BF      	GOTO       L_main6
0x00C1	0x0BFC      	DECFSZ     R12, 1
0x00C2	0x28BF      	GOTO       L_main6
0x00C3	0x0BFB      	DECFSZ     R11, 1
0x00C4	0x28BF      	GOTO       L_main6
;SevenSeg.c,21 :: 		DIO_VidSetPortValue(PORT_D, 0x60);
0x00C5	0x3003      	MOVLW      3
0x00C6	0x00A5      	MOVWF      FARG_DIO_VidSetPortValue_Copy_u8Port
0x00C7	0x3060      	MOVLW      96
0x00C8	0x00A6      	MOVWF      FARG_DIO_VidSetPortValue_Copy_u8Value
0x00C9	0x2003      	CALL       _DIO_VidSetPortValue
;SevenSeg.c,22 :: 		delay_ms(200);
0x00CA	0x3005      	MOVLW      5
0x00CB	0x00FB      	MOVWF      R11
0x00CC	0x300F      	MOVLW      15
0x00CD	0x00FC      	MOVWF      R12
0x00CE	0x30F1      	MOVLW      241
0x00CF	0x00FD      	MOVWF      R13
L_main7:
0x00D0	0x0BFD      	DECFSZ     R13, 1
0x00D1	0x28D0      	GOTO       L_main7
0x00D2	0x0BFC      	DECFSZ     R12, 1
0x00D3	0x28D0      	GOTO       L_main7
0x00D4	0x0BFB      	DECFSZ     R11, 1
0x00D5	0x28D0      	GOTO       L_main7
;SevenSeg.c,23 :: 		DIO_VidSetPortValue(PORT_D, 0x61);
0x00D6	0x3003      	MOVLW      3
0x00D7	0x00A5      	MOVWF      FARG_DIO_VidSetPortValue_Copy_u8Port
0x00D8	0x3061      	MOVLW      97
0x00D9	0x00A6      	MOVWF      FARG_DIO_VidSetPortValue_Copy_u8Value
0x00DA	0x2003      	CALL       _DIO_VidSetPortValue
;SevenSeg.c,24 :: 		delay_ms(200);
0x00DB	0x3005      	MOVLW      5
0x00DC	0x00FB      	MOVWF      R11
0x00DD	0x300F      	MOVLW      15
0x00DE	0x00FC      	MOVWF      R12
0x00DF	0x30F1      	MOVLW      241
0x00E0	0x00FD      	MOVWF      R13
L_main8:
0x00E1	0x0BFD      	DECFSZ     R13, 1
0x00E2	0x28E1      	GOTO       L_main8
0x00E3	0x0BFC      	DECFSZ     R12, 1
0x00E4	0x28E1      	GOTO       L_main8
0x00E5	0x0BFB      	DECFSZ     R11, 1
0x00E6	0x28E1      	GOTO       L_main8
;SevenSeg.c,25 :: 		DIO_VidSetPortValue(PORT_D, 0x63);
0x00E7	0x3003      	MOVLW      3
0x00E8	0x00A5      	MOVWF      FARG_DIO_VidSetPortValue_Copy_u8Port
0x00E9	0x3063      	MOVLW      99
0x00EA	0x00A6      	MOVWF      FARG_DIO_VidSetPortValue_Copy_u8Value
0x00EB	0x2003      	CALL       _DIO_VidSetPortValue
;SevenSeg.c,26 :: 		delay_ms(200);
0x00EC	0x3005      	MOVLW      5
0x00ED	0x00FB      	MOVWF      R11
0x00EE	0x300F      	MOVLW      15
0x00EF	0x00FC      	MOVWF      R12
0x00F0	0x30F1      	MOVLW      241
0x00F1	0x00FD      	MOVWF      R13
L_main9:
0x00F2	0x0BFD      	DECFSZ     R13, 1
0x00F3	0x28F2      	GOTO       L_main9
0x00F4	0x0BFC      	DECFSZ     R12, 1
0x00F5	0x28F2      	GOTO       L_main9
0x00F6	0x0BFB      	DECFSZ     R11, 1
0x00F7	0x28F2      	GOTO       L_main9
;SevenSeg.c,27 :: 		DIO_VidSetPortValue(PORT_D, 0x67);
0x00F8	0x3003      	MOVLW      3
0x00F9	0x00A5      	MOVWF      FARG_DIO_VidSetPortValue_Copy_u8Port
0x00FA	0x3067      	MOVLW      103
0x00FB	0x00A6      	MOVWF      FARG_DIO_VidSetPortValue_Copy_u8Value
0x00FC	0x2003      	CALL       _DIO_VidSetPortValue
;SevenSeg.c,28 :: 		delay_ms(200);
0x00FD	0x3005      	MOVLW      5
0x00FE	0x00FB      	MOVWF      R11
0x00FF	0x300F      	MOVLW      15
0x0100	0x00FC      	MOVWF      R12
0x0101	0x30F1      	MOVLW      241
0x0102	0x00FD      	MOVWF      R13
L_main10:
0x0103	0x0BFD      	DECFSZ     R13, 1
0x0104	0x2903      	GOTO       L_main10
0x0105	0x0BFC      	DECFSZ     R12, 1
0x0106	0x2903      	GOTO       L_main10
0x0107	0x0BFB      	DECFSZ     R11, 1
0x0108	0x2903      	GOTO       L_main10
;SevenSeg.c,29 :: 		delay_ms(1000);
0x0109	0x3015      	MOVLW      21
0x010A	0x00FB      	MOVWF      R11
0x010B	0x304B      	MOVLW      75
0x010C	0x00FC      	MOVWF      R12
0x010D	0x30BE      	MOVLW      190
0x010E	0x00FD      	MOVWF      R13
L_main11:
0x010F	0x0BFD      	DECFSZ     R13, 1
0x0110	0x290F      	GOTO       L_main11
0x0111	0x0BFC      	DECFSZ     R12, 1
0x0112	0x290F      	GOTO       L_main11
0x0113	0x0BFB      	DECFSZ     R11, 1
0x0114	0x290F      	GOTO       L_main11
0x0115	0x0000      	NOP
;SevenSeg.c,30 :: 		}
0x0116	0x2899      	GOTO       L_main0
;SevenSeg.c,31 :: 		}
L_end_main:
0x0117	0x2917      	GOTO       $+0
; end of _main
;SevenSeg_program.c,9 :: _SevenSeg_u87SegArray
0x0118	0x343F ;_SevenSeg_u87SegArray+0
0x0119	0x3406 ;_SevenSeg_u87SegArray+1
0x011A	0x345B ;_SevenSeg_u87SegArray+2
0x011B	0x344F ;_SevenSeg_u87SegArray+3
0x011C	0x3466 ;_SevenSeg_u87SegArray+4
0x011D	0x346D ;_SevenSeg_u87SegArray+5
0x011E	0x347D ;_SevenSeg_u87SegArray+6
0x011F	0x3407 ;_SevenSeg_u87SegArray+7
0x0120	0x347F ;_SevenSeg_u87SegArray+8
0x0121	0x346F ;_SevenSeg_u87SegArray+9
; end of _SevenSeg_u87SegArray
Symbol List:
//** Routines locations **
//ADDRESS    SIZE    PROCEDURE
//----------------------------------------------
0x0003      [41]    _DIO_VidSetPortValue
0x002C       [7]    _____DoICP
0x0033      [59]    _DIO_VidSetPortMode
0x006E      [30]    _SevenSeg_VidDisplayNumber
0x008C       [7]    _SevenSeg_VidInit
0x0093     [133]    _main
//** Variables locations ** 
//ADDRESS    SIZE    VARIABLE
//----------------------------------------------
0x0000       [1]    INDF
0x0002       [1]    PCL
0x0003       [1]    STATUS
0x0004       [1]    FSR
0x000A       [1]    PCLATH
0x0020       [2]    ___DoICPAddr
0x0022       [1]    main_i_L0
0x0023       [1]    FARG_SevenSeg_VidDisplayNumber_Copy_u8Port
0x0023       [1]    FARG_SevenSeg_VidInit_Copy_u8Port
0x0024       [1]    FARG_SevenSeg_VidDisplayNumber_Copy_u8Number
0x0025       [1]    FARG_DIO_VidSetPortMode_Copy_u8Port
0x0025       [1]    FARG_DIO_VidSetPortValue_Copy_u8Port
0x0026       [1]    FARG_DIO_VidSetPortMode_Copy_u8Mode
0x0026       [1]    FARG_DIO_VidSetPortValue_Copy_u8Value
0x0070       [1]    R0
0x0071       [1]    R1
0x0072       [1]    R2
0x0073       [1]    R3
0x0074       [1]    R4
0x0075       [1]    R5
0x0076       [1]    R6
0x0077       [1]    R7
0x0078       [1]    R8
0x0079       [1]    R9
0x007A       [1]    R10
0x007B       [1]    R11
0x007C       [1]    R12
0x007D       [1]    R13
0x007E       [1]    R14
0x007F       [1]    R15
//** Constants locations ** 
//ADDRESS    SIZE    CONSTANT
//----------------------------------------------
0x0118      [10]    _SevenSeg_u87SegArray
